<?xml version="1.0" encoding="UTF-8"?>
<robot generator="Robot 7.3.2 (Python 3.12.5 on darwin)" generated="2025-08-01T00:28:40.127216" rpa="false" schemaversion="5">
<suite id="s1" name="Tests" source="/Users/jodydewet/PycharmProjects/RobotSaucePOC/tests">
<suite id="s1-s1" name="Api" source="/Users/jodydewet/PycharmProjects/RobotSaucePOC/tests/api">
<suite id="s1-s1-s1" name="Browser-Api-Style-Tests" source="/Users/jodydewet/PycharmProjects/RobotSaucePOC/tests/api/browser-api-style-tests.robot">
<kw name="New Browser" owner="Browser" type="SETUP">
<msg time="2025-08-01T00:28:40.414085" level="INFO">{"browser": "chromium", "headless": true, "chromiumSandbox": false, "devtools": false, "handleSIGHUP": true, "handleSIGINT": true, "handleSIGTERM": true, "slowMo": 0.0, "timeout": 30000.0, "tracesDir": "/Users/jodydewet/PycharmProjects/RobotSaucePOC/results/browser/traces/temp/e7a1adc4-318a-4f00-b1a9-9ff6fd8d9398"}</msg>
<msg time="2025-08-01T00:28:40.475251" level="INFO">Starting Browser process /Library/Frameworks/Python.framework/Versions/3.12/lib/python3.12/site-packages/Browser/wrapper/index.js using at 127.0.0.1:51754</msg>
<msg time="2025-08-01T00:28:42.417310" level="INFO">Successfully created browser with options: {"browser":"chromium","headless":true,"chromiumSandbox":false,"devtools":false,"handleSIGHUP":true,"handleSIGINT":true,"handleSIGTERM":true,"slowMo":0,"timeout":30000,"tracesDir":"/Users/jodydewet/PycharmProjects/RobotSaucePOC/results/browser/traces/temp/e7a1adc4-318a-4f00-b1a9-9ff6fd8d9398"}</msg>
<arg>headless=true</arg>
<tag>BrowserControl</tag>
<tag>Setter</tag>
<doc>Create a new playwright Browser with specified options.</doc>
<status status="PASS" start="2025-08-01T00:28:40.412929" elapsed="2.004718"/>
</kw>
<test id="s1-s1-s1-t1" name="API Style - Authentication State Validation" line="10">
<kw name="New Page" owner="Browser" type="SETUP">
<msg time="2025-08-01T00:28:43.375016" level="INFO">Successfully initialized new page object and opened url: https://www.saucedemo.com</msg>
<msg time="2025-08-01T00:28:43.375106" level="INFO">No context was open. New context was automatically opened when this page is created.</msg>
<arg>https://www.saucedemo.com</arg>
<tag>BrowserControl</tag>
<tag>Setter</tag>
<doc>Open a new Page.</doc>
<status status="PASS" start="2025-08-01T00:28:42.422573" elapsed="0.952721"/>
</kw>
<kw name="Get Url" owner="Browser">
<arg>==</arg>
<arg>https://www.saucedemo.com/</arg>
<tag>Assertion</tag>
<tag>Getter</tag>
<tag>PageContent</tag>
<doc>Returns the current URL.</doc>
<status status="PASS" start="2025-08-01T00:28:43.375651" elapsed="0.003419"/>
</kw>
<kw name="Get Element" owner="Browser">
<msg time="2025-08-01T00:28:43.416238" level="INFO">Locator found successfully.</msg>
<arg>id=login-button</arg>
<tag>Getter</tag>
<tag>PageContent</tag>
<doc>Returns a reference to a Playwright [https://playwright.dev/docs/api/class-locator|Locator].</doc>
<status status="PASS" start="2025-08-01T00:28:43.379370" elapsed="0.037063"/>
</kw>
<kw name="Fill Text" owner="Browser">
<msg time="2025-08-01T00:28:43.417306" level="INFO">Fills the text 'standard_user' in the given field.</msg>
<arg>id=user-name</arg>
<arg>standard_user</arg>
<tag>PageContent</tag>
<tag>Setter</tag>
<doc>Clears and fills the given ``txt`` into the text field found by ``selector``.</doc>
<status status="PASS" start="2025-08-01T00:28:43.416709" elapsed="0.040083"/>
</kw>
<kw name="Fill Text" owner="Browser">
<msg time="2025-08-01T00:28:43.457616" level="INFO">Fills the text 'secret_sauce' in the given field.</msg>
<arg>id=password</arg>
<arg>secret_sauce</arg>
<tag>PageContent</tag>
<tag>Setter</tag>
<doc>Clears and fills the given ``txt`` into the text field found by ``selector``.</doc>
<status status="PASS" start="2025-08-01T00:28:43.457054" elapsed="0.067633"/>
</kw>
<kw name="Click" owner="Browser">
<msg time="2025-08-01T00:28:43.525492" level="INFO">Clicks the element 'id=login-button'.</msg>
<arg>id=login-button</arg>
<tag>PageContent</tag>
<tag>Setter</tag>
<doc>Simulates mouse click on the element found by ``selector``.</doc>
<status status="PASS" start="2025-08-01T00:28:43.524959" elapsed="0.065363"/>
</kw>
<kw name="Get Url" owner="Browser">
<arg>==</arg>
<arg>https://www.saucedemo.com/inventory.html</arg>
<tag>Assertion</tag>
<tag>Getter</tag>
<tag>PageContent</tag>
<doc>Returns the current URL.</doc>
<status status="PASS" start="2025-08-01T00:28:43.590597" elapsed="0.003027"/>
</kw>
<kw name="Get Element" owner="Browser">
<msg time="2025-08-01T00:28:43.601729" level="INFO">Locator found successfully.</msg>
<arg>css=.inventory_container</arg>
<tag>Getter</tag>
<tag>PageContent</tag>
<doc>Returns a reference to a Playwright [https://playwright.dev/docs/api/class-locator|Locator].</doc>
<status status="PASS" start="2025-08-01T00:28:43.593892" elapsed="0.008012"/>
</kw>
<kw name="Close Context" owner="Browser" type="TEARDOWN">
<msg time="2025-08-01T00:28:43.606240" level="INFO">Switching browser to CURRENT</msg>
<msg time="2025-08-01T00:28:43.609519" level="INFO">Returned active browser id. CURRENT</msg>
<msg time="2025-08-01T00:28:43.612694" level="INFO">Switching context to CURRENT in CURRENT</msg>
<msg time="2025-08-01T00:28:43.615612" level="INFO">Returned active context id: CURRENT</msg>
<msg time="2025-08-01T00:28:43.616666" level="INFO">Switching context to context=9f97ffd7-813c-4c48-a6d4-065b828ee915 in CURRENT</msg>
<msg time="2025-08-01T00:28:43.622281" level="INFO">Successfully changed active context: context=9f97ffd7-813c-4c48-a6d4-065b828ee915</msg>
<msg time="2025-08-01T00:28:43.691948" level="INFO">Successfully closed Context</msg>
<tag>BrowserControl</tag>
<tag>Setter</tag>
<doc>Closes a Context.</doc>
<status status="PASS" start="2025-08-01T00:28:43.602279" elapsed="0.089848"/>
</kw>
<doc>Test authentication state changes (simulating API behavior)</doc>
<tag>api-style</tag>
<tag>auth</tag>
<tag>state</tag>
<status status="PASS" start="2025-08-01T00:28:42.418199" elapsed="1.274124"/>
</test>
<test id="s1-s1-s1-t2" name="API Style - Product Data Validation" line="24">
<kw name="New Page" owner="Browser" type="SETUP">
<msg time="2025-08-01T00:28:44.576990" level="INFO">Successfully initialized new page object and opened url: https://www.saucedemo.com</msg>
<msg time="2025-08-01T00:28:44.577083" level="INFO">No context was open. New context was automatically opened when this page is created.</msg>
<arg>https://www.saucedemo.com</arg>
<tag>BrowserControl</tag>
<tag>Setter</tag>
<doc>Open a new Page.</doc>
<status status="PASS" start="2025-08-01T00:28:43.698684" elapsed="0.878610"/>
</kw>
<kw name="Fill Text" owner="Browser">
<msg time="2025-08-01T00:28:44.578417" level="INFO">Fills the text 'standard_user' in the given field.</msg>
<arg>id=user-name</arg>
<arg>standard_user</arg>
<tag>PageContent</tag>
<tag>Setter</tag>
<doc>Clears and fills the given ``txt`` into the text field found by ``selector``.</doc>
<status status="PASS" start="2025-08-01T00:28:44.577732" elapsed="0.036292"/>
</kw>
<kw name="Fill Text" owner="Browser">
<msg time="2025-08-01T00:28:44.614871" level="INFO">Fills the text 'secret_sauce' in the given field.</msg>
<arg>id=password</arg>
<arg>secret_sauce</arg>
<tag>PageContent</tag>
<tag>Setter</tag>
<doc>Clears and fills the given ``txt`` into the text field found by ``selector``.</doc>
<status status="PASS" start="2025-08-01T00:28:44.614297" elapsed="0.066464"/>
</kw>
<kw name="Click" owner="Browser">
<msg time="2025-08-01T00:28:44.681555" level="INFO">Clicks the element 'id=login-button'.</msg>
<arg>id=login-button</arg>
<tag>PageContent</tag>
<tag>Setter</tag>
<doc>Simulates mouse click on the element found by ``selector``.</doc>
<status status="PASS" start="2025-08-01T00:28:44.681009" elapsed="0.069572"/>
</kw>
<kw name="Get Elements" owner="Browser">
<msg time="2025-08-01T00:28:44.760974" level="INFO">Found locator('.inventory_item').first(),locator('.inventory_item').nth(1),locator('.inventory_item').nth(2),locator('.inventory_item').nth(3),locator('.inventory_item').nth(4),locator('.inventory_item').nth(5) Locators successfully.</msg>
<msg time="2025-08-01T00:28:44.761267" level="INFO">${products} = ['css=.inventory_item &gt;&gt; nth=0', 'css=.inventory_item &gt;&gt; nth=1', 'css=.inventory_item &gt;&gt; nth=2', 'css=.inventory_item &gt;&gt; nth=3', 'css=.inventory_item &gt;&gt; nth=4', 'css=.inventory_item &gt;&gt; nth=5']</msg>
<var>${products}</var>
<arg>css=.inventory_item</arg>
<tag>Getter</tag>
<tag>PageContent</tag>
<doc>Returns a reference to Playwright [https://playwright.dev/docs/api/class-locator|Locator]
for all matched elements by ``selector``.</doc>
<status status="PASS" start="2025-08-01T00:28:44.750846" elapsed="0.010548"/>
</kw>
<kw name="Get Length" owner="BuiltIn">
<msg time="2025-08-01T00:28:44.761944" level="INFO">Length is 6.</msg>
<msg time="2025-08-01T00:28:44.762054" level="INFO">${product_count} = 6</msg>
<var>${product_count}</var>
<arg>${products}</arg>
<doc>Returns and logs the length of the given item as an integer.</doc>
<status status="PASS" start="2025-08-01T00:28:44.761662" elapsed="0.000429"/>
</kw>
<kw name="Should Be Equal As Numbers" owner="BuiltIn">
<msg time="2025-08-01T00:28:44.762520" level="INFO">Argument types are:
&lt;class 'int'&gt;
&lt;class 'str'&gt;</msg>
<arg>${product_count}</arg>
<arg>6</arg>
<doc>Fails if objects are unequal after converting them to real numbers.</doc>
<status status="PASS" start="2025-08-01T00:28:44.762279" elapsed="0.000337"/>
</kw>
<kw name="Get Text" owner="Browser">
<msg time="2025-08-01T00:28:44.786164" level="INFO">Text: 'Sauce Labs Backpack'</msg>
<msg time="2025-08-01T00:28:44.786331" level="INFO">${first_product_name} = Sauce Labs Backpack</msg>
<var>${first_product_name}</var>
<arg>css=.inventory_item:first-child .inventory_item_name</arg>
<tag>Assertion</tag>
<tag>Getter</tag>
<tag>PageContent</tag>
<doc>Returns text attribute of the element found by ``selector``.</doc>
<status status="PASS" start="2025-08-01T00:28:44.762800" elapsed="0.023572"/>
</kw>
<kw name="Get Text" owner="Browser">
<msg time="2025-08-01T00:28:44.797442" level="INFO">Text: '$29.99'</msg>
<msg time="2025-08-01T00:28:44.797604" level="INFO">${first_product_price} = $29.99</msg>
<var>${first_product_price}</var>
<arg>css=.inventory_item:first-child .inventory_item_price</arg>
<tag>Assertion</tag>
<tag>Getter</tag>
<tag>PageContent</tag>
<doc>Returns text attribute of the element found by ``selector``.</doc>
<status status="PASS" start="2025-08-01T00:28:44.786628" elapsed="0.011016"/>
</kw>
<kw name="Get Text" owner="Browser">
<msg time="2025-08-01T00:28:44.808328" level="INFO">Text: 'carry.allTheThings() with the sleek, streamlined Sly Pack that melds uncompromising style with unequaled laptop and tablet protection.'</msg>
<msg time="2025-08-01T00:28:44.808494" level="INFO">${first_product_desc} = carry.allTheThings() with the sleek, streamlined Sly Pack that melds uncompromising style with unequaled laptop and tablet protection.</msg>
<var>${first_product_desc}</var>
<arg>css=.inventory_item:first-child .inventory_item_desc</arg>
<tag>Assertion</tag>
<tag>Getter</tag>
<tag>PageContent</tag>
<doc>Returns text attribute of the element found by ``selector``.</doc>
<status status="PASS" start="2025-08-01T00:28:44.797923" elapsed="0.010615"/>
</kw>
<kw name="Should Not Be Empty" owner="BuiltIn">
<msg time="2025-08-01T00:28:44.809046" level="INFO">Length is 19.</msg>
<arg>${first_product_name}</arg>
<doc>Verifies that the given item is not empty.</doc>
<status status="PASS" start="2025-08-01T00:28:44.808784" elapsed="0.000325"/>
</kw>
<kw name="Should Match Regexp" owner="BuiltIn">
<arg>${first_product_price}</arg>
<arg>^\\$\\d+\\.\\d{2}$</arg>
<doc>Fails if ``string`` does not match ``pattern`` as a regular expression.</doc>
<status status="PASS" start="2025-08-01T00:28:44.809284" elapsed="0.000438"/>
</kw>
<kw name="Should Not Be Empty" owner="BuiltIn">
<msg time="2025-08-01T00:28:44.810122" level="INFO">Length is 134.</msg>
<arg>${first_product_desc}</arg>
<doc>Verifies that the given item is not empty.</doc>
<status status="PASS" start="2025-08-01T00:28:44.809895" elapsed="0.000289"/>
</kw>
<kw name="Close Context" owner="Browser" type="TEARDOWN">
<msg time="2025-08-01T00:28:44.814071" level="INFO">Switching browser to CURRENT</msg>
<msg time="2025-08-01T00:28:44.816064" level="INFO">Returned active browser id. CURRENT</msg>
<msg time="2025-08-01T00:28:44.818747" level="INFO">Switching context to CURRENT in CURRENT</msg>
<msg time="2025-08-01T00:28:44.822165" level="INFO">Returned active context id: CURRENT</msg>
<msg time="2025-08-01T00:28:44.823012" level="INFO">Switching context to context=8594428e-09e0-4eb5-87d4-f42b868a40f5 in CURRENT</msg>
<msg time="2025-08-01T00:28:44.828388" level="INFO">Successfully changed active context: context=8594428e-09e0-4eb5-87d4-f42b868a40f5</msg>
<msg time="2025-08-01T00:28:44.834781" level="INFO">Successfully closed Context</msg>
<tag>BrowserControl</tag>
<tag>Setter</tag>
<doc>Closes a Context.</doc>
<status status="PASS" start="2025-08-01T00:28:44.810442" elapsed="0.024532"/>
</kw>
<doc>Validate product data structure (simulating API response validation)</doc>
<tag>api-style</tag>
<tag>data</tag>
<tag>products</tag>
<status status="PASS" start="2025-08-01T00:28:43.696387" elapsed="1.138756"/>
</test>
<test id="s1-s1-s1-t3" name="API Style - Cart State Management" line="45">
<kw name="New Page" owner="Browser" type="SETUP">
<msg time="2025-08-01T00:28:45.693912" level="INFO">Successfully initialized new page object and opened url: https://www.saucedemo.com</msg>
<msg time="2025-08-01T00:28:45.694106" level="INFO">No context was open. New context was automatically opened when this page is created.</msg>
<arg>https://www.saucedemo.com</arg>
<tag>BrowserControl</tag>
<tag>Setter</tag>
<doc>Open a new Page.</doc>
<status status="PASS" start="2025-08-01T00:28:44.841334" elapsed="0.852982"/>
</kw>
<kw name="Fill Text" owner="Browser">
<msg time="2025-08-01T00:28:45.695211" level="INFO">Fills the text 'standard_user' in the given field.</msg>
<arg>id=user-name</arg>
<arg>standard_user</arg>
<tag>PageContent</tag>
<tag>Setter</tag>
<doc>Clears and fills the given ``txt`` into the text field found by ``selector``.</doc>
<status status="PASS" start="2025-08-01T00:28:45.694596" elapsed="0.035319"/>
</kw>
<kw name="Fill Text" owner="Browser">
<msg time="2025-08-01T00:28:45.730780" level="INFO">Fills the text 'secret_sauce' in the given field.</msg>
<arg>id=password</arg>
<arg>secret_sauce</arg>
<tag>PageContent</tag>
<tag>Setter</tag>
<doc>Clears and fills the given ``txt`` into the text field found by ``selector``.</doc>
<status status="PASS" start="2025-08-01T00:28:45.730187" elapsed="0.063703"/>
</kw>
<kw name="Click" owner="Browser">
<msg time="2025-08-01T00:28:45.794636" level="INFO">Clicks the element 'id=login-button'.</msg>
<arg>id=login-button</arg>
<tag>PageContent</tag>
<tag>Setter</tag>
<doc>Simulates mouse click on the element found by ``selector``.</doc>
<status status="PASS" start="2025-08-01T00:28:45.794132" elapsed="0.062220"/>
</kw>
<kw name="Run Keyword And Return Status" owner="BuiltIn">
<kw name="Get Element" owner="Browser">
<msg time="2025-08-01T00:28:55.957393" level="INFO" html="true">&lt;/td&gt;&lt;/tr&gt;&lt;tr&gt;&lt;td colspan="3"&gt;&lt;a href="browser/screenshot/fail-screenshot-1.png" target="_blank"&gt;&lt;img src="browser/screenshot/fail-screenshot-1.png" width="800px"/&gt;&lt;/a&gt;</msg>
<msg time="2025-08-01T00:28:55.957517" level="INFO">See also file:///Users/jodydewet/PycharmProjects/RobotSaucePOC/results/playwright-log.txt for additional details.</msg>
<msg time="2025-08-01T00:28:55.957858" level="FAIL">TimeoutError: locator.waitFor: Timeout 10000ms exceeded.
Call log:
  - waiting for locator('.shopping_cart_badge')
</msg>
<arg>css=.shopping_cart_badge</arg>
<tag>Getter</tag>
<tag>PageContent</tag>
<doc>Returns a reference to a Playwright [https://playwright.dev/docs/api/class-locator|Locator].</doc>
<status status="FAIL" start="2025-08-01T00:28:45.857165" elapsed="10.108668">TimeoutError: locator.waitFor: Timeout 10000ms exceeded.
Call log:
  - waiting for locator('.shopping_cart_badge')
</status>
</kw>
<msg time="2025-08-01T00:28:55.966021" level="INFO">${initial_cart_visible} = False</msg>
<var>${initial_cart_visible}</var>
<arg>Get Element</arg>
<arg>css=.shopping_cart_badge</arg>
<doc>Runs the given keyword with given arguments and returns the status as a Boolean value.</doc>
<status status="PASS" start="2025-08-01T00:28:45.856761" elapsed="10.109295"/>
</kw>
<kw name="Should Be Equal" owner="BuiltIn">
<arg>${initial_cart_visible}</arg>
<arg>${False}</arg>
<doc>Fails if the given objects are unequal.</doc>
<status status="PASS" start="2025-08-01T00:28:55.966305" elapsed="0.000410"/>
</kw>
<kw name="Click" owner="Browser">
<msg time="2025-08-01T00:28:55.967358" level="INFO">Clicks the element 'id=add-to-cart-sauce-labs-backpack'.</msg>
<arg>id=add-to-cart-sauce-labs-backpack</arg>
<tag>PageContent</tag>
<tag>Setter</tag>
<doc>Simulates mouse click on the element found by ``selector``.</doc>
<status status="PASS" start="2025-08-01T00:28:55.966888" elapsed="0.041683"/>
</kw>
<kw name="Get Text" owner="Browser">
<msg time="2025-08-01T00:28:56.048492" level="INFO">Text: '1'</msg>
<msg time="2025-08-01T00:28:56.048655" level="INFO">${cart_badge} = 1</msg>
<var>${cart_badge}</var>
<arg>css=.shopping_cart_badge</arg>
<tag>Assertion</tag>
<tag>Getter</tag>
<tag>PageContent</tag>
<doc>Returns text attribute of the element found by ``selector``.</doc>
<status status="PASS" start="2025-08-01T00:28:56.008845" elapsed="0.039851"/>
</kw>
<kw name="Should Be Equal" owner="BuiltIn">
<arg>${cart_badge}</arg>
<arg>1</arg>
<doc>Fails if the given objects are unequal.</doc>
<status status="PASS" start="2025-08-01T00:28:56.048947" elapsed="0.000344"/>
</kw>
<kw name="Click" owner="Browser">
<msg time="2025-08-01T00:28:56.050013" level="INFO">Clicks the element 'css=.shopping_cart_link'.</msg>
<arg>css=.shopping_cart_link</arg>
<tag>PageContent</tag>
<tag>Setter</tag>
<doc>Simulates mouse click on the element found by ``selector``.</doc>
<status status="PASS" start="2025-08-01T00:28:56.049505" elapsed="0.047555"/>
</kw>
<kw name="Get Url" owner="Browser">
<arg>==</arg>
<arg>https://www.saucedemo.com/cart.html</arg>
<tag>Assertion</tag>
<tag>Getter</tag>
<tag>PageContent</tag>
<doc>Returns the current URL.</doc>
<status status="PASS" start="2025-08-01T00:28:56.097332" elapsed="0.002466"/>
</kw>
<kw name="Get Text" owner="Browser">
<msg time="2025-08-01T00:28:56.111947" level="INFO">Text: 'Sauce Labs Backpack'</msg>
<msg time="2025-08-01T00:28:56.112115" level="INFO">${cart_item_name} = Sauce Labs Backpack</msg>
<var>${cart_item_name}</var>
<arg>css=.inventory_item_name</arg>
<tag>Assertion</tag>
<tag>Getter</tag>
<tag>PageContent</tag>
<doc>Returns text attribute of the element found by ``selector``.</doc>
<status status="PASS" start="2025-08-01T00:28:56.100060" elapsed="0.012096"/>
</kw>
<kw name="Should Be Equal" owner="BuiltIn">
<arg>${cart_item_name}</arg>
<arg>Sauce Labs Backpack</arg>
<doc>Fails if the given objects are unequal.</doc>
<status status="PASS" start="2025-08-01T00:28:56.112544" elapsed="0.000678"/>
</kw>
<kw name="Close Context" owner="Browser" type="TEARDOWN">
<msg time="2025-08-01T00:28:56.117586" level="INFO">Switching browser to CURRENT</msg>
<msg time="2025-08-01T00:28:56.120360" level="INFO">Returned active browser id. CURRENT</msg>
<msg time="2025-08-01T00:28:56.123071" level="INFO">Switching context to CURRENT in CURRENT</msg>
<msg time="2025-08-01T00:28:56.125256" level="INFO">Returned active context id: CURRENT</msg>
<msg time="2025-08-01T00:28:56.126111" level="INFO">Switching context to context=d8231990-df79-43b2-a1e0-62c2e265d192 in CURRENT</msg>
<msg time="2025-08-01T00:28:56.131587" level="INFO">Successfully changed active context: context=d8231990-df79-43b2-a1e0-62c2e265d192</msg>
<msg time="2025-08-01T00:28:56.138829" level="INFO">Successfully closed Context</msg>
<tag>BrowserControl</tag>
<tag>Setter</tag>
<doc>Closes a Context.</doc>
<status status="PASS" start="2025-08-01T00:28:56.113617" elapsed="0.025398"/>
</kw>
<doc>Test cart state changes (simulating cart API calls)</doc>
<tag>api-style</tag>
<tag>cart</tag>
<tag>state</tag>
<status status="PASS" start="2025-08-01T00:28:44.839226" elapsed="11.299947"/>
</test>
<test id="s1-s1-s1-t4" name="API Style - Checkout Process Validation" line="67">
<kw name="New Page" owner="Browser" type="SETUP">
<msg time="2025-08-01T00:28:57.032545" level="INFO">Successfully initialized new page object and opened url: https://www.saucedemo.com</msg>
<msg time="2025-08-01T00:28:57.032729" level="INFO">No context was open. New context was automatically opened when this page is created.</msg>
<arg>https://www.saucedemo.com</arg>
<tag>BrowserControl</tag>
<tag>Setter</tag>
<doc>Open a new Page.</doc>
<status status="PASS" start="2025-08-01T00:28:56.145609" elapsed="0.887408"/>
</kw>
<kw name="Fill Text" owner="Browser">
<msg time="2025-08-01T00:28:57.034184" level="INFO">Fills the text 'standard_user' in the given field.</msg>
<arg>id=user-name</arg>
<arg>standard_user</arg>
<tag>PageContent</tag>
<tag>Setter</tag>
<doc>Clears and fills the given ``txt`` into the text field found by ``selector``.</doc>
<status status="PASS" start="2025-08-01T00:28:57.033540" elapsed="0.037467"/>
</kw>
<kw name="Fill Text" owner="Browser">
<msg time="2025-08-01T00:28:57.072218" level="INFO">Fills the text 'secret_sauce' in the given field.</msg>
<arg>id=password</arg>
<arg>secret_sauce</arg>
<tag>PageContent</tag>
<tag>Setter</tag>
<doc>Clears and fills the given ``txt`` into the text field found by ``selector``.</doc>
<status status="PASS" start="2025-08-01T00:28:57.071375" elapsed="0.069301"/>
</kw>
<kw name="Click" owner="Browser">
<msg time="2025-08-01T00:28:57.141440" level="INFO">Clicks the element 'id=login-button'.</msg>
<arg>id=login-button</arg>
<tag>PageContent</tag>
<tag>Setter</tag>
<doc>Simulates mouse click on the element found by ``selector``.</doc>
<status status="PASS" start="2025-08-01T00:28:57.140916" elapsed="0.059104"/>
</kw>
<kw name="Click" owner="Browser">
<msg time="2025-08-01T00:28:57.200814" level="INFO">Clicks the element 'id=add-to-cart-sauce-labs-backpack'.</msg>
<arg>id=add-to-cart-sauce-labs-backpack</arg>
<tag>PageContent</tag>
<tag>Setter</tag>
<doc>Simulates mouse click on the element found by ``selector``.</doc>
<status status="PASS" start="2025-08-01T00:28:57.200278" elapsed="0.041164"/>
</kw>
<kw name="Click" owner="Browser">
<msg time="2025-08-01T00:28:57.242260" level="INFO">Clicks the element 'css=.shopping_cart_link'.</msg>
<arg>css=.shopping_cart_link</arg>
<tag>PageContent</tag>
<tag>Setter</tag>
<doc>Simulates mouse click on the element found by ``selector``.</doc>
<status status="PASS" start="2025-08-01T00:28:57.241702" elapsed="0.036292"/>
</kw>
<kw name="Click" owner="Browser">
<msg time="2025-08-01T00:28:57.278882" level="INFO">Clicks the element 'id=checkout'.</msg>
<arg>id=checkout</arg>
<tag>PageContent</tag>
<tag>Setter</tag>
<doc>Simulates mouse click on the element found by ``selector``.</doc>
<status status="PASS" start="2025-08-01T00:28:57.278251" elapsed="0.051038"/>
</kw>
<kw name="Get Url" owner="Browser">
<arg>==</arg>
<arg>https://www.saucedemo.com/checkout-step-one.html</arg>
<tag>Assertion</tag>
<tag>Getter</tag>
<tag>PageContent</tag>
<doc>Returns the current URL.</doc>
<status status="PASS" start="2025-08-01T00:28:57.329551" elapsed="0.002238"/>
</kw>
<kw name="Get Element" owner="Browser">
<msg time="2025-08-01T00:28:57.337470" level="INFO">Locator found successfully.</msg>
<arg>id=first-name</arg>
<tag>Getter</tag>
<tag>PageContent</tag>
<doc>Returns a reference to a Playwright [https://playwright.dev/docs/api/class-locator|Locator].</doc>
<status status="PASS" start="2025-08-01T00:28:57.332011" elapsed="0.005665"/>
</kw>
<kw name="Get Element" owner="Browser">
<msg time="2025-08-01T00:28:57.342395" level="INFO">Locator found successfully.</msg>
<arg>id=last-name</arg>
<tag>Getter</tag>
<tag>PageContent</tag>
<doc>Returns a reference to a Playwright [https://playwright.dev/docs/api/class-locator|Locator].</doc>
<status status="PASS" start="2025-08-01T00:28:57.337955" elapsed="0.004604"/>
</kw>
<kw name="Get Element" owner="Browser">
<msg time="2025-08-01T00:28:57.347104" level="INFO">Locator found successfully.</msg>
<arg>id=postal-code</arg>
<tag>Getter</tag>
<tag>PageContent</tag>
<doc>Returns a reference to a Playwright [https://playwright.dev/docs/api/class-locator|Locator].</doc>
<status status="PASS" start="2025-08-01T00:28:57.342799" elapsed="0.004474"/>
</kw>
<kw name="Fill Text" owner="Browser">
<msg time="2025-08-01T00:28:57.348167" level="INFO">Fills the text 'John' in the given field.</msg>
<arg>id=first-name</arg>
<arg>John</arg>
<tag>PageContent</tag>
<tag>Setter</tag>
<doc>Clears and fills the given ``txt`` into the text field found by ``selector``.</doc>
<status status="PASS" start="2025-08-01T00:28:57.347522" elapsed="0.008709"/>
</kw>
<kw name="Fill Text" owner="Browser">
<msg time="2025-08-01T00:28:57.357088" level="INFO">Fills the text 'Doe' in the given field.</msg>
<arg>id=last-name</arg>
<arg>Doe</arg>
<tag>PageContent</tag>
<tag>Setter</tag>
<doc>Clears and fills the given ``txt`` into the text field found by ``selector``.</doc>
<status status="PASS" start="2025-08-01T00:28:57.356495" elapsed="0.008845"/>
</kw>
<kw name="Fill Text" owner="Browser">
<msg time="2025-08-01T00:28:57.366196" level="INFO">Fills the text '12345' in the given field.</msg>
<arg>id=postal-code</arg>
<arg>12345</arg>
<tag>PageContent</tag>
<tag>Setter</tag>
<doc>Clears and fills the given ``txt`` into the text field found by ``selector``.</doc>
<status status="PASS" start="2025-08-01T00:28:57.365617" elapsed="0.008608"/>
</kw>
<kw name="Click" owner="Browser">
<msg time="2025-08-01T00:28:57.375063" level="INFO">Clicks the element 'id=continue'.</msg>
<arg>id=continue</arg>
<tag>PageContent</tag>
<tag>Setter</tag>
<doc>Simulates mouse click on the element found by ``selector``.</doc>
<status status="PASS" start="2025-08-01T00:28:57.374494" elapsed="0.037140"/>
</kw>
<kw name="Get Url" owner="Browser">
<arg>==</arg>
<arg>https://www.saucedemo.com/checkout-step-two.html</arg>
<tag>Assertion</tag>
<tag>Getter</tag>
<tag>PageContent</tag>
<doc>Returns the current URL.</doc>
<status status="PASS" start="2025-08-01T00:28:57.411917" elapsed="0.002375"/>
</kw>
<kw name="Get Text" owner="Browser">
<msg time="2025-08-01T00:28:57.435661" level="INFO">Text: 'Total: $32.39'</msg>
<msg time="2025-08-01T00:28:57.435829" level="INFO">${summary_total} = Total: $32.39</msg>
<var>${summary_total}</var>
<arg>css=.summary_total_label</arg>
<tag>Assertion</tag>
<tag>Getter</tag>
<tag>PageContent</tag>
<doc>Returns text attribute of the element found by ``selector``.</doc>
<status status="PASS" start="2025-08-01T00:28:57.414529" elapsed="0.021341"/>
</kw>
<kw name="Should Contain" owner="BuiltIn">
<arg>${summary_total}</arg>
<arg>Total:</arg>
<doc>Fails if ``container`` does not contain ``item`` one or more times.</doc>
<status status="PASS" start="2025-08-01T00:28:57.436160" elapsed="0.000317"/>
</kw>
<kw name="Click" owner="Browser">
<msg time="2025-08-01T00:28:57.437202" level="INFO">Clicks the element 'id=finish'.</msg>
<arg>id=finish</arg>
<tag>PageContent</tag>
<tag>Setter</tag>
<doc>Simulates mouse click on the element found by ``selector``.</doc>
<status status="PASS" start="2025-08-01T00:28:57.436669" elapsed="0.039825"/>
</kw>
<kw name="Get Url" owner="Browser">
<arg>==</arg>
<arg>https://www.saucedemo.com/checkout-complete.html</arg>
<tag>Assertion</tag>
<tag>Getter</tag>
<tag>PageContent</tag>
<doc>Returns the current URL.</doc>
<status status="PASS" start="2025-08-01T00:28:57.476781" elapsed="0.002439"/>
</kw>
<kw name="Get Element" owner="Browser">
<msg time="2025-08-01T00:28:57.485211" level="INFO">Locator found successfully.</msg>
<arg>css=.complete-header</arg>
<tag>Getter</tag>
<tag>PageContent</tag>
<doc>Returns a reference to a Playwright [https://playwright.dev/docs/api/class-locator|Locator].</doc>
<status status="PASS" start="2025-08-01T00:28:57.479482" elapsed="0.005910"/>
</kw>
<kw name="Close Context" owner="Browser" type="TEARDOWN">
<msg time="2025-08-01T00:28:57.489283" level="INFO">Switching browser to CURRENT</msg>
<msg time="2025-08-01T00:28:57.491782" level="INFO">Returned active browser id. CURRENT</msg>
<msg time="2025-08-01T00:28:57.495180" level="INFO">Switching context to CURRENT in CURRENT</msg>
<msg time="2025-08-01T00:28:57.497406" level="INFO">Returned active context id: CURRENT</msg>
<msg time="2025-08-01T00:28:57.498213" level="INFO">Switching context to context=229c9163-9c66-4471-860c-55cff901448c in CURRENT</msg>
<msg time="2025-08-01T00:28:57.503045" level="INFO">Successfully changed active context: context=229c9163-9c66-4471-860c-55cff901448c</msg>
<msg time="2025-08-01T00:28:57.509994" level="INFO">Successfully closed Context</msg>
<tag>BrowserControl</tag>
<tag>Setter</tag>
<doc>Closes a Context.</doc>
<status status="PASS" start="2025-08-01T00:28:57.485751" elapsed="0.024687"/>
</kw>
<doc>Test checkout flow (simulating checkout API calls)</doc>
<tag>api-style</tag>
<tag>checkout</tag>
<tag>flow</tag>
<status status="PASS" start="2025-08-01T00:28:56.142925" elapsed="1.367751"/>
</test>
<kw name="Close Browser" owner="Browser" type="TEARDOWN">
<msg time="2025-08-01T00:28:57.548042" level="INFO">Closed all browsers</msg>
<arg>ALL</arg>
<tag>BrowserControl</tag>
<tag>Setter</tag>
<doc>Closes the current browser.</doc>
<status status="PASS" start="2025-08-01T00:28:57.514920" elapsed="0.033307"/>
</kw>
<doc>API-style tests using browser automation to test application state</doc>
<status status="PASS" start="2025-08-01T00:28:40.181660" elapsed="17.366663"/>
</suite>
<suite id="s1-s1-s2" name="Data-Validation-Tests" source="/Users/jodydewet/PycharmProjects/RobotSaucePOC/tests/api/data-validation-tests.robot">
<kw name="Setup Browser And Login" type="SETUP">
<kw name="New Browser" owner="Browser">
<msg time="2025-08-01T00:28:57.575202" level="INFO">{"browser": "chromium", "headless": true, "chromiumSandbox": false, "devtools": false, "handleSIGHUP": true, "handleSIGINT": true, "handleSIGTERM": true, "slowMo": 0.0, "timeout": 30000.0, "tracesDir": "/Users/jodydewet/PycharmProjects/RobotSaucePOC/results/browser/traces/temp/03741cb1-c988-42b9-8b40-20c82c91178d"}</msg>
<msg time="2025-08-01T00:28:57.742547" level="INFO">Successfully created browser with options: {"browser":"chromium","headless":true,"chromiumSandbox":false,"devtools":false,"handleSIGHUP":true,"handleSIGINT":true,"handleSIGTERM":true,"slowMo":0,"timeout":30000,"tracesDir":"/Users/jodydewet/PycharmProjects/RobotSaucePOC/results/browser/traces/temp/03741cb1-c988-42b9-8b40-20c82c91178d"}</msg>
<arg>headless=true</arg>
<tag>BrowserControl</tag>
<tag>Setter</tag>
<doc>Create a new playwright Browser with specified options.</doc>
<status status="PASS" start="2025-08-01T00:28:57.574417" elapsed="0.168447"/>
</kw>
<kw name="New Page" owner="Browser">
<msg time="2025-08-01T00:28:58.706260" level="INFO">Successfully initialized new page object and opened url: https://www.saucedemo.com</msg>
<msg time="2025-08-01T00:28:58.706345" level="INFO">No context was open. New context was automatically opened when this page is created.</msg>
<arg>https://www.saucedemo.com</arg>
<tag>BrowserControl</tag>
<tag>Setter</tag>
<doc>Open a new Page.</doc>
<status status="PASS" start="2025-08-01T00:28:57.743154" elapsed="0.963350"/>
</kw>
<kw name="Fill Text" owner="Browser">
<msg time="2025-08-01T00:28:58.707327" level="INFO">Fills the text 'standard_user' in the given field.</msg>
<arg>id=user-name</arg>
<arg>standard_user</arg>
<tag>PageContent</tag>
<tag>Setter</tag>
<doc>Clears and fills the given ``txt`` into the text field found by ``selector``.</doc>
<status status="PASS" start="2025-08-01T00:28:58.706719" elapsed="0.061759"/>
</kw>
<kw name="Fill Text" owner="Browser">
<msg time="2025-08-01T00:28:58.769551" level="INFO">Fills the text 'secret_sauce' in the given field.</msg>
<arg>id=password</arg>
<arg>secret_sauce</arg>
<tag>PageContent</tag>
<tag>Setter</tag>
<doc>Clears and fills the given ``txt`` into the text field found by ``selector``.</doc>
<status status="PASS" start="2025-08-01T00:28:58.768698" elapsed="0.133984"/>
</kw>
<kw name="Click" owner="Browser">
<msg time="2025-08-01T00:28:58.903436" level="INFO">Clicks the element 'id=login-button'.</msg>
<arg>id=login-button</arg>
<tag>PageContent</tag>
<tag>Setter</tag>
<doc>Simulates mouse click on the element found by ``selector``.</doc>
<status status="PASS" start="2025-08-01T00:28:58.902885" elapsed="0.069264"/>
</kw>
<kw name="Close Page" owner="Browser">
<msg time="2025-08-01T00:28:58.975619" level="INFO">Switching browser to CURRENT</msg>
<msg time="2025-08-01T00:28:58.977651" level="INFO">Returned active browser id. CURRENT</msg>
<msg time="2025-08-01T00:28:58.978543" level="INFO">Switching browser to browser=f04e2f79-983d-4d83-9043-c36f9409e3d8</msg>
<msg time="2025-08-01T00:28:58.980981" level="INFO">Successfully changed active browser: browser=f04e2f79-983d-4d83-9043-c36f9409e3d8</msg>
<msg time="2025-08-01T00:28:58.981109" level="INFO">Switching context to CURRENT in CURRENT</msg>
<msg time="2025-08-01T00:28:58.983129" level="INFO">Returned active context id: CURRENT</msg>
<msg time="2025-08-01T00:28:58.983248" level="INFO">Switching context to context=0d911cf8-d097-4762-9d6d-1628d5f01630 in CURRENT</msg>
<msg time="2025-08-01T00:28:58.988110" level="INFO">Successfully changed active context: context=0d911cf8-d097-4762-9d6d-1628d5f01630</msg>
<msg time="2025-08-01T00:28:58.991778" level="INFO">Successfully closed Page with runBeforeUnload false</msg>
<tag>BrowserControl</tag>
<tag>Setter</tag>
<doc>Closes the ``page`` in ``context`` in ``browser``.</doc>
<status status="PASS" start="2025-08-01T00:28:58.972354" elapsed="0.019612"/>
</kw>
<status status="PASS" start="2025-08-01T00:28:57.573921" elapsed="1.418176"/>
</kw>
<test id="s1-s1-s2-t1" name="Data Validation - Product Schema" line="26">
<kw name="New Page" owner="Browser" type="SETUP">
<msg time="2025-08-01T00:28:59.206614" level="INFO">Successfully initialized new page object and opened url: https://www.saucedemo.com</msg>
<arg>https://www.saucedemo.com</arg>
<tag>BrowserControl</tag>
<tag>Setter</tag>
<doc>Open a new Page.</doc>
<status status="PASS" start="2025-08-01T00:28:58.994739" elapsed="0.212124"/>
</kw>
<kw name="Login As Standard User For Test">
<kw name="Fill Text" owner="Browser">
<msg time="2025-08-01T00:28:59.208168" level="INFO">Fills the text 'standard_user' in the given field.</msg>
<arg>id=user-name</arg>
<arg>standard_user</arg>
<tag>PageContent</tag>
<tag>Setter</tag>
<doc>Clears and fills the given ``txt`` into the text field found by ``selector``.</doc>
<status status="PASS" start="2025-08-01T00:28:59.207672" elapsed="0.029985"/>
</kw>
<kw name="Fill Text" owner="Browser">
<msg time="2025-08-01T00:28:59.238427" level="INFO">Fills the text 'secret_sauce' in the given field.</msg>
<arg>id=password</arg>
<arg>secret_sauce</arg>
<tag>PageContent</tag>
<tag>Setter</tag>
<doc>Clears and fills the given ``txt`` into the text field found by ``selector``.</doc>
<status status="PASS" start="2025-08-01T00:28:59.237870" elapsed="0.056504"/>
</kw>
<kw name="Click" owner="Browser">
<msg time="2025-08-01T00:28:59.295132" level="INFO">Clicks the element 'id=login-button'.</msg>
<arg>id=login-button</arg>
<tag>PageContent</tag>
<tag>Setter</tag>
<doc>Simulates mouse click on the element found by ``selector``.</doc>
<status status="PASS" start="2025-08-01T00:28:59.294555" elapsed="0.077532"/>
</kw>
<status status="PASS" start="2025-08-01T00:28:59.207206" elapsed="0.165038"/>
</kw>
<kw name="Get Elements" owner="Browser">
<msg time="2025-08-01T00:28:59.380187" level="INFO">Found locator('.inventory_item').first(),locator('.inventory_item').nth(1),locator('.inventory_item').nth(2),locator('.inventory_item').nth(3),locator('.inventory_item').nth(4),locator('.inventory_item').nth(5) Locators successfully.</msg>
<msg time="2025-08-01T00:28:59.380459" level="INFO">${products} = ['css=.inventory_item &gt;&gt; nth=0', 'css=.inventory_item &gt;&gt; nth=1', 'css=.inventory_item &gt;&gt; nth=2', 'css=.inventory_item &gt;&gt; nth=3', 'css=.inventory_item &gt;&gt; nth=4', 'css=.inventory_item &gt;&gt; nth=5']</msg>
<var>${products}</var>
<arg>css=.inventory_item</arg>
<tag>Getter</tag>
<tag>PageContent</tag>
<doc>Returns a reference to Playwright [https://playwright.dev/docs/api/class-locator|Locator]
for all matched elements by ``selector``.</doc>
<status status="PASS" start="2025-08-01T00:28:59.372472" elapsed="0.008033"/>
</kw>
<for flavor="IN">
<iter>
<kw name="Get Element" owner="Browser">
<msg time="2025-08-01T00:28:59.386271" level="INFO">Locator found successfully.</msg>
<msg time="2025-08-01T00:28:59.386512" level="INFO">${name_element} = css=.inventory_item &gt;&gt; nth=0 &gt;&gt; css=.inventory_item_name</msg>
<var>${name_element}</var>
<arg>${product} &gt;&gt; css=.inventory_item_name</arg>
<tag>Getter</tag>
<tag>PageContent</tag>
<doc>Returns a reference to a Playwright [https://playwright.dev/docs/api/class-locator|Locator].</doc>
<status status="PASS" start="2025-08-01T00:28:59.381320" elapsed="0.005238"/>
</kw>
<kw name="Get Element" owner="Browser">
<msg time="2025-08-01T00:28:59.391675" level="INFO">Locator found successfully.</msg>
<msg time="2025-08-01T00:28:59.391960" level="INFO">${price_element} = css=.inventory_item &gt;&gt; nth=0 &gt;&gt; css=.inventory_item_price</msg>
<var>${price_element}</var>
<arg>${product} &gt;&gt; css=.inventory_item_price</arg>
<tag>Getter</tag>
<tag>PageContent</tag>
<doc>Returns a reference to a Playwright [https://playwright.dev/docs/api/class-locator|Locator].</doc>
<status status="PASS" start="2025-08-01T00:28:59.386766" elapsed="0.005250"/>
</kw>
<kw name="Get Element" owner="Browser">
<msg time="2025-08-01T00:28:59.397005" level="INFO">Locator found successfully.</msg>
<msg time="2025-08-01T00:28:59.397233" level="INFO">${desc_element} = css=.inventory_item &gt;&gt; nth=0 &gt;&gt; css=.inventory_item_desc</msg>
<var>${desc_element}</var>
<arg>${product} &gt;&gt; css=.inventory_item_desc</arg>
<tag>Getter</tag>
<tag>PageContent</tag>
<doc>Returns a reference to a Playwright [https://playwright.dev/docs/api/class-locator|Locator].</doc>
<status status="PASS" start="2025-08-01T00:28:59.392226" elapsed="0.005052"/>
</kw>
<kw name="Get Element" owner="Browser">
<msg time="2025-08-01T00:28:59.401982" level="INFO">Locator found successfully.</msg>
<msg time="2025-08-01T00:28:59.402211" level="INFO">${img_element} = css=.inventory_item &gt;&gt; nth=0 &gt;&gt; css=img</msg>
<var>${img_element}</var>
<arg>${product} &gt;&gt; css=img</arg>
<tag>Getter</tag>
<tag>PageContent</tag>
<doc>Returns a reference to a Playwright [https://playwright.dev/docs/api/class-locator|Locator].</doc>
<status status="PASS" start="2025-08-01T00:28:59.397481" elapsed="0.004776"/>
</kw>
<kw name="Get Text" owner="Browser">
<msg time="2025-08-01T00:28:59.421394" level="INFO">Text: 'Sauce Labs Backpack'</msg>
<msg time="2025-08-01T00:28:59.421559" level="INFO">${name} = Sauce Labs Backpack</msg>
<var>${name}</var>
<arg>${name_element}</arg>
<tag>Assertion</tag>
<tag>Getter</tag>
<tag>PageContent</tag>
<doc>Returns text attribute of the element found by ``selector``.</doc>
<status status="PASS" start="2025-08-01T00:28:59.402463" elapsed="0.019138"/>
</kw>
<kw name="Get Text" owner="Browser">
<msg time="2025-08-01T00:28:59.431467" level="INFO">Text: '$29.99'</msg>
<msg time="2025-08-01T00:28:59.431627" level="INFO">${price} = $29.99</msg>
<var>${price}</var>
<arg>${price_element}</arg>
<tag>Assertion</tag>
<tag>Getter</tag>
<tag>PageContent</tag>
<doc>Returns text attribute of the element found by ``selector``.</doc>
<status status="PASS" start="2025-08-01T00:28:59.421807" elapsed="0.009860"/>
</kw>
<kw name="Get Text" owner="Browser">
<msg time="2025-08-01T00:28:59.441232" level="INFO">Text: 'carry.allTheThings() with the sleek, streamlined Sly Pack that melds uncompromising style with unequaled laptop and tablet protection.'</msg>
<msg time="2025-08-01T00:28:59.441391" level="INFO">${description} = carry.allTheThings() with the sleek, streamlined Sly Pack that melds uncompromising style with unequaled laptop and tablet protection.</msg>
<var>${description}</var>
<arg>${desc_element}</arg>
<tag>Assertion</tag>
<tag>Getter</tag>
<tag>PageContent</tag>
<doc>Returns text attribute of the element found by ``selector``.</doc>
<status status="PASS" start="2025-08-01T00:28:59.431869" elapsed="0.009562"/>
</kw>
<kw name="Get Property" owner="Browser">
<msg time="2025-08-01T00:28:59.449611" level="INFO">Property: 'https://www.saucedemo.com/static/media/sauce-backpack-1200x1500.0a0b85a3.jpg'</msg>
<msg time="2025-08-01T00:28:59.449764" level="INFO">${img_src} = https://www.saucedemo.com/static/media/sauce-backpack-1200x1500.0a0b85a3.jpg</msg>
<var>${img_src}</var>
<arg>${img_element}</arg>
<arg>src</arg>
<tag>Assertion</tag>
<tag>Getter</tag>
<tag>PageContent</tag>
<doc>Returns the ``property`` of the element found by ``selector``.</doc>
<status status="PASS" start="2025-08-01T00:28:59.441634" elapsed="0.008235"/>
</kw>
<kw name="Should Not Be Empty" owner="BuiltIn">
<msg time="2025-08-01T00:28:59.450314" level="INFO">Length is 19.</msg>
<arg>${name}</arg>
<doc>Verifies that the given item is not empty.</doc>
<status status="PASS" start="2025-08-01T00:28:59.450063" elapsed="0.000314"/>
</kw>
<kw name="Should Match Regexp" owner="BuiltIn">
<arg>${price}</arg>
<arg>^\\$\\d+\\.\\d{2}$</arg>
<doc>Fails if ``string`` does not match ``pattern`` as a regular expression.</doc>
<status status="PASS" start="2025-08-01T00:28:59.450511" elapsed="0.000248"/>
</kw>
<kw name="Should Not Be Empty" owner="BuiltIn">
<msg time="2025-08-01T00:28:59.451094" level="INFO">Length is 134.</msg>
<arg>${description}</arg>
<doc>Verifies that the given item is not empty.</doc>
<status status="PASS" start="2025-08-01T00:28:59.450892" elapsed="0.000261"/>
</kw>
<kw name="Should Contain" owner="BuiltIn">
<arg>${img_src}</arg>
<arg>.jpg</arg>
<doc>Fails if ``container`` does not contain ``item`` one or more times.</doc>
<status status="PASS" start="2025-08-01T00:28:59.451283" elapsed="0.000226"/>
</kw>
<var name="${product}">css=.inventory_item &gt;&gt; nth=0</var>
<status status="PASS" start="2025-08-01T00:28:59.381102" elapsed="0.070473"/>
</iter>
<iter>
<kw name="Get Element" owner="Browser">
<msg time="2025-08-01T00:28:59.456413" level="INFO">Locator found successfully.</msg>
<msg time="2025-08-01T00:28:59.456615" level="INFO">${name_element} = css=.inventory_item &gt;&gt; nth=1 &gt;&gt; css=.inventory_item_name</msg>
<var>${name_element}</var>
<arg>${product} &gt;&gt; css=.inventory_item_name</arg>
<tag>Getter</tag>
<tag>PageContent</tag>
<doc>Returns a reference to a Playwright [https://playwright.dev/docs/api/class-locator|Locator].</doc>
<status status="PASS" start="2025-08-01T00:28:59.451962" elapsed="0.004694"/>
</kw>
<kw name="Get Element" owner="Browser">
<msg time="2025-08-01T00:28:59.461223" level="INFO">Locator found successfully.</msg>
<msg time="2025-08-01T00:28:59.461426" level="INFO">${price_element} = css=.inventory_item &gt;&gt; nth=1 &gt;&gt; css=.inventory_item_price</msg>
<var>${price_element}</var>
<arg>${product} &gt;&gt; css=.inventory_item_price</arg>
<tag>Getter</tag>
<tag>PageContent</tag>
<doc>Returns a reference to a Playwright [https://playwright.dev/docs/api/class-locator|Locator].</doc>
<status status="PASS" start="2025-08-01T00:28:59.456840" elapsed="0.004628"/>
</kw>
<kw name="Get Element" owner="Browser">
<msg time="2025-08-01T00:28:59.465864" level="INFO">Locator found successfully.</msg>
<msg time="2025-08-01T00:28:59.466066" level="INFO">${desc_element} = css=.inventory_item &gt;&gt; nth=1 &gt;&gt; css=.inventory_item_desc</msg>
<var>${desc_element}</var>
<arg>${product} &gt;&gt; css=.inventory_item_desc</arg>
<tag>Getter</tag>
<tag>PageContent</tag>
<doc>Returns a reference to a Playwright [https://playwright.dev/docs/api/class-locator|Locator].</doc>
<status status="PASS" start="2025-08-01T00:28:59.461658" elapsed="0.004449"/>
</kw>
<kw name="Get Element" owner="Browser">
<msg time="2025-08-01T00:28:59.470859" level="INFO">Locator found successfully.</msg>
<msg time="2025-08-01T00:28:59.471074" level="INFO">${img_element} = css=.inventory_item &gt;&gt; nth=1 &gt;&gt; css=img</msg>
<var>${img_element}</var>
<arg>${product} &gt;&gt; css=img</arg>
<tag>Getter</tag>
<tag>PageContent</tag>
<doc>Returns a reference to a Playwright [https://playwright.dev/docs/api/class-locator|Locator].</doc>
<status status="PASS" start="2025-08-01T00:28:59.466293" elapsed="0.004822"/>
</kw>
<kw name="Get Text" owner="Browser">
<msg time="2025-08-01T00:28:59.480105" level="INFO">Text: 'Sauce Labs Bike Light'</msg>
<msg time="2025-08-01T00:28:59.480258" level="INFO">${name} = Sauce Labs Bike Light</msg>
<var>${name}</var>
<arg>${name_element}</arg>
<tag>Assertion</tag>
<tag>Getter</tag>
<tag>PageContent</tag>
<doc>Returns text attribute of the element found by ``selector``.</doc>
<status status="PASS" start="2025-08-01T00:28:59.471309" elapsed="0.008987"/>
</kw>
<kw name="Get Text" owner="Browser">
<msg time="2025-08-01T00:28:59.489583" level="INFO">Text: '$9.99'</msg>
<msg time="2025-08-01T00:28:59.489736" level="INFO">${price} = $9.99</msg>
<var>${price}</var>
<arg>${price_element}</arg>
<tag>Assertion</tag>
<tag>Getter</tag>
<tag>PageContent</tag>
<doc>Returns text attribute of the element found by ``selector``.</doc>
<status status="PASS" start="2025-08-01T00:28:59.480487" elapsed="0.009288"/>
</kw>
<kw name="Get Text" owner="Browser">
<msg time="2025-08-01T00:28:59.498235" level="INFO">Text: "A red light isn't the desired state in testing but it sure helps when riding your bike at night. Water-resistant with 3 lighting modes, 1 AAA battery included."</msg>
<msg time="2025-08-01T00:28:59.498381" level="INFO">${description} = A red light isn't the desired state in testing but it sure helps when riding your bike at night. Water-resistant with 3 lighting modes, 1 AAA battery included.</msg>
<var>${description}</var>
<arg>${desc_element}</arg>
<tag>Assertion</tag>
<tag>Getter</tag>
<tag>PageContent</tag>
<doc>Returns text attribute of the element found by ``selector``.</doc>
<status status="PASS" start="2025-08-01T00:28:59.489968" elapsed="0.008450"/>
</kw>
<kw name="Get Property" owner="Browser">
<msg time="2025-08-01T00:28:59.505418" level="INFO">Property: 'https://www.saucedemo.com/static/media/bike-light-1200x1500.37c843b0.jpg'</msg>
<msg time="2025-08-01T00:28:59.505562" level="INFO">${img_src} = https://www.saucedemo.com/static/media/bike-light-1200x1500.37c843b0.jpg</msg>
<var>${img_src}</var>
<arg>${img_element}</arg>
<arg>src</arg>
<tag>Assertion</tag>
<tag>Getter</tag>
<tag>PageContent</tag>
<doc>Returns the ``property`` of the element found by ``selector``.</doc>
<status status="PASS" start="2025-08-01T00:28:59.498605" elapsed="0.006993"/>
</kw>
<kw name="Should Not Be Empty" owner="BuiltIn">
<msg time="2025-08-01T00:28:59.506011" level="INFO">Length is 21.</msg>
<arg>${name}</arg>
<doc>Verifies that the given item is not empty.</doc>
<status status="PASS" start="2025-08-01T00:28:59.505774" elapsed="0.000294"/>
</kw>
<kw name="Should Match Regexp" owner="BuiltIn">
<arg>${price}</arg>
<arg>^\\$\\d+\\.\\d{2}$</arg>
<doc>Fails if ``string`` does not match ``pattern`` as a regular expression.</doc>
<status status="PASS" start="2025-08-01T00:28:59.506194" elapsed="0.000238"/>
</kw>
<kw name="Should Not Be Empty" owner="BuiltIn">
<msg time="2025-08-01T00:28:59.506743" level="INFO">Length is 159.</msg>
<arg>${description}</arg>
<doc>Verifies that the given item is not empty.</doc>
<status status="PASS" start="2025-08-01T00:28:59.506556" elapsed="0.000243"/>
</kw>
<kw name="Should Contain" owner="BuiltIn">
<arg>${img_src}</arg>
<arg>.jpg</arg>
<doc>Fails if ``container`` does not contain ``item`` one or more times.</doc>
<status status="PASS" start="2025-08-01T00:28:59.506922" elapsed="0.000211"/>
</kw>
<var name="${product}">css=.inventory_item &gt;&gt; nth=1</var>
<status status="PASS" start="2025-08-01T00:28:59.451791" elapsed="0.055402"/>
</iter>
<iter>
<kw name="Get Element" owner="Browser">
<msg time="2025-08-01T00:28:59.511841" level="INFO">Locator found successfully.</msg>
<msg time="2025-08-01T00:28:59.512047" level="INFO">${name_element} = css=.inventory_item &gt;&gt; nth=2 &gt;&gt; css=.inventory_item_name</msg>
<var>${name_element}</var>
<arg>${product} &gt;&gt; css=.inventory_item_name</arg>
<tag>Getter</tag>
<tag>PageContent</tag>
<doc>Returns a reference to a Playwright [https://playwright.dev/docs/api/class-locator|Locator].</doc>
<status status="PASS" start="2025-08-01T00:28:59.507541" elapsed="0.004545"/>
</kw>
<kw name="Get Element" owner="Browser">
<msg time="2025-08-01T00:28:59.516342" level="INFO">Locator found successfully.</msg>
<msg time="2025-08-01T00:28:59.516517" level="INFO">${price_element} = css=.inventory_item &gt;&gt; nth=2 &gt;&gt; css=.inventory_item_price</msg>
<var>${price_element}</var>
<arg>${product} &gt;&gt; css=.inventory_item_price</arg>
<tag>Getter</tag>
<tag>PageContent</tag>
<doc>Returns a reference to a Playwright [https://playwright.dev/docs/api/class-locator|Locator].</doc>
<status status="PASS" start="2025-08-01T00:28:59.512284" elapsed="0.004334"/>
</kw>
<kw name="Get Element" owner="Browser">
<msg time="2025-08-01T00:28:59.520980" level="INFO">Locator found successfully.</msg>
<msg time="2025-08-01T00:28:59.521188" level="INFO">${desc_element} = css=.inventory_item &gt;&gt; nth=2 &gt;&gt; css=.inventory_item_desc</msg>
<var>${desc_element}</var>
<arg>${product} &gt;&gt; css=.inventory_item_desc</arg>
<tag>Getter</tag>
<tag>PageContent</tag>
<doc>Returns a reference to a Playwright [https://playwright.dev/docs/api/class-locator|Locator].</doc>
<status status="PASS" start="2025-08-01T00:28:59.516796" elapsed="0.004431"/>
</kw>
<kw name="Get Element" owner="Browser">
<msg time="2025-08-01T00:28:59.525342" level="INFO">Locator found successfully.</msg>
<msg time="2025-08-01T00:28:59.525521" level="INFO">${img_element} = css=.inventory_item &gt;&gt; nth=2 &gt;&gt; css=img</msg>
<var>${img_element}</var>
<arg>${product} &gt;&gt; css=img</arg>
<tag>Getter</tag>
<tag>PageContent</tag>
<doc>Returns a reference to a Playwright [https://playwright.dev/docs/api/class-locator|Locator].</doc>
<status status="PASS" start="2025-08-01T00:28:59.521412" elapsed="0.004148"/>
</kw>
<kw name="Get Text" owner="Browser">
<msg time="2025-08-01T00:28:59.534256" level="INFO">Text: 'Sauce Labs Bolt T-Shirt'</msg>
<msg time="2025-08-01T00:28:59.534401" level="INFO">${name} = Sauce Labs Bolt T-Shirt</msg>
<var>${name}</var>
<arg>${name_element}</arg>
<tag>Assertion</tag>
<tag>Getter</tag>
<tag>PageContent</tag>
<doc>Returns text attribute of the element found by ``selector``.</doc>
<status status="PASS" start="2025-08-01T00:28:59.525732" elapsed="0.008705"/>
</kw>
<kw name="Get Text" owner="Browser">
<msg time="2025-08-01T00:28:59.542876" level="INFO">Text: '$15.99'</msg>
<msg time="2025-08-01T00:28:59.543019" level="INFO">${price} = $15.99</msg>
<var>${price}</var>
<arg>${price_element}</arg>
<tag>Assertion</tag>
<tag>Getter</tag>
<tag>PageContent</tag>
<doc>Returns text attribute of the element found by ``selector``.</doc>
<status status="PASS" start="2025-08-01T00:28:59.534622" elapsed="0.008432"/>
</kw>
<kw name="Get Text" owner="Browser">
<msg time="2025-08-01T00:28:59.551893" level="INFO">Text: 'Get your testing superhero on with the Sauce Labs bolt T-shirt. From American Apparel, 100% ringspun combed cotton, heather gray with red bolt.'</msg>
<msg time="2025-08-01T00:28:59.552047" level="INFO">${description} = Get your testing superhero on with the Sauce Labs bolt T-shirt. From American Apparel, 100% ringspun combed cotton, heather gray with red bolt.</msg>
<var>${description}</var>
<arg>${desc_element}</arg>
<tag>Assertion</tag>
<tag>Getter</tag>
<tag>PageContent</tag>
<doc>Returns text attribute of the element found by ``selector``.</doc>
<status status="PASS" start="2025-08-01T00:28:59.543234" elapsed="0.008849"/>
</kw>
<kw name="Get Property" owner="Browser">
<msg time="2025-08-01T00:28:59.558863" level="INFO">Property: 'https://www.saucedemo.com/static/media/bolt-shirt-1200x1500.c2599ac5.jpg'</msg>
<msg time="2025-08-01T00:28:59.559010" level="INFO">${img_src} = https://www.saucedemo.com/static/media/bolt-shirt-1200x1500.c2599ac5.jpg</msg>
<var>${img_src}</var>
<arg>${img_element}</arg>
<arg>src</arg>
<tag>Assertion</tag>
<tag>Getter</tag>
<tag>PageContent</tag>
<doc>Returns the ``property`` of the element found by ``selector``.</doc>
<status status="PASS" start="2025-08-01T00:28:59.552267" elapsed="0.006782"/>
</kw>
<kw name="Should Not Be Empty" owner="BuiltIn">
<msg time="2025-08-01T00:28:59.559461" level="INFO">Length is 23.</msg>
<arg>${name}</arg>
<doc>Verifies that the given item is not empty.</doc>
<status status="PASS" start="2025-08-01T00:28:59.559225" elapsed="0.000293"/>
</kw>
<kw name="Should Match Regexp" owner="BuiltIn">
<arg>${price}</arg>
<arg>^\\$\\d+\\.\\d{2}$</arg>
<doc>Fails if ``string`` does not match ``pattern`` as a regular expression.</doc>
<status status="PASS" start="2025-08-01T00:28:59.559644" elapsed="0.000230"/>
</kw>
<kw name="Should Not Be Empty" owner="BuiltIn">
<msg time="2025-08-01T00:28:59.560185" level="INFO">Length is 143.</msg>
<arg>${description}</arg>
<doc>Verifies that the given item is not empty.</doc>
<status status="PASS" start="2025-08-01T00:28:59.559996" elapsed="0.000285"/>
</kw>
<kw name="Should Contain" owner="BuiltIn">
<arg>${img_src}</arg>
<arg>.jpg</arg>
<doc>Fails if ``container`` does not contain ``item`` one or more times.</doc>
<status status="PASS" start="2025-08-01T00:28:59.560427" elapsed="0.000233"/>
</kw>
<var name="${product}">css=.inventory_item &gt;&gt; nth=2</var>
<status status="PASS" start="2025-08-01T00:28:59.507383" elapsed="0.053340"/>
</iter>
<iter>
<kw name="Get Element" owner="Browser">
<msg time="2025-08-01T00:28:59.565269" level="INFO">Locator found successfully.</msg>
<msg time="2025-08-01T00:28:59.565461" level="INFO">${name_element} = css=.inventory_item &gt;&gt; nth=3 &gt;&gt; css=.inventory_item_name</msg>
<var>${name_element}</var>
<arg>${product} &gt;&gt; css=.inventory_item_name</arg>
<tag>Getter</tag>
<tag>PageContent</tag>
<doc>Returns a reference to a Playwright [https://playwright.dev/docs/api/class-locator|Locator].</doc>
<status status="PASS" start="2025-08-01T00:28:59.561060" elapsed="0.004441"/>
</kw>
<kw name="Get Element" owner="Browser">
<msg time="2025-08-01T00:28:59.569755" level="INFO">Locator found successfully.</msg>
<msg time="2025-08-01T00:28:59.569944" level="INFO">${price_element} = css=.inventory_item &gt;&gt; nth=3 &gt;&gt; css=.inventory_item_price</msg>
<var>${price_element}</var>
<arg>${product} &gt;&gt; css=.inventory_item_price</arg>
<tag>Getter</tag>
<tag>PageContent</tag>
<doc>Returns a reference to a Playwright [https://playwright.dev/docs/api/class-locator|Locator].</doc>
<status status="PASS" start="2025-08-01T00:28:59.565676" elapsed="0.004306"/>
</kw>
<kw name="Get Element" owner="Browser">
<msg time="2025-08-01T00:28:59.574416" level="INFO">Locator found successfully.</msg>
<msg time="2025-08-01T00:28:59.574618" level="INFO">${desc_element} = css=.inventory_item &gt;&gt; nth=3 &gt;&gt; css=.inventory_item_desc</msg>
<var>${desc_element}</var>
<arg>${product} &gt;&gt; css=.inventory_item_desc</arg>
<tag>Getter</tag>
<tag>PageContent</tag>
<doc>Returns a reference to a Playwright [https://playwright.dev/docs/api/class-locator|Locator].</doc>
<status status="PASS" start="2025-08-01T00:28:59.570157" elapsed="0.004500"/>
</kw>
<kw name="Get Element" owner="Browser">
<msg time="2025-08-01T00:28:59.579070" level="INFO">Locator found successfully.</msg>
<msg time="2025-08-01T00:28:59.579280" level="INFO">${img_element} = css=.inventory_item &gt;&gt; nth=3 &gt;&gt; css=img</msg>
<var>${img_element}</var>
<arg>${product} &gt;&gt; css=img</arg>
<tag>Getter</tag>
<tag>PageContent</tag>
<doc>Returns a reference to a Playwright [https://playwright.dev/docs/api/class-locator|Locator].</doc>
<status status="PASS" start="2025-08-01T00:28:59.574835" elapsed="0.004487"/>
</kw>
<kw name="Get Text" owner="Browser">
<msg time="2025-08-01T00:28:59.588192" level="INFO">Text: 'Sauce Labs Fleece Jacket'</msg>
<msg time="2025-08-01T00:28:59.588345" level="INFO">${name} = Sauce Labs Fleece Jacket</msg>
<var>${name}</var>
<arg>${name_element}</arg>
<tag>Assertion</tag>
<tag>Getter</tag>
<tag>PageContent</tag>
<doc>Returns text attribute of the element found by ``selector``.</doc>
<status status="PASS" start="2025-08-01T00:28:59.579517" elapsed="0.008866"/>
</kw>
<kw name="Get Text" owner="Browser">
<msg time="2025-08-01T00:28:59.597849" level="INFO">Text: '$49.99'</msg>
<msg time="2025-08-01T00:28:59.598002" level="INFO">${price} = $49.99</msg>
<var>${price}</var>
<arg>${price_element}</arg>
<tag>Assertion</tag>
<tag>Getter</tag>
<tag>PageContent</tag>
<doc>Returns text attribute of the element found by ``selector``.</doc>
<status status="PASS" start="2025-08-01T00:28:59.588572" elapsed="0.009467"/>
</kw>
<kw name="Get Text" owner="Browser">
<msg time="2025-08-01T00:28:59.606757" level="INFO">Text: "It's not every day that you come across a midweight quarter-zip fleece jacket capable of handling everything from a relaxing day outdoors to a busy day at the office."</msg>
<msg time="2025-08-01T00:28:59.606915" level="INFO">${description} = It's not every day that you come across a midweight quarter-zip fleece jacket capable of handling everything from a relaxing day outdoors to a busy day at the office.</msg>
<var>${description}</var>
<arg>${desc_element}</arg>
<tag>Assertion</tag>
<tag>Getter</tag>
<tag>PageContent</tag>
<doc>Returns text attribute of the element found by ``selector``.</doc>
<status status="PASS" start="2025-08-01T00:28:59.598294" elapsed="0.008660"/>
</kw>
<kw name="Get Property" owner="Browser">
<msg time="2025-08-01T00:28:59.614356" level="INFO">Property: 'https://www.saucedemo.com/static/media/sauce-pullover-1200x1500.51d7ffaf.jpg'</msg>
<msg time="2025-08-01T00:28:59.614506" level="INFO">${img_src} = https://www.saucedemo.com/static/media/sauce-pullover-1200x1500.51d7ffaf.jpg</msg>
<var>${img_src}</var>
<arg>${img_element}</arg>
<arg>src</arg>
<tag>Assertion</tag>
<tag>Getter</tag>
<tag>PageContent</tag>
<doc>Returns the ``property`` of the element found by ``selector``.</doc>
<status status="PASS" start="2025-08-01T00:28:59.607159" elapsed="0.007385"/>
</kw>
<kw name="Should Not Be Empty" owner="BuiltIn">
<msg time="2025-08-01T00:28:59.614971" level="INFO">Length is 24.</msg>
<arg>${name}</arg>
<doc>Verifies that the given item is not empty.</doc>
<status status="PASS" start="2025-08-01T00:28:59.614724" elapsed="0.000307"/>
</kw>
<kw name="Should Match Regexp" owner="BuiltIn">
<arg>${price}</arg>
<arg>^\\$\\d+\\.\\d{2}$</arg>
<doc>Fails if ``string`` does not match ``pattern`` as a regular expression.</doc>
<status status="PASS" start="2025-08-01T00:28:59.615163" elapsed="0.000236"/>
</kw>
<kw name="Should Not Be Empty" owner="BuiltIn">
<msg time="2025-08-01T00:28:59.615723" level="INFO">Length is 166.</msg>
<arg>${description}</arg>
<doc>Verifies that the given item is not empty.</doc>
<status status="PASS" start="2025-08-01T00:28:59.615529" elapsed="0.000253"/>
</kw>
<kw name="Should Contain" owner="BuiltIn">
<arg>${img_src}</arg>
<arg>.jpg</arg>
<doc>Fails if ``container`` does not contain ``item`` one or more times.</doc>
<status status="PASS" start="2025-08-01T00:28:59.615907" elapsed="0.000219"/>
</kw>
<var name="${product}">css=.inventory_item &gt;&gt; nth=3</var>
<status status="PASS" start="2025-08-01T00:28:59.560904" elapsed="0.055285"/>
</iter>
<iter>
<kw name="Get Element" owner="Browser">
<msg time="2025-08-01T00:28:59.620708" level="INFO">Locator found successfully.</msg>
<msg time="2025-08-01T00:28:59.620914" level="INFO">${name_element} = css=.inventory_item &gt;&gt; nth=4 &gt;&gt; css=.inventory_item_name</msg>
<var>${name_element}</var>
<arg>${product} &gt;&gt; css=.inventory_item_name</arg>
<tag>Getter</tag>
<tag>PageContent</tag>
<doc>Returns a reference to a Playwright [https://playwright.dev/docs/api/class-locator|Locator].</doc>
<status status="PASS" start="2025-08-01T00:28:59.616529" elapsed="0.004426"/>
</kw>
<kw name="Get Element" owner="Browser">
<msg time="2025-08-01T00:28:59.625107" level="INFO">Locator found successfully.</msg>
<msg time="2025-08-01T00:28:59.625287" level="INFO">${price_element} = css=.inventory_item &gt;&gt; nth=4 &gt;&gt; css=.inventory_item_price</msg>
<var>${price_element}</var>
<arg>${product} &gt;&gt; css=.inventory_item_price</arg>
<tag>Getter</tag>
<tag>PageContent</tag>
<doc>Returns a reference to a Playwright [https://playwright.dev/docs/api/class-locator|Locator].</doc>
<status status="PASS" start="2025-08-01T00:28:59.621136" elapsed="0.004197"/>
</kw>
<kw name="Get Element" owner="Browser">
<msg time="2025-08-01T00:28:59.629716" level="INFO">Locator found successfully.</msg>
<msg time="2025-08-01T00:28:59.629926" level="INFO">${desc_element} = css=.inventory_item &gt;&gt; nth=4 &gt;&gt; css=.inventory_item_desc</msg>
<var>${desc_element}</var>
<arg>${product} &gt;&gt; css=.inventory_item_desc</arg>
<tag>Getter</tag>
<tag>PageContent</tag>
<doc>Returns a reference to a Playwright [https://playwright.dev/docs/api/class-locator|Locator].</doc>
<status status="PASS" start="2025-08-01T00:28:59.625509" elapsed="0.004457"/>
</kw>
<kw name="Get Element" owner="Browser">
<msg time="2025-08-01T00:28:59.634250" level="INFO">Locator found successfully.</msg>
<msg time="2025-08-01T00:28:59.634434" level="INFO">${img_element} = css=.inventory_item &gt;&gt; nth=4 &gt;&gt; css=img</msg>
<var>${img_element}</var>
<arg>${product} &gt;&gt; css=img</arg>
<tag>Getter</tag>
<tag>PageContent</tag>
<doc>Returns a reference to a Playwright [https://playwright.dev/docs/api/class-locator|Locator].</doc>
<status status="PASS" start="2025-08-01T00:28:59.630156" elapsed="0.004318"/>
</kw>
<kw name="Get Text" owner="Browser">
<msg time="2025-08-01T00:28:59.643422" level="INFO">Text: 'Sauce Labs Onesie'</msg>
<msg time="2025-08-01T00:28:59.643579" level="INFO">${name} = Sauce Labs Onesie</msg>
<var>${name}</var>
<arg>${name_element}</arg>
<tag>Assertion</tag>
<tag>Getter</tag>
<tag>PageContent</tag>
<doc>Returns text attribute of the element found by ``selector``.</doc>
<status status="PASS" start="2025-08-01T00:28:59.634649" elapsed="0.008971"/>
</kw>
<kw name="Get Text" owner="Browser">
<msg time="2025-08-01T00:28:59.652102" level="INFO">Text: '$7.99'</msg>
<msg time="2025-08-01T00:28:59.652253" level="INFO">${price} = $7.99</msg>
<var>${price}</var>
<arg>${price_element}</arg>
<tag>Assertion</tag>
<tag>Getter</tag>
<tag>PageContent</tag>
<doc>Returns text attribute of the element found by ``selector``.</doc>
<status status="PASS" start="2025-08-01T00:28:59.643810" elapsed="0.008481"/>
</kw>
<kw name="Get Text" owner="Browser">
<msg time="2025-08-01T00:28:59.660748" level="INFO">Text: "Rib snap infant onesie for the junior automation engineer in development. Reinforced 3-snap bottom closure, two-needle hemmed sleeved and bottom won't unravel."</msg>
<msg time="2025-08-01T00:28:59.660897" level="INFO">${description} = Rib snap infant onesie for the junior automation engineer in development. Reinforced 3-snap bottom closure, two-needle hemmed sleeved and bottom won't unravel.</msg>
<var>${description}</var>
<arg>${desc_element}</arg>
<tag>Assertion</tag>
<tag>Getter</tag>
<tag>PageContent</tag>
<doc>Returns text attribute of the element found by ``selector``.</doc>
<status status="PASS" start="2025-08-01T00:28:59.652527" elapsed="0.008409"/>
</kw>
<kw name="Get Property" owner="Browser">
<msg time="2025-08-01T00:28:59.667728" level="INFO">Property: 'https://www.saucedemo.com/static/media/red-onesie-1200x1500.2ec615b2.jpg'</msg>
<msg time="2025-08-01T00:28:59.667871" level="INFO">${img_src} = https://www.saucedemo.com/static/media/red-onesie-1200x1500.2ec615b2.jpg</msg>
<var>${img_src}</var>
<arg>${img_element}</arg>
<arg>src</arg>
<tag>Assertion</tag>
<tag>Getter</tag>
<tag>PageContent</tag>
<doc>Returns the ``property`` of the element found by ``selector``.</doc>
<status status="PASS" start="2025-08-01T00:28:59.661121" elapsed="0.006786"/>
</kw>
<kw name="Should Not Be Empty" owner="BuiltIn">
<msg time="2025-08-01T00:28:59.668335" level="INFO">Length is 17.</msg>
<arg>${name}</arg>
<doc>Verifies that the given item is not empty.</doc>
<status status="PASS" start="2025-08-01T00:28:59.668084" elapsed="0.000311"/>
</kw>
<kw name="Should Match Regexp" owner="BuiltIn">
<arg>${price}</arg>
<arg>^\\$\\d+\\.\\d{2}$</arg>
<doc>Fails if ``string`` does not match ``pattern`` as a regular expression.</doc>
<status status="PASS" start="2025-08-01T00:28:59.668526" elapsed="0.000245"/>
</kw>
<kw name="Should Not Be Empty" owner="BuiltIn">
<msg time="2025-08-01T00:28:59.669166" level="INFO">Length is 159.</msg>
<arg>${description}</arg>
<doc>Verifies that the given item is not empty.</doc>
<status status="PASS" start="2025-08-01T00:28:59.668902" elapsed="0.000332"/>
</kw>
<kw name="Should Contain" owner="BuiltIn">
<arg>${img_src}</arg>
<arg>.jpg</arg>
<doc>Fails if ``container`` does not contain ``item`` one or more times.</doc>
<status status="PASS" start="2025-08-01T00:28:59.669376" elapsed="0.000231"/>
</kw>
<var name="${product}">css=.inventory_item &gt;&gt; nth=4</var>
<status status="PASS" start="2025-08-01T00:28:59.616371" elapsed="0.053370"/>
</iter>
<iter>
<kw name="Get Element" owner="Browser">
<msg time="2025-08-01T00:28:59.674225" level="INFO">Locator found successfully.</msg>
<msg time="2025-08-01T00:28:59.674411" level="INFO">${name_element} = css=.inventory_item &gt;&gt; nth=5 &gt;&gt; css=.inventory_item_name</msg>
<var>${name_element}</var>
<arg>${product} &gt;&gt; css=.inventory_item_name</arg>
<tag>Getter</tag>
<tag>PageContent</tag>
<doc>Returns a reference to a Playwright [https://playwright.dev/docs/api/class-locator|Locator].</doc>
<status status="PASS" start="2025-08-01T00:28:59.670099" elapsed="0.004352"/>
</kw>
<kw name="Get Element" owner="Browser">
<msg time="2025-08-01T00:28:59.678963" level="INFO">Locator found successfully.</msg>
<msg time="2025-08-01T00:28:59.679154" level="INFO">${price_element} = css=.inventory_item &gt;&gt; nth=5 &gt;&gt; css=.inventory_item_price</msg>
<var>${price_element}</var>
<arg>${product} &gt;&gt; css=.inventory_item_price</arg>
<tag>Getter</tag>
<tag>PageContent</tag>
<doc>Returns a reference to a Playwright [https://playwright.dev/docs/api/class-locator|Locator].</doc>
<status status="PASS" start="2025-08-01T00:28:59.674620" elapsed="0.004573"/>
</kw>
<kw name="Get Element" owner="Browser">
<msg time="2025-08-01T00:28:59.683414" level="INFO">Locator found successfully.</msg>
<msg time="2025-08-01T00:28:59.683597" level="INFO">${desc_element} = css=.inventory_item &gt;&gt; nth=5 &gt;&gt; css=.inventory_item_desc</msg>
<var>${desc_element}</var>
<arg>${product} &gt;&gt; css=.inventory_item_desc</arg>
<tag>Getter</tag>
<tag>PageContent</tag>
<doc>Returns a reference to a Playwright [https://playwright.dev/docs/api/class-locator|Locator].</doc>
<status status="PASS" start="2025-08-01T00:28:59.679372" elapsed="0.004266"/>
</kw>
<kw name="Get Element" owner="Browser">
<msg time="2025-08-01T00:28:59.687793" level="INFO">Locator found successfully.</msg>
<msg time="2025-08-01T00:28:59.688000" level="INFO">${img_element} = css=.inventory_item &gt;&gt; nth=5 &gt;&gt; css=img</msg>
<var>${img_element}</var>
<arg>${product} &gt;&gt; css=img</arg>
<tag>Getter</tag>
<tag>PageContent</tag>
<doc>Returns a reference to a Playwright [https://playwright.dev/docs/api/class-locator|Locator].</doc>
<status status="PASS" start="2025-08-01T00:28:59.683813" elapsed="0.004227"/>
</kw>
<kw name="Get Text" owner="Browser">
<msg time="2025-08-01T00:28:59.696392" level="INFO">Text: 'Test.allTheThings() T-Shirt (Red)'</msg>
<msg time="2025-08-01T00:28:59.696541" level="INFO">${name} = Test.allTheThings() T-Shirt (Red)</msg>
<var>${name}</var>
<arg>${name_element}</arg>
<tag>Assertion</tag>
<tag>Getter</tag>
<tag>PageContent</tag>
<doc>Returns text attribute of the element found by ``selector``.</doc>
<status status="PASS" start="2025-08-01T00:28:59.688226" elapsed="0.008351"/>
</kw>
<kw name="Get Text" owner="Browser">
<msg time="2025-08-01T00:28:59.704993" level="INFO">Text: '$15.99'</msg>
<msg time="2025-08-01T00:28:59.705141" level="INFO">${price} = $15.99</msg>
<var>${price}</var>
<arg>${price_element}</arg>
<tag>Assertion</tag>
<tag>Getter</tag>
<tag>PageContent</tag>
<doc>Returns text attribute of the element found by ``selector``.</doc>
<status status="PASS" start="2025-08-01T00:28:59.696768" elapsed="0.008409"/>
</kw>
<kw name="Get Text" owner="Browser">
<msg time="2025-08-01T00:28:59.713694" level="INFO">Text: 'This classic Sauce Labs t-shirt is perfect to wear when cozying up to your keyboard to automate a few tests. Super-soft and comfy ringspun combed cotton.'</msg>
<msg time="2025-08-01T00:28:59.713848" level="INFO">${description} = This classic Sauce Labs t-shirt is perfect to wear when cozying up to your keyboard to automate a few tests. Super-soft and comfy ringspun combed cotton.</msg>
<var>${description}</var>
<arg>${desc_element}</arg>
<tag>Assertion</tag>
<tag>Getter</tag>
<tag>PageContent</tag>
<doc>Returns text attribute of the element found by ``selector``.</doc>
<status status="PASS" start="2025-08-01T00:28:59.705363" elapsed="0.008524"/>
</kw>
<kw name="Get Property" owner="Browser">
<msg time="2025-08-01T00:28:59.720652" level="INFO">Property: 'https://www.saucedemo.com/static/media/red-tatt-1200x1500.30dadef4.jpg'</msg>
<msg time="2025-08-01T00:28:59.720795" level="INFO">${img_src} = https://www.saucedemo.com/static/media/red-tatt-1200x1500.30dadef4.jpg</msg>
<var>${img_src}</var>
<arg>${img_element}</arg>
<arg>src</arg>
<tag>Assertion</tag>
<tag>Getter</tag>
<tag>PageContent</tag>
<doc>Returns the ``property`` of the element found by ``selector``.</doc>
<status status="PASS" start="2025-08-01T00:28:59.714075" elapsed="0.006756"/>
</kw>
<kw name="Should Not Be Empty" owner="BuiltIn">
<msg time="2025-08-01T00:28:59.721246" level="INFO">Length is 33.</msg>
<arg>${name}</arg>
<doc>Verifies that the given item is not empty.</doc>
<status status="PASS" start="2025-08-01T00:28:59.721008" elapsed="0.000296"/>
</kw>
<kw name="Should Match Regexp" owner="BuiltIn">
<arg>${price}</arg>
<arg>^\\$\\d+\\.\\d{2}$</arg>
<doc>Fails if ``string`` does not match ``pattern`` as a regular expression.</doc>
<status status="PASS" start="2025-08-01T00:28:59.721432" elapsed="0.000229"/>
</kw>
<kw name="Should Not Be Empty" owner="BuiltIn">
<msg time="2025-08-01T00:28:59.721976" level="INFO">Length is 153.</msg>
<arg>${description}</arg>
<doc>Verifies that the given item is not empty.</doc>
<status status="PASS" start="2025-08-01T00:28:59.721787" elapsed="0.000246"/>
</kw>
<kw name="Should Contain" owner="BuiltIn">
<arg>${img_src}</arg>
<arg>.jpg</arg>
<doc>Fails if ``container`` does not contain ``item`` one or more times.</doc>
<status status="PASS" start="2025-08-01T00:28:59.722158" elapsed="0.000212"/>
</kw>
<var name="${product}">css=.inventory_item &gt;&gt; nth=5</var>
<status status="PASS" start="2025-08-01T00:28:59.669934" elapsed="0.052497"/>
</iter>
<var>${product}</var>
<value>@{products}</value>
<status status="PASS" start="2025-08-01T00:28:59.380700" elapsed="0.341800"/>
</for>
<kw name="Close Page" owner="Browser" type="TEARDOWN">
<msg time="2025-08-01T00:28:59.725559" level="INFO">Switching browser to CURRENT</msg>
<msg time="2025-08-01T00:28:59.727269" level="INFO">Returned active browser id. CURRENT</msg>
<msg time="2025-08-01T00:28:59.727972" level="INFO">Switching browser to browser=f04e2f79-983d-4d83-9043-c36f9409e3d8</msg>
<msg time="2025-08-01T00:28:59.730063" level="INFO">Successfully changed active browser: browser=f04e2f79-983d-4d83-9043-c36f9409e3d8</msg>
<msg time="2025-08-01T00:28:59.730175" level="INFO">Switching context to CURRENT in CURRENT</msg>
<msg time="2025-08-01T00:28:59.731966" level="INFO">Returned active context id: CURRENT</msg>
<msg time="2025-08-01T00:28:59.732070" level="INFO">Switching context to context=0d911cf8-d097-4762-9d6d-1628d5f01630 in CURRENT</msg>
<msg time="2025-08-01T00:28:59.736388" level="INFO">Successfully changed active context: context=0d911cf8-d097-4762-9d6d-1628d5f01630</msg>
<msg time="2025-08-01T00:28:59.739721" level="INFO">Successfully closed Page with runBeforeUnload false</msg>
<tag>BrowserControl</tag>
<tag>Setter</tag>
<doc>Closes the ``page`` in ``context`` in ``browser``.</doc>
<status status="PASS" start="2025-08-01T00:28:59.722776" elapsed="0.017236"/>
</kw>
<doc>Validate product data structure like API response schema</doc>
<tag>api</tag>
<tag>data</tag>
<tag>products</tag>
<tag>validation</tag>
<status status="PASS" start="2025-08-01T00:28:58.992192" elapsed="0.748063"/>
</test>
<test id="s1-s1-s2-t2" name="Data Validation - Cart Totals Calculation" line="51">
<kw name="New Page" owner="Browser" type="SETUP">
<msg time="2025-08-01T00:28:59.898762" level="INFO">Successfully initialized new page object and opened url: https://www.saucedemo.com</msg>
<arg>https://www.saucedemo.com</arg>
<tag>BrowserControl</tag>
<tag>Setter</tag>
<doc>Open a new Page.</doc>
<status status="PASS" start="2025-08-01T00:28:59.747927" elapsed="0.151022"/>
</kw>
<kw name="Login As Standard User For Test">
<kw name="Fill Text" owner="Browser">
<msg time="2025-08-01T00:28:59.900280" level="INFO">Fills the text 'standard_user' in the given field.</msg>
<arg>id=user-name</arg>
<arg>standard_user</arg>
<tag>PageContent</tag>
<tag>Setter</tag>
<doc>Clears and fills the given ``txt`` into the text field found by ``selector``.</doc>
<status status="PASS" start="2025-08-01T00:28:59.899697" elapsed="0.029007"/>
</kw>
<kw name="Fill Text" owner="Browser">
<msg time="2025-08-01T00:28:59.929472" level="INFO">Fills the text 'secret_sauce' in the given field.</msg>
<arg>id=password</arg>
<arg>secret_sauce</arg>
<tag>PageContent</tag>
<tag>Setter</tag>
<doc>Clears and fills the given ``txt`` into the text field found by ``selector``.</doc>
<status status="PASS" start="2025-08-01T00:28:59.928906" elapsed="0.061603"/>
</kw>
<kw name="Click" owner="Browser">
<msg time="2025-08-01T00:28:59.991267" level="INFO">Clicks the element 'id=login-button'.</msg>
<arg>id=login-button</arg>
<tag>PageContent</tag>
<tag>Setter</tag>
<doc>Simulates mouse click on the element found by ``selector``.</doc>
<status status="PASS" start="2025-08-01T00:28:59.990734" elapsed="0.056986"/>
</kw>
<status status="PASS" start="2025-08-01T00:28:59.899230" elapsed="0.148627"/>
</kw>
<kw name="Click" owner="Browser">
<msg time="2025-08-01T00:29:00.048606" level="INFO">Clicks the element 'id=add-to-cart-sauce-labs-backpack'.</msg>
<arg>id=add-to-cart-sauce-labs-backpack</arg>
<tag>PageContent</tag>
<tag>Setter</tag>
<doc>Simulates mouse click on the element found by ``selector``.</doc>
<status status="PASS" start="2025-08-01T00:29:00.048063" elapsed="0.044339"/>
</kw>
<kw name="Click" owner="Browser">
<msg time="2025-08-01T00:29:00.093597" level="INFO">Clicks the element 'id=add-to-cart-sauce-labs-bike-light'.</msg>
<arg>id=add-to-cart-sauce-labs-bike-light</arg>
<tag>PageContent</tag>
<tag>Setter</tag>
<doc>Simulates mouse click on the element found by ``selector``.</doc>
<status status="PASS" start="2025-08-01T00:29:00.092751" elapsed="0.046872"/>
</kw>
<kw name="Click" owner="Browser">
<msg time="2025-08-01T00:29:00.140634" level="INFO">Clicks the element 'css=.shopping_cart_link'.</msg>
<arg>css=.shopping_cart_link</arg>
<tag>PageContent</tag>
<tag>Setter</tag>
<doc>Simulates mouse click on the element found by ``selector``.</doc>
<status status="PASS" start="2025-08-01T00:29:00.139943" elapsed="0.035032"/>
</kw>
<kw name="Click" owner="Browser">
<msg time="2025-08-01T00:29:00.175708" level="INFO">Clicks the element 'id=checkout'.</msg>
<arg>id=checkout</arg>
<tag>PageContent</tag>
<tag>Setter</tag>
<doc>Simulates mouse click on the element found by ``selector``.</doc>
<status status="PASS" start="2025-08-01T00:29:00.175240" elapsed="0.035616"/>
</kw>
<kw name="Fill Text" owner="Browser">
<msg time="2025-08-01T00:29:00.211892" level="INFO">Fills the text 'John' in the given field.</msg>
<arg>id=first-name</arg>
<arg>John</arg>
<tag>PageContent</tag>
<tag>Setter</tag>
<doc>Clears and fills the given ``txt`` into the text field found by ``selector``.</doc>
<status status="PASS" start="2025-08-01T00:29:00.211195" elapsed="0.013728"/>
</kw>
<kw name="Fill Text" owner="Browser">
<msg time="2025-08-01T00:29:00.226395" level="INFO">Fills the text 'Doe' in the given field.</msg>
<arg>id=last-name</arg>
<arg>Doe</arg>
<tag>PageContent</tag>
<tag>Setter</tag>
<doc>Clears and fills the given ``txt`` into the text field found by ``selector``.</doc>
<status status="PASS" start="2025-08-01T00:29:00.225310" elapsed="0.011667"/>
</kw>
<kw name="Fill Text" owner="Browser">
<msg time="2025-08-01T00:29:00.238237" level="INFO">Fills the text '12345' in the given field.</msg>
<arg>id=postal-code</arg>
<arg>12345</arg>
<tag>PageContent</tag>
<tag>Setter</tag>
<doc>Clears and fills the given ``txt`` into the text field found by ``selector``.</doc>
<status status="PASS" start="2025-08-01T00:29:00.237454" elapsed="0.016357"/>
</kw>
<kw name="Click" owner="Browser">
<msg time="2025-08-01T00:29:00.254916" level="INFO">Clicks the element 'id=continue'.</msg>
<arg>id=continue</arg>
<tag>PageContent</tag>
<tag>Setter</tag>
<doc>Simulates mouse click on the element found by ``selector``.</doc>
<status status="PASS" start="2025-08-01T00:29:00.254196" elapsed="0.040259"/>
</kw>
<kw name="Get Text" owner="Browser">
<msg time="2025-08-01T00:29:00.321848" level="INFO">Text: 'Item total: $39.98'</msg>
<msg time="2025-08-01T00:29:00.322053" level="INFO">${subtotal_text} = Item total: $39.98</msg>
<var>${subtotal_text}</var>
<arg>css=.summary_subtotal_label</arg>
<tag>Assertion</tag>
<tag>Getter</tag>
<tag>PageContent</tag>
<doc>Returns text attribute of the element found by ``selector``.</doc>
<status status="PASS" start="2025-08-01T00:29:00.294837" elapsed="0.027269"/>
</kw>
<kw name="Get Text" owner="Browser">
<msg time="2025-08-01T00:29:00.342981" level="INFO">Text: 'Tax: $3.20'</msg>
<msg time="2025-08-01T00:29:00.343170" level="INFO">${tax_text} = Tax: $3.20</msg>
<var>${tax_text}</var>
<arg>css=.summary_tax_label</arg>
<tag>Assertion</tag>
<tag>Getter</tag>
<tag>PageContent</tag>
<doc>Returns text attribute of the element found by ``selector``.</doc>
<status status="PASS" start="2025-08-01T00:29:00.322577" elapsed="0.020641"/>
</kw>
<kw name="Get Text" owner="Browser">
<msg time="2025-08-01T00:29:00.361794" level="INFO">Text: 'Total: $43.18'</msg>
<msg time="2025-08-01T00:29:00.362005" level="INFO">${total_text} = Total: $43.18</msg>
<var>${total_text}</var>
<arg>css=.summary_total_label</arg>
<tag>Assertion</tag>
<tag>Getter</tag>
<tag>PageContent</tag>
<doc>Returns text attribute of the element found by ``selector``.</doc>
<status status="PASS" start="2025-08-01T00:29:00.343610" elapsed="0.018452"/>
</kw>
<kw name="Get Regexp Matches" owner="String">
<msg time="2025-08-01T00:29:00.363098" level="INFO">${subtotal} = ['39.98']</msg>
[...]
</return>
<msg time="2025-08-01T00:33:03.700839" level="INFO">${prices} = [49.99, 29.99, 15.99, 15.99, 9.99, 7.99]</msg>
<var>${prices}</var>
<status status="PASS" start="2025-08-01T00:33:03.624137" elapsed="0.076739"/>
</kw>
<kw name="Copy List" owner="Collections">
<msg time="2025-08-01T00:33:03.701276" level="INFO">${sorted_prices} = [49.99, 29.99, 15.99, 15.99, 9.99, 7.99]</msg>
<var>${sorted_prices}</var>
<arg>${prices}</arg>
<doc>Returns a copy of the given list.</doc>
<status status="PASS" start="2025-08-01T00:33:03.701015" elapsed="0.000298"/>
</kw>
<kw name="Sort List" owner="Collections">
<arg>${sorted_prices}</arg>
<doc>Sorts the given list in place.</doc>
<status status="PASS" start="2025-08-01T00:33:03.701454" elapsed="0.000212"/>
</kw>
<if>
<branch type="IF" condition="not ${ascending}">
<kw name="Reverse List" owner="Collections">
<arg>${sorted_prices}</arg>
<doc>Reverses the given list in place.</doc>
<status status="PASS" start="2025-08-01T00:33:03.702051" elapsed="0.000210"/>
</kw>
<status status="PASS" start="2025-08-01T00:33:03.701777" elapsed="0.000545"/>
</branch>
<status status="PASS" start="2025-08-01T00:33:03.701750" elapsed="0.000628"/>
</if>
<kw name="Lists Should Be Equal" owner="Collections">
<arg>${prices}</arg>
<arg>${sorted_prices}</arg>
<doc>Fails if given lists are unequal.</doc>
<status status="PASS" start="2025-08-01T00:33:03.702499" elapsed="0.000270"/>
</kw>
<arg>ascending=${False}</arg>
<status status="PASS" start="2025-08-01T00:33:03.623264" elapsed="0.079601"/>
</kw>
<kw name="Add Product To Cart" owner="inventory-keywords">
<kw name="Set Variable" owner="BuiltIn">
<msg time="2025-08-01T00:33:03.703737" level="INFO">${button_id} = id=add-to-cart-sauce-labs-backpack</msg>
<var>${button_id}</var>
<arg>${ADD_TO_CART_PREFIX}${product_name}</arg>
<doc>Returns the given values which can then be assigned to a variables.</doc>
<status status="PASS" start="2025-08-01T00:33:03.703462" elapsed="0.000314"/>
</kw>
<kw name="Click" owner="Browser">
<msg time="2025-08-01T00:33:03.704415" level="INFO">Clicks the element 'id=add-to-cart-sauce-labs-backpack'.</msg>
<arg>${button_id}</arg>
<tag>PageContent</tag>
<tag>Setter</tag>
<doc>Simulates mouse click on the element found by ``selector``.</doc>
<status status="PASS" start="2025-08-01T00:33:03.703922" elapsed="0.014365"/>
</kw>
<kw name="Wait For Elements State" owner="Browser">
<msg time="2025-08-01T00:33:03.722210" level="INFO">Waited for Element with selector id=remove-sauce-labs-backpack at state visible</msg>
<arg>id=remove-${product_name}</arg>
<arg>visible</arg>
<tag>PageContent</tag>
<tag>Wait</tag>
<doc>Waits for the element found by ``selector`` to satisfy state option.</doc>
<status status="PASS" start="2025-08-01T00:33:03.718517" elapsed="0.003845"/>
</kw>
<arg>sauce-labs-backpack</arg>
<status status="PASS" start="2025-08-01T00:33:03.703110" elapsed="0.019439"/>
</kw>
<kw name="Verify Products Sorted By Price" owner="inventory-keywords">
<kw name="Get Product Prices" owner="inventory-keywords">
<kw name="Get Elements" owner="Browser">
<msg time="2025-08-01T00:33:03.729512" level="INFO">Found locator('.inventory_item_price').first(),locator('.inventory_item_price').nth(1),locator('.inventory_item_price').nth(2),locator('.inventory_item_price').nth(3),locator('.inventory_item_price').nth(4),locator('.inventory_item_price').nth(5) Locators successfully.</msg>
<msg time="2025-08-01T00:33:03.729801" level="INFO">${elements} = ['css=.inventory_item_price &gt;&gt; nth=0', 'css=.inventory_item_price &gt;&gt; nth=1', 'css=.inventory_item_price &gt;&gt; nth=2', 'css=.inventory_item_price &gt;&gt; nth=3', 'css=.inventory_item_price &gt;&gt; nth=4', 'css=.inv...</msg>
<var>${elements}</var>
<arg>${INVENTORY_ITEM_PRICE}</arg>
<tag>Getter</tag>
<tag>PageContent</tag>
<doc>Returns a reference to Playwright [https://playwright.dev/docs/api/class-locator|Locator]
for all matched elements by ``selector``.</doc>
<status status="PASS" start="2025-08-01T00:33:03.723849" elapsed="0.005998"/>
</kw>
<kw name="Create List" owner="BuiltIn">
<msg time="2025-08-01T00:33:03.730343" level="INFO">${prices} = []</msg>
<var>${prices}</var>
<doc>Returns a list containing given items.</doc>
<status status="PASS" start="2025-08-01T00:33:03.730063" elapsed="0.000321"/>
</kw>
<for flavor="IN">
<iter>
<kw name="Get Text" owner="Browser">
<msg time="2025-08-01T00:33:03.740098" level="INFO">Text: '$49.99'</msg>
<msg time="2025-08-01T00:33:03.740261" level="INFO">${text} = $49.99</msg>
<var>${text}</var>
<arg>${element}</arg>
<tag>Assertion</tag>
<tag>Getter</tag>
<tag>PageContent</tag>
<doc>Returns text attribute of the element found by ``selector``.</doc>
<status status="PASS" start="2025-08-01T00:33:03.730974" elapsed="0.009328"/>
</kw>
<kw name="Remove String" owner="String">
<msg time="2025-08-01T00:33:03.740845" level="INFO">${price_str} = 49.99</msg>
<var>${price_str}</var>
<arg>${text}</arg>
<arg>$</arg>
<doc>Removes all ``removables`` from the given ``string``.</doc>
<status status="PASS" start="2025-08-01T00:33:03.740521" elapsed="0.000366"/>
</kw>
<kw name="Convert To Number" owner="BuiltIn">
<msg time="2025-08-01T00:33:03.741370" level="INFO">${price} = 49.99</msg>
<var>${price}</var>
<arg>${price_str}</arg>
<doc>Converts the given item to a floating point number.</doc>
<status status="PASS" start="2025-08-01T00:33:03.741071" elapsed="0.000338"/>
</kw>
<kw name="Append To List" owner="Collections">
<arg>${prices}</arg>
<arg>${price}</arg>
<doc>Adds ``values`` to the end of ``list``.</doc>
<status status="PASS" start="2025-08-01T00:33:03.741619" elapsed="0.000298"/>
</kw>
<var name="${element}">css=.inventory_item_price &gt;&gt; nth=0</var>
<status status="PASS" start="2025-08-01T00:33:03.730748" elapsed="0.011249"/>
</iter>
<iter>
<kw name="Get Text" owner="Browser">
<msg time="2025-08-01T00:33:03.751540" level="INFO">Text: '$29.99'</msg>
<msg time="2025-08-01T00:33:03.751700" level="INFO">${text} = $29.99</msg>
<var>${text}</var>
<arg>${element}</arg>
<tag>Assertion</tag>
<tag>Getter</tag>
<tag>PageContent</tag>
<doc>Returns text attribute of the element found by ``selector``.</doc>
<status status="PASS" start="2025-08-01T00:33:03.742391" elapsed="0.009350"/>
</kw>
<kw name="Remove String" owner="String">
<msg time="2025-08-01T00:33:03.752284" level="INFO">${price_str} = 29.99</msg>
<var>${price_str}</var>
<arg>${text}</arg>
<arg>$</arg>
<doc>Removes all ``removables`` from the given ``string``.</doc>
<status status="PASS" start="2025-08-01T00:33:03.751973" elapsed="0.000350"/>
</kw>
<kw name="Convert To Number" owner="BuiltIn">
<msg time="2025-08-01T00:33:03.752773" level="INFO">${price} = 29.99</msg>
<var>${price}</var>
<arg>${price_str}</arg>
<doc>Converts the given item to a floating point number.</doc>
<status status="PASS" start="2025-08-01T00:33:03.752485" elapsed="0.000327"/>
</kw>
<kw name="Append To List" owner="Collections">
<arg>${prices}</arg>
<arg>${price}</arg>
<doc>Adds ``values`` to the end of ``list``.</doc>
<status status="PASS" start="2025-08-01T00:33:03.752961" elapsed="0.000248"/>
</kw>
<var name="${element}">css=.inventory_item_price &gt;&gt; nth=1</var>
<status status="PASS" start="2025-08-01T00:33:03.742178" elapsed="0.011097"/>
</iter>
<iter>
<kw name="Get Text" owner="Browser">
<msg time="2025-08-01T00:33:03.762679" level="INFO">Text: '$15.99'</msg>
<msg time="2025-08-01T00:33:03.762839" level="INFO">${text} = $15.99</msg>
<var>${text}</var>
<arg>${element}</arg>
<tag>Assertion</tag>
<tag>Getter</tag>
<tag>PageContent</tag>
<doc>Returns text attribute of the element found by ``selector``.</doc>
<status status="PASS" start="2025-08-01T00:33:03.753618" elapsed="0.009262"/>
</kw>
<kw name="Remove String" owner="String">
<msg time="2025-08-01T00:33:03.763417" level="INFO">${price_str} = 15.99</msg>
<var>${price_str}</var>
<arg>${text}</arg>
<arg>$</arg>
<doc>Removes all ``removables`` from the given ``string``.</doc>
<status status="PASS" start="2025-08-01T00:33:03.763098" elapsed="0.000359"/>
</kw>
<kw name="Convert To Number" owner="BuiltIn">
<msg time="2025-08-01T00:33:03.763916" level="INFO">${price} = 15.99</msg>
<var>${price}</var>
<arg>${price_str}</arg>
<doc>Converts the given item to a floating point number.</doc>
<status status="PASS" start="2025-08-01T00:33:03.763622" elapsed="0.000348"/>
</kw>
<kw name="Append To List" owner="Collections">
<arg>${prices}</arg>
<arg>${price}</arg>
<doc>Adds ``values`` to the end of ``list``.</doc>
<status status="PASS" start="2025-08-01T00:33:03.764118" elapsed="0.000244"/>
</kw>
<var name="${element}">css=.inventory_item_price &gt;&gt; nth=2</var>
<status status="PASS" start="2025-08-01T00:33:03.753436" elapsed="0.010993"/>
</iter>
<iter>
<kw name="Get Text" owner="Browser">
<msg time="2025-08-01T00:33:03.772766" level="INFO">Text: '$15.99'</msg>
<msg time="2025-08-01T00:33:03.772909" level="INFO">${text} = $15.99</msg>
<var>${text}</var>
<arg>${element}</arg>
<tag>Assertion</tag>
<tag>Getter</tag>
<tag>PageContent</tag>
<doc>Returns text attribute of the element found by ``selector``.</doc>
<status status="PASS" start="2025-08-01T00:33:03.764770" elapsed="0.008176"/>
</kw>
<kw name="Remove String" owner="String">
<msg time="2025-08-01T00:33:03.773434" level="INFO">${price_str} = 15.99</msg>
<var>${price_str}</var>
<arg>${text}</arg>
<arg>$</arg>
<doc>Removes all ``removables`` from the given ``string``.</doc>
<status status="PASS" start="2025-08-01T00:33:03.773139" elapsed="0.000334"/>
</kw>
<kw name="Convert To Number" owner="BuiltIn">
<msg time="2025-08-01T00:33:03.773928" level="INFO">${price} = 15.99</msg>
<var>${price}</var>
<arg>${price_str}</arg>
<doc>Converts the given item to a floating point number.</doc>
<status status="PASS" start="2025-08-01T00:33:03.773630" elapsed="0.000336"/>
</kw>
<kw name="Append To List" owner="Collections">
<arg>${prices}</arg>
<arg>${price}</arg>
<doc>Adds ``values`` to the end of ``list``.</doc>
<status status="PASS" start="2025-08-01T00:33:03.774121" elapsed="0.000320"/>
</kw>
<var name="${element}">css=.inventory_item_price &gt;&gt; nth=3</var>
<status status="PASS" start="2025-08-01T00:33:03.764590" elapsed="0.009926"/>
</iter>
<iter>
<kw name="Get Text" owner="Browser">
<msg time="2025-08-01T00:33:03.783395" level="INFO">Text: '$9.99'</msg>
<msg time="2025-08-01T00:33:03.783549" level="INFO">${text} = $9.99</msg>
<var>${text}</var>
<arg>${element}</arg>
<tag>Assertion</tag>
<tag>Getter</tag>
<tag>PageContent</tag>
<doc>Returns text attribute of the element found by ``selector``.</doc>
<status status="PASS" start="2025-08-01T00:33:03.774923" elapsed="0.008664"/>
</kw>
<kw name="Remove String" owner="String">
<msg time="2025-08-01T00:33:03.784096" level="INFO">${price_str} = 9.99</msg>
<var>${price_str}</var>
<arg>${text}</arg>
<arg>$</arg>
<doc>Removes all ``removables`` from the given ``string``.</doc>
<status status="PASS" start="2025-08-01T00:33:03.783794" elapsed="0.000341"/>
</kw>
<kw name="Convert To Number" owner="BuiltIn">
<msg time="2025-08-01T00:33:03.799624" level="INFO">${price} = 9.99</msg>
<var>${price}</var>
<arg>${price_str}</arg>
<doc>Converts the given item to a floating point number.</doc>
<status status="PASS" start="2025-08-01T00:33:03.799057" elapsed="0.000632"/>
</kw>
<kw name="Append To List" owner="Collections">
<arg>${prices}</arg>
<arg>${price}</arg>
<doc>Adds ``values`` to the end of ``list``.</doc>
<status status="PASS" start="2025-08-01T00:33:03.799934" elapsed="0.000399"/>
</kw>
<var name="${element}">css=.inventory_item_price &gt;&gt; nth=4</var>
<status status="PASS" start="2025-08-01T00:33:03.774721" elapsed="0.025718"/>
</iter>
<iter>
<kw name="Get Text" owner="Browser">
<msg time="2025-08-01T00:33:03.810725" level="INFO">Text: '$7.99'</msg>
<msg time="2025-08-01T00:33:03.810890" level="INFO">${text} = $7.99</msg>
<var>${text}</var>
<arg>${element}</arg>
<tag>Assertion</tag>
<tag>Getter</tag>
<tag>PageContent</tag>
<doc>Returns text attribute of the element found by ``selector``.</doc>
<status status="PASS" start="2025-08-01T00:33:03.800915" elapsed="0.010018"/>
</kw>
<kw name="Remove String" owner="String">
<msg time="2025-08-01T00:33:03.811471" level="INFO">${price_str} = 7.99</msg>
<var>${price_str}</var>
<arg>${text}</arg>
<arg>$</arg>
<doc>Removes all ``removables`` from the given ``string``.</doc>
<status status="PASS" start="2025-08-01T00:33:03.811152" elapsed="0.000361"/>
</kw>
<kw name="Convert To Number" owner="BuiltIn">
<msg time="2025-08-01T00:33:03.811993" level="INFO">${price} = 7.99</msg>
<var>${price}</var>
<arg>${price_str}</arg>
<doc>Converts the given item to a floating point number.</doc>
<status status="PASS" start="2025-08-01T00:33:03.811681" elapsed="0.000351"/>
</kw>
<kw name="Append To List" owner="Collections">
<arg>${prices}</arg>
<arg>${price}</arg>
<doc>Adds ``values`` to the end of ``list``.</doc>
<status status="PASS" start="2025-08-01T00:33:03.812181" elapsed="0.000243"/>
</kw>
<var name="${element}">css=.inventory_item_price &gt;&gt; nth=5</var>
<status status="PASS" start="2025-08-01T00:33:03.800685" elapsed="0.011806"/>
</iter>
<var>${element}</var>
<value>@{elements}</value>
<status status="PASS" start="2025-08-01T00:33:03.730473" elapsed="0.082093"/>
</for>
<return>
<value>${prices}</value>
<status status="PASS" start="2025-08-01T00:33:03.812658" elapsed="0.000100"/>
</return>
<msg time="2025-08-01T00:33:03.812946" level="INFO">${prices} = [49.99, 29.99, 15.99, 15.99, 9.99, 7.99]</msg>
<var>${prices}</var>
<status status="PASS" start="2025-08-01T00:33:03.723482" elapsed="0.089503"/>
</kw>
<kw name="Copy List" owner="Collections">
<msg time="2025-08-01T00:33:03.813391" level="INFO">${sorted_prices} = [49.99, 29.99, 15.99, 15.99, 9.99, 7.99]</msg>
<var>${sorted_prices}</var>
<arg>${prices}</arg>
<doc>Returns a copy of the given list.</doc>
<status status="PASS" start="2025-08-01T00:33:03.813128" elapsed="0.000303"/>
</kw>
<kw name="Sort List" owner="Collections">
<arg>${sorted_prices}</arg>
<doc>Sorts the given list in place.</doc>
<status status="PASS" start="2025-08-01T00:33:03.813578" elapsed="0.000220"/>
</kw>
<if>
<branch type="IF" condition="not ${ascending}">
<kw name="Reverse List" owner="Collections">
<arg>${sorted_prices}</arg>
<doc>Reverses the given list in place.</doc>
<status status="PASS" start="2025-08-01T00:33:03.814201" elapsed="0.000214"/>
</kw>
<status status="PASS" start="2025-08-01T00:33:03.813912" elapsed="0.000571"/>
</branch>
<status status="PASS" start="2025-08-01T00:33:03.813884" elapsed="0.000655"/>
</if>
<kw name="Lists Should Be Equal" owner="Collections">
<arg>${prices}</arg>
<arg>${sorted_prices}</arg>
<doc>Fails if given lists are unequal.</doc>
<status status="PASS" start="2025-08-01T00:33:03.814661" elapsed="0.000269"/>
</kw>
<arg>ascending=${False}</arg>
<status status="PASS" start="2025-08-01T00:33:03.722892" elapsed="0.092131"/>
</kw>
<kw name="Close Context" owner="Browser" type="TEARDOWN">
<msg time="2025-08-01T00:33:03.818294" level="INFO">Switching browser to CURRENT</msg>
<msg time="2025-08-01T00:33:03.819930" level="INFO">Returned active browser id. CURRENT</msg>
<msg time="2025-08-01T00:33:03.822267" level="INFO">Switching context to CURRENT in CURRENT</msg>
<msg time="2025-08-01T00:33:03.824003" level="INFO">Returned active context id: CURRENT</msg>
<msg time="2025-08-01T00:33:03.824850" level="INFO">Switching context to context=c3a33ef3-8ad7-4cc2-ade3-f2b5f342e142 in CURRENT</msg>
<msg time="2025-08-01T00:33:03.830491" level="INFO">Successfully changed active context: context=c3a33ef3-8ad7-4cc2-ade3-f2b5f342e142</msg>
<msg time="2025-08-01T00:33:03.836789" level="INFO">Successfully closed Context</msg>
<tag>BrowserControl</tag>
<tag>Setter</tag>
<doc>Closes a Context.</doc>
<status status="PASS" start="2025-08-01T00:33:03.815300" elapsed="0.021700"/>
</kw>
<doc>Verify sort order persists after adding items to cart</doc>
<tag>inventory</tag>
<tag>positive</tag>
<tag>sort</tag>
<status status="PASS" start="2025-08-01T00:33:01.474709" elapsed="2.362460"/>
</test>
<kw name="Close Browser" owner="Browser" type="TEARDOWN">
<msg time="2025-08-01T00:33:03.889593" level="INFO">Closed all browsers</msg>
<arg>ALL</arg>
<tag>BrowserControl</tag>
<tag>Setter</tag>
<doc>Closes the current browser.</doc>
<status status="PASS" start="2025-08-01T00:33:03.840611" elapsed="0.049167"/>
</kw>
<doc>Tests for product sorting functionality</doc>
<status status="PASS" start="2025-08-01T00:32:50.799629" elapsed="13.090248"/>
</suite>
<status status="PASS" start="2025-08-01T00:32:12.763819" elapsed="51.130889"/>
</suite>
<status status="PASS" start="2025-08-01T00:29:01.434388" elapsed="242.461307"/>
</suite>
<status status="PASS" start="2025-08-01T00:28:40.129130" elapsed="263.767336"/>
</suite>
<statistics>
<total>
<stat pass="51" fail="0" skip="0">All Tests</stat>
</total>
<tag>
<stat pass="9" fail="0" skip="0">api</stat>
<stat pass="4" fail="0" skip="0">api-style</stat>
<stat pass="3" fail="0" skip="0">auth</stat>
<stat pass="1" fail="0" skip="0">behavior</stat>
<stat pass="1" fail="0" skip="0">calculation</stat>
<stat pass="10" fail="0" skip="0">cart</stat>
<stat pass="11" fail="0" skip="0">checkout</stat>
<stat pass="5" fail="0" skip="0">data</stat>
<stat pass="4" fail="0" skip="0">details</stat>
<stat pass="1" fail="0" skip="0">error</stat>
<stat pass="1" fail="0" skip="0">errors</stat>
<stat pass="2" fail="0" skip="0">error_user</stat>
<stat pass="1" fail="0" skip="0">flow</stat>
<stat pass="15" fail="0" skip="0">inventory</stat>
<stat pass="9" fail="0" skip="0">login</stat>
<stat pass="5" fail="0" skip="0">mock</stat>
<stat pass="2" fail="0" skip="0">navigation</stat>
<stat pass="11" fail="0" skip="0">negative</stat>
<stat pass="1" fail="0" skip="0">performance</stat>
<stat pass="25" fail="0" skip="0">positive</stat>
<stat pass="3" fail="0" skip="0">products</stat>
<stat pass="1" fail="0" skip="0">regression</stat>
<stat pass="1" fail="0" skip="0">session</stat>
<stat pass="11" fail="0" skip="0">smoke</stat>
<stat pass="7" fail="0" skip="0">sort</stat>
<stat pass="2" fail="0" skip="0">state</stat>
<stat pass="12" fail="0" skip="0">validation</stat>
<stat pass="3" fail="0" skip="0">visual</stat>
<stat pass="2" fail="0" skip="0">visual_user</stat>
</tag>
<suite>
<stat name="Tests" id="s1" pass="51" fail="0" skip="0">Tests</stat>
<stat name="Api" id="s1-s1" pass="13" fail="0" skip="0">Tests.Api</stat>
<stat name="Browser-Api-Style-Tests" id="s1-s1-s1" pass="4" fail="0" skip="0">Tests.Api.Browser-Api-Style-Tests</stat>
<stat name="Data-Validation-Tests" id="s1-s1-s2" pass="4" fail="0" skip="0">Tests.Api.Data-Validation-Tests</stat>
<stat name="Mock-Api-Tests" id="s1-s1-s3" pass="5" fail="0" skip="0">Tests.Api.Mock-Api-Tests</stat>
<stat name="Ui" id="s1-s2" pass="38" fail="0" skip="0">Tests.Ui</stat>
<stat name="Authentication" id="s1-s2-s1" pass="13" fail="0" skip="0">Tests.Ui.Authentication</stat>
<stat name="Login-Validation" id="s1-s2-s1-s1" pass="9" fail="0" skip="0">Tests.Ui.Authentication.Login-Validation</stat>
<stat name="Special-Users" id="s1-s2-s1-s2" pass="4" fail="0" skip="0">Tests.Ui.Authentication.Special-Users</stat>
<stat name="Cart" id="s1-s2-s2" pass="4" fail="0" skip="0">Tests.Ui.Cart</stat>
<stat name="Cart-Management" id="s1-s2-s2-s1" pass="4" fail="0" skip="0">Tests.Ui.Cart.Cart-Management</stat>
<stat name="Checkout" id="s1-s2-s3" pass="9" fail="0" skip="0">Tests.Ui.Checkout</stat>
<stat name="Checkout-Process" id="s1-s2-s3-s1" pass="9" fail="0" skip="0">Tests.Ui.Checkout.Checkout-Process</stat>
<stat name="Inventory" id="s1-s2-s4" pass="12" fail="0" skip="0">Tests.Ui.Inventory</stat>
<stat name="Inventory-Details" id="s1-s2-s4-s1" pass="6" fail="0" skip="0">Tests.Ui.Inventory.Inventory-Details</stat>
<stat name="Product-Sorting" id="s1-s2-s4-s2" pass="6" fail="0" skip="0">Tests.Ui.Inventory.Product-Sorting</stat>
</suite>
</statistics>
<errors>
</errors>
</robot>
