<?xml version="1.0" encoding="UTF-8"?>
<robot generator="Robot 7.3.2 (Python 3.12.5 on darwin)" generated="2025-07-11T14:16:32.284141" rpa="false" schemaversion="5">
<suite id="s1" name="Ui" source="/Users/jodydewet/PycharmProjects/RobotSaucePOC/tests/ui">
<suite id="s1-s1" name="Authentication" source="/Users/jodydewet/PycharmProjects/RobotSaucePOC/tests/ui/authentication">
<suite id="s1-s1-s1" name="Login-Validation" source="/Users/jodydewet/PycharmProjects/RobotSaucePOC/tests/ui/authentication/login-validation.robot">
<kw name="Setup Browser" owner="browser-config" type="SETUP">
<kw name="New Browser" owner="Browser">
<msg time="2025-07-11T14:16:32.479628" level="INFO">{"browser": "chromium", "headless": true, "chromiumSandbox": false, "devtools": false, "handleSIGHUP": true, "handleSIGINT": true, "handleSIGTERM": true, "slowMo": 0.0, "timeout": 30000.0, "tracesDir": "/Users/jodydewet/PycharmProjects/RobotSaucePOC/results/browser/traces/temp/0fdd7e3a-ee00-4979-8ab9-75bf71715aa7"}</msg>
<msg time="2025-07-11T14:16:32.526183" level="INFO">Starting Browser process /Library/Frameworks/Python.framework/Versions/3.12/lib/python3.12/site-packages/Browser/wrapper/index.js using at 127.0.0.1:64094</msg>
<msg time="2025-07-11T14:16:34.245179" level="INFO">Successfully created browser with options: {"browser":"chromium","headless":true,"chromiumSandbox":false,"devtools":false,"handleSIGHUP":true,"handleSIGINT":true,"handleSIGTERM":true,"slowMo":0,"timeout":30000,"tracesDir":"/Users/jodydewet/PycharmProjects/RobotSaucePOC/results/browser/traces/temp/0fdd7e3a-ee00-4979-8ab9-75bf71715aa7"}</msg>
<arg>${browser}</arg>
<arg>headless=${headless}</arg>
<tag>BrowserControl</tag>
<tag>Setter</tag>
<doc>Create a new playwright Browser with specified options.</doc>
<status status="PASS" start="2025-07-11T14:16:32.478791" elapsed="1.766712"/>
</kw>
<kw name="New Context" owner="Browser">
<msg time="2025-07-11T14:16:34.248577" level="INFO">{
  "acceptDownloads": true,
  "bypassCSP": false,
  "forcedColors": "none",
  "ignoreHTTPSErrors": false,
  "javaScriptEnabled": true,
  "offline": false,
  "reducedMotion": "no-preference",
  "serviceWorkers": "allow",
  "viewport": {
    "width": 1920,
    "height": 1080
  }
}</msg>
<msg time="2025-07-11T14:16:34.259181" level="INFO">Successfully created context. </msg>
<msg time="2025-07-11T14:16:34.259263" level="INFO">{'acceptDownloads': True, 'bypassCSP': False, 'forcedColors': 'none', 'ignoreHTTPSErrors': False, 'javaScriptEnabled': True, 'offline': False, 'reducedMotion': 'no-preference', 'serviceWorkers': 'allow', 'viewport': {'width': 1920, 'height': 1080}}</msg>
<arg>viewport={'width': 1920, 'height': 1080}</arg>
<tag>BrowserControl</tag>
<tag>Setter</tag>
<doc>Create a new BrowserContext with specified options.</doc>
<status status="PASS" start="2025-07-11T14:16:34.245945" elapsed="0.013421"/>
</kw>
<kw name="Set Browser Timeout" owner="Browser">
<arg>${BROWSER_TIMEOUT}</arg>
<tag>Config</tag>
<tag>Setter</tag>
<doc>Sets the timeout used by most input and getter keywords.</doc>
<status status="PASS" start="2025-07-11T14:16:34.259625" elapsed="0.003372"/>
</kw>
<status status="PASS" start="2025-07-11T14:16:32.477997" elapsed="1.785169"/>
</kw>
<test id="s1-s1-s1-t1" name="Valid Login With Standard User" line="12">
<kw name="Setup Login Test Context" owner="login-steps" type="SETUP">
<kw name="New Context" owner="Browser">
<msg time="2025-07-11T14:16:34.268884" level="INFO">{
  "acceptDownloads": true,
  "bypassCSP": false,
  "forcedColors": "none",
  "ignoreHTTPSErrors": false,
  "javaScriptEnabled": true,
  "offline": false,
  "reducedMotion": "no-preference",
  "serviceWorkers": "allow",
  "viewport": {
    "width": 1920,
    "height": 1080
  }
}</msg>
<msg time="2025-07-11T14:16:34.273902" level="INFO">Successfully created context. </msg>
<msg time="2025-07-11T14:16:34.273982" level="INFO">{'acceptDownloads': True, 'bypassCSP': False, 'forcedColors': 'none', 'ignoreHTTPSErrors': False, 'javaScriptEnabled': True, 'offline': False, 'reducedMotion': 'no-preference', 'serviceWorkers': 'allow', 'viewport': {'width': 1920, 'height': 1080}}</msg>
<arg>viewport={'width': 1920, 'height': 1080}</arg>
<tag>BrowserControl</tag>
<tag>Setter</tag>
<doc>Create a new BrowserContext with specified options.</doc>
<status status="PASS" start="2025-07-11T14:16:34.267369" elapsed="0.006697"/>
</kw>
<status status="PASS" start="2025-07-11T14:16:34.266974" elapsed="0.007213"/>
</kw>
<kw name="Login As Standard User" owner="login-keywords">
<kw name="Open Login Page" owner="login-keywords">
<kw name="New Page" owner="Browser">
<msg time="2025-07-11T14:16:35.232067" level="INFO">Successfully initialized new page object and opened url: https://www.saucedemo.com</msg>
<arg>${BASE_URL}</arg>
<tag>BrowserControl</tag>
<tag>Setter</tag>
<doc>Open a new Page.</doc>
<status status="PASS" start="2025-07-11T14:16:34.275455" elapsed="0.956817"/>
</kw>
<kw name="Wait For Elements State" owner="Browser">
<msg time="2025-07-11T14:16:35.268439" level="INFO">Waited for Element with selector id=user-name at state visible</msg>
<arg>${LOGIN_USERNAME_INPUT}</arg>
<arg>visible</arg>
<tag>PageContent</tag>
<tag>Wait</tag>
<doc>Waits for the element found by ``selector`` to satisfy state option.</doc>
<status status="PASS" start="2025-07-11T14:16:35.232493" elapsed="0.036112"/>
</kw>
<status status="PASS" start="2025-07-11T14:16:34.275116" elapsed="0.993617"/>
</kw>
<kw name="Enter Credentials" owner="login-keywords">
<kw name="Type Text" owner="Browser">
<msg time="2025-07-11T14:16:35.269937" level="INFO">Types the text 'standard_user' in the given field.</msg>
<arg>${LOGIN_USERNAME_INPUT}</arg>
<arg>${username}</arg>
<tag>PageContent</tag>
<tag>Setter</tag>
<doc>Types the given ``txt`` into the text field found by ``selector``.</doc>
<status status="PASS" start="2025-07-11T14:16:35.269371" elapsed="0.061280"/>
</kw>
<kw name="Type Text" owner="Browser">
<msg time="2025-07-11T14:16:35.331462" level="INFO">Types the text 'secret_sauce' in the given field.</msg>
<arg>${LOGIN_PASSWORD_INPUT}</arg>
<arg>${password}</arg>
<tag>PageContent</tag>
<tag>Setter</tag>
<doc>Types the given ``txt`` into the text field found by ``selector``.</doc>
<status status="PASS" start="2025-07-11T14:16:35.330855" elapsed="0.073078"/>
</kw>
<arg>standard_user</arg>
<arg>secret_sauce</arg>
<status status="PASS" start="2025-07-11T14:16:35.268943" elapsed="0.135122"/>
</kw>
<kw name="Submit Login Form" owner="login-keywords">
<kw name="Click" owner="Browser">
<msg time="2025-07-11T14:16:35.405143" level="INFO">Clicks the element 'id=login-button'.</msg>
<arg>${LOGIN_BUTTON}</arg>
<tag>PageContent</tag>
<tag>Setter</tag>
<doc>Simulates mouse click on the element found by ``selector``.</doc>
<status status="PASS" start="2025-07-11T14:16:35.404623" elapsed="0.062643"/>
</kw>
<status status="PASS" start="2025-07-11T14:16:35.404252" elapsed="0.063242"/>
</kw>
<kw name="Verify Successful Login" owner="login-keywords">
<kw name="Wait For Elements State" owner="Browser">
<msg time="2025-07-11T14:16:35.473949" level="INFO">Waited for Element with selector data-test=inventory-container at state visible</msg>
<arg>${INVENTORY_CONTAINER}</arg>
<arg>visible</arg>
<tag>PageContent</tag>
<tag>Wait</tag>
<doc>Waits for the element found by ``selector`` to satisfy state option.</doc>
<status status="PASS" start="2025-07-11T14:16:35.468314" elapsed="0.005799"/>
</kw>
<status status="PASS" start="2025-07-11T14:16:35.467876" elapsed="0.006369"/>
</kw>
<doc>Logs in using standard_user credentials</doc>
<status status="PASS" start="2025-07-11T14:16:34.274579" elapsed="1.199743"/>
</kw>
<kw name="Close Context" owner="Browser" type="TEARDOWN">
<msg time="2025-07-11T14:16:35.478647" level="INFO">Switching browser to CURRENT</msg>
<msg time="2025-07-11T14:16:35.481137" level="INFO">Returned active browser id. CURRENT</msg>
<msg time="2025-07-11T14:16:35.483884" level="INFO">Switching context to CURRENT in CURRENT</msg>
<msg time="2025-07-11T14:16:35.486260" level="INFO">Returned active context id: CURRENT</msg>
<msg time="2025-07-11T14:16:35.487044" level="INFO">Switching context to context=e37822f3-b89f-4c83-8a94-79f466ae571c in CURRENT</msg>
<msg time="2025-07-11T14:16:35.492656" level="INFO">Successfully changed active context: context=e37822f3-b89f-4c83-8a94-79f466ae571c</msg>
<msg time="2025-07-11T14:16:35.583351" level="INFO">Successfully closed Context</msg>
<tag>BrowserControl</tag>
<tag>Setter</tag>
<doc>Closes a Context.</doc>
<status status="PASS" start="2025-07-11T14:16:35.474785" elapsed="0.108753"/>
</kw>
<doc>Verify standard user can login successfully</doc>
<tag>login</tag>
<tag>positive</tag>
<tag>smoke</tag>
<status status="PASS" start="2025-07-11T14:16:34.263307" elapsed="1.320399"/>
</test>
<test id="s1-s1-s1-t2" name="Locked Out User Cannot Login" line="17">
<kw name="Setup Login Test Context" owner="login-steps" type="SETUP">
<kw name="New Context" owner="Browser">
<msg time="2025-07-11T14:16:35.592424" level="INFO">{
  "acceptDownloads": true,
  "bypassCSP": false,
  "forcedColors": "none",
  "ignoreHTTPSErrors": false,
  "javaScriptEnabled": true,
  "offline": false,
  "reducedMotion": "no-preference",
  "serviceWorkers": "allow",
  "viewport": {
    "width": 1920,
    "height": 1080
  }
}</msg>
<msg time="2025-07-11T14:16:35.596812" level="INFO">Successfully created context. </msg>
<msg time="2025-07-11T14:16:35.596898" level="INFO">{'acceptDownloads': True, 'bypassCSP': False, 'forcedColors': 'none', 'ignoreHTTPSErrors': False, 'javaScriptEnabled': True, 'offline': False, 'reducedMotion': 'no-preference', 'serviceWorkers': 'allow', 'viewport': {'width': 1920, 'height': 1080}}</msg>
<arg>viewport={'width': 1920, 'height': 1080}</arg>
<tag>BrowserControl</tag>
<tag>Setter</tag>
<doc>Create a new BrowserContext with specified options.</doc>
<status status="PASS" start="2025-07-11T14:16:35.590567" elapsed="0.006421"/>
</kw>
<status status="PASS" start="2025-07-11T14:16:35.590100" elapsed="0.007017"/>
</kw>
<kw name="Open Login Page" owner="login-keywords">
<kw name="New Page" owner="Browser">
<msg time="2025-07-11T14:16:36.470367" level="INFO">Successfully initialized new page object and opened url: https://www.saucedemo.com</msg>
<arg>${BASE_URL}</arg>
<tag>BrowserControl</tag>
<tag>Setter</tag>
<doc>Open a new Page.</doc>
<status status="PASS" start="2025-07-11T14:16:35.597791" elapsed="0.872783"/>
</kw>
<kw name="Wait For Elements State" owner="Browser">
<msg time="2025-07-11T14:16:36.498126" level="INFO">Waited for Element with selector id=user-name at state visible</msg>
<arg>${LOGIN_USERNAME_INPUT}</arg>
<arg>visible</arg>
<tag>PageContent</tag>
<tag>Wait</tag>
<doc>Waits for the element found by ``selector`` to satisfy state option.</doc>
<status status="PASS" start="2025-07-11T14:16:36.470787" elapsed="0.027506"/>
</kw>
<status status="PASS" start="2025-07-11T14:16:35.597401" elapsed="0.901031"/>
</kw>
<kw name="Handle Special User Login" owner="login-keywords">
<kw name="Enter Credentials" owner="login-keywords">
<kw name="Type Text" owner="Browser">
<msg time="2025-07-11T14:16:36.500283" level="INFO">Types the text 'locked_out_user' in the given field.</msg>
<arg>${LOGIN_USERNAME_INPUT}</arg>
<arg>${username}</arg>
<tag>PageContent</tag>
<tag>Setter</tag>
<doc>Types the given ``txt`` into the text field found by ``selector``.</doc>
<status status="PASS" start="2025-07-11T14:16:36.499728" elapsed="0.040180"/>
</kw>
<kw name="Type Text" owner="Browser">
<msg time="2025-07-11T14:16:36.540910" level="INFO">Types the text 'secret_sauce' in the given field.</msg>
<arg>${LOGIN_PASSWORD_INPUT}</arg>
<arg>${password}</arg>
<tag>PageContent</tag>
<tag>Setter</tag>
<doc>Types the given ``txt`` into the text field found by ``selector``.</doc>
<status status="PASS" start="2025-07-11T14:16:36.540143" elapsed="0.075401"/>
</kw>
<arg>${username}</arg>
<arg>${password}</arg>
<status status="PASS" start="2025-07-11T14:16:36.499305" elapsed="0.116372"/>
</kw>
<kw name="Submit Login Form" owner="login-keywords">
<kw name="Click" owner="Browser">
<msg time="2025-07-11T14:16:36.616682" level="INFO">Clicks the element 'id=login-button'.</msg>
<arg>${LOGIN_BUTTON}</arg>
<tag>PageContent</tag>
<tag>Setter</tag>
<doc>Simulates mouse click on the element found by ``selector``.</doc>
<status status="PASS" start="2025-07-11T14:16:36.616203" elapsed="0.049673"/>
</kw>
<status status="PASS" start="2025-07-11T14:16:36.615865" elapsed="0.050169"/>
</kw>
<if>
<branch type="IF" condition="&quot;${username}&quot; == &quot;locked_out_user&quot;">
<kw name="Verify Login Error Message" owner="login-keywords">
<kw name="Get Text" owner="Browser">
<msg time="2025-07-11T14:16:36.692624" level="INFO">Text: 'Epic sadface: Sorry, this user has been locked out.'</msg>
<arg>${LOGIN_ERROR_MESSAGE}</arg>
<arg>==</arg>
<arg>${expected_error}</arg>
<tag>Assertion</tag>
<tag>Getter</tag>
<tag>PageContent</tag>
<doc>Returns text attribute of the element found by ``selector``.</doc>
<status status="PASS" start="2025-07-11T14:16:36.667116" elapsed="0.025651"/>
</kw>
<arg>Epic sadface: Sorry, this user has been locked out.</arg>
<status status="PASS" start="2025-07-11T14:16:36.666720" elapsed="0.026177"/>
</kw>
<status status="PASS" start="2025-07-11T14:16:36.666276" elapsed="0.026681"/>
</branch>
<branch type="ELSE IF" condition="&quot;${username}&quot; == &quot;problem_user&quot;">
<kw name="Verify Successful Login" owner="login-keywords">
<status status="NOT RUN" start="2025-07-11T14:16:36.693333" elapsed="0.000094"/>
</kw>
<status status="NOT RUN" start="2025-07-11T14:16:36.693035" elapsed="0.000448"/>
</branch>
<branch type="ELSE IF" condition="&quot;${username}&quot; == &quot;performance_glitch_user&quot;">
<kw name="Set Browser Timeout" owner="Browser">
<arg>30s</arg>
<tag>Config</tag>
<tag>Setter</tag>
<doc>Sets the timeout used by most input and getter keywords.</doc>
<status status="NOT RUN" start="2025-07-11T14:16:36.693720" elapsed="0.000082"/>
</kw>
<kw name="Verify Successful Login" owner="login-keywords">
<status status="NOT RUN" start="2025-07-11T14:16:36.693984" elapsed="0.000080"/>
</kw>
<kw name="Set Browser Timeout" owner="Browser">
<arg>10s</arg>
<tag>Config</tag>
<tag>Setter</tag>
<doc>Sets the timeout used by most input and getter keywords.</doc>
<status status="NOT RUN" start="2025-07-11T14:16:36.694187" elapsed="0.000076"/>
</kw>
<status status="NOT RUN" start="2025-07-11T14:16:36.693540" elapsed="0.000786"/>
</branch>
<branch type="ELSE">
<kw name="Verify Successful Login" owner="login-keywords">
<status status="NOT RUN" start="2025-07-11T14:16:36.694576" elapsed="0.000146"/>
</kw>
<status status="NOT RUN" start="2025-07-11T14:16:36.694378" elapsed="0.000412"/>
</branch>
<status status="PASS" start="2025-07-11T14:16:36.666220" elapsed="0.028622"/>
</if>
<arg>locked_out_user</arg>
<arg>secret_sauce</arg>
<status status="PASS" start="2025-07-11T14:16:36.498849" elapsed="0.196067"/>
</kw>
<kw name="Close Context" owner="Browser" type="TEARDOWN">
<msg time="2025-07-11T14:16:36.698358" level="INFO">Switching browser to CURRENT</msg>
<msg time="2025-07-11T14:16:36.700196" level="INFO">Returned active browser id. CURRENT</msg>
<msg time="2025-07-11T14:16:36.702620" level="INFO">Switching context to CURRENT in CURRENT</msg>
<msg time="2025-07-11T14:16:36.704619" level="INFO">Returned active context id: CURRENT</msg>
<msg time="2025-07-11T14:16:36.705409" level="INFO">Switching context to context=5ed46d43-c45e-4108-a684-d2e5b99d3eaa in CURRENT</msg>
<msg time="2025-07-11T14:16:36.727344" level="INFO">Successfully changed active context: context=5ed46d43-c45e-4108-a684-d2e5b99d3eaa</msg>
<msg time="2025-07-11T14:16:36.735195" level="INFO">Successfully closed Context</msg>
<tag>BrowserControl</tag>
<tag>Setter</tag>
<doc>Closes a Context.</doc>
<status status="PASS" start="2025-07-11T14:16:36.695215" elapsed="0.040174"/>
</kw>
<doc>Verify locked out user cannot access the system</doc>
<tag>login</tag>
<tag>negative</tag>
<tag>smoke</tag>
<status status="PASS" start="2025-07-11T14:16:35.587502" elapsed="1.148051"/>
</test>
<test id="s1-s1-s1-t3" name="Performance Glitch User Can Login" line="23">
<kw name="Setup Login Test Context" owner="login-steps" type="SETUP">
<kw name="New Context" owner="Browser">
<msg time="2025-07-11T14:16:36.744514" level="INFO">{
  "acceptDownloads": true,
  "bypassCSP": false,
  "forcedColors": "none",
  "ignoreHTTPSErrors": false,
  "javaScriptEnabled": true,
  "offline": false,
  "reducedMotion": "no-preference",
  "serviceWorkers": "allow",
  "viewport": {
    "width": 1920,
    "height": 1080
  }
}</msg>
<msg time="2025-07-11T14:16:36.748638" level="INFO">Successfully created context. </msg>
<msg time="2025-07-11T14:16:36.748719" level="INFO">{'acceptDownloads': True, 'bypassCSP': False, 'forcedColors': 'none', 'ignoreHTTPSErrors': False, 'javaScriptEnabled': True, 'offline': False, 'reducedMotion': 'no-preference', 'serviceWorkers': 'allow', 'viewport': {'width': 1920, 'height': 1080}}</msg>
<arg>viewport={'width': 1920, 'height': 1080}</arg>
<tag>BrowserControl</tag>
<tag>Setter</tag>
<doc>Create a new BrowserContext with specified options.</doc>
<status status="PASS" start="2025-07-11T14:16:36.742586" elapsed="0.006224"/>
</kw>
<status status="PASS" start="2025-07-11T14:16:36.742109" elapsed="0.006827"/>
</kw>
<kw name="Open Login Page" owner="login-keywords">
<kw name="New Page" owner="Browser">
<msg time="2025-07-11T14:16:37.631741" level="INFO">Successfully initialized new page object and opened url: https://www.saucedemo.com</msg>
<arg>${BASE_URL}</arg>
<tag>BrowserControl</tag>
<tag>Setter</tag>
<doc>Open a new Page.</doc>
<status status="PASS" start="2025-07-11T14:16:36.749603" elapsed="0.882367"/>
</kw>
<kw name="Wait For Elements State" owner="Browser">
<msg time="2025-07-11T14:16:37.658877" level="INFO">Waited for Element with selector id=user-name at state visible</msg>
<arg>${LOGIN_USERNAME_INPUT}</arg>
<arg>visible</arg>
<tag>PageContent</tag>
<tag>Wait</tag>
<doc>Waits for the element found by ``selector`` to satisfy state option.</doc>
<status status="PASS" start="2025-07-11T14:16:37.632398" elapsed="0.026664"/>
</kw>
<status status="PASS" start="2025-07-11T14:16:36.749214" elapsed="0.909989"/>
</kw>
<kw name="Handle Special User Login" owner="login-keywords">
<kw name="Enter Credentials" owner="login-keywords">
<kw name="Type Text" owner="Browser">
<msg time="2025-07-11T14:16:37.661182" level="INFO">Types the text 'performance_glitch_user' in the given field.</msg>
<arg>${LOGIN_USERNAME_INPUT}</arg>
<arg>${username}</arg>
<tag>PageContent</tag>
<tag>Setter</tag>
<doc>Types the given ``txt`` into the text field found by ``selector``.</doc>
<status status="PASS" start="2025-07-11T14:16:37.660487" elapsed="0.049955"/>
</kw>
<kw name="Type Text" owner="Browser">
<msg time="2025-07-11T14:16:37.711278" level="INFO">Types the text 'secret_sauce' in the given field.</msg>
<arg>${LOGIN_PASSWORD_INPUT}</arg>
<arg>${password}</arg>
<tag>PageContent</tag>
<tag>Setter</tag>
<doc>Types the given ``txt`` into the text field found by ``selector``.</doc>
<status status="PASS" start="2025-07-11T14:16:37.710663" elapsed="0.071137"/>
</kw>
<arg>${username}</arg>
<arg>${password}</arg>
<status status="PASS" start="2025-07-11T14:16:37.660061" elapsed="0.121873"/>
</kw>
<kw name="Submit Login Form" owner="login-keywords">
<kw name="Click" owner="Browser">
<msg time="2025-07-11T14:16:37.782958" level="INFO">Clicks the element 'id=login-button'.</msg>
<arg>${LOGIN_BUTTON}</arg>
<tag>PageContent</tag>
<tag>Setter</tag>
<doc>Simulates mouse click on the element found by ``selector``.</doc>
<status status="PASS" start="2025-07-11T14:16:37.782480" elapsed="5.064753"/>
</kw>
<status status="PASS" start="2025-07-11T14:16:37.782122" elapsed="5.065236"/>
</kw>
<if>
<branch type="IF" condition="&quot;${username}&quot; == &quot;locked_out_user&quot;">
<kw name="Verify Login Error Message" owner="login-keywords">
<arg>Epic sadface: Sorry, this user has been locked out.</arg>
<status status="NOT RUN" start="2025-07-11T14:16:42.847903" elapsed="0.000082"/>
</kw>
<status status="NOT RUN" start="2025-07-11T14:16:42.847518" elapsed="0.000521"/>
</branch>
<branch type="ELSE IF" condition="&quot;${username}&quot; == &quot;problem_user&quot;">
<kw name="Verify Successful Login" owner="login-keywords">
<status status="NOT RUN" start="2025-07-11T14:16:42.848336" elapsed="0.000073"/>
</kw>
<status status="NOT RUN" start="2025-07-11T14:16:42.848089" elapsed="0.000366"/>
</branch>
<branch type="ELSE IF" condition="&quot;${username}&quot; == &quot;performance_glitch_user&quot;">
<kw name="Set Browser Timeout" owner="Browser">
<arg>30s</arg>
<tag>Config</tag>
<tag>Setter</tag>
<doc>Sets the timeout used by most input and getter keywords.</doc>
<status status="PASS" start="2025-07-11T14:16:42.848748" elapsed="0.000522"/>
</kw>
<kw name="Verify Successful Login" owner="login-keywords">
<kw name="Wait For Elements State" owner="Browser">
<msg time="2025-07-11T14:16:42.854856" level="INFO">Waited for Element with selector data-test=inventory-container at state visible</msg>
<arg>${INVENTORY_CONTAINER}</arg>
<arg>visible</arg>
<tag>PageContent</tag>
<tag>Wait</tag>
<doc>Waits for the element found by ``selector`` to satisfy state option.</doc>
<status status="PASS" start="2025-07-11T14:16:42.849720" elapsed="0.005294"/>
</kw>
<status status="PASS" start="2025-07-11T14:16:42.849428" elapsed="0.005707"/>
</kw>
<kw name="Set Browser Timeout" owner="Browser">
<arg>10s</arg>
<tag>Config</tag>
<tag>Setter</tag>
<doc>Sets the timeout used by most input and getter keywords.</doc>
<status status="PASS" start="2025-07-11T14:16:42.855279" elapsed="0.002581"/>
</kw>
<status status="PASS" start="2025-07-11T14:16:42.848501" elapsed="0.009451"/>
</branch>
<branch type="ELSE">
<kw name="Verify Successful Login" owner="login-keywords">
<status status="NOT RUN" start="2025-07-11T14:16:42.858265" elapsed="0.000086"/>
</kw>
<status status="NOT RUN" start="2025-07-11T14:16:42.858015" elapsed="0.000387"/>
</branch>
<status status="PASS" start="2025-07-11T14:16:42.847484" elapsed="0.010962"/>
</if>
<arg>performance_glitch_user</arg>
<arg>secret_sauce</arg>
<status status="PASS" start="2025-07-11T14:16:37.659590" elapsed="5.198926"/>
</kw>
<kw name="Close Context" owner="Browser" type="TEARDOWN">
<msg time="2025-07-11T14:16:42.861887" level="INFO">Switching browser to CURRENT</msg>
<msg time="2025-07-11T14:16:42.863624" level="INFO">Returned active browser id. CURRENT</msg>
<msg time="2025-07-11T14:16:42.866061" level="INFO">Switching context to CURRENT in CURRENT</msg>
<msg time="2025-07-11T14:16:42.867889" level="INFO">Returned active context id: CURRENT</msg>
<msg time="2025-07-11T14:16:42.868576" level="INFO">Switching context to context=5cffcb65-0b25-4bfa-8131-87c33bc98e99 in CURRENT</msg>
<msg time="2025-07-11T14:16:42.872962" level="INFO">Successfully changed active context: context=5cffcb65-0b25-4bfa-8131-87c33bc98e99</msg>
<msg time="2025-07-11T14:16:42.931698" level="INFO">Successfully closed Context</msg>
<tag>BrowserControl</tag>
<tag>Setter</tag>
<doc>Closes a Context.</doc>
<status status="PASS" start="2025-07-11T14:16:42.858775" elapsed="0.073117"/>
</kw>
<doc>Verify performance_glitch_user can login with extended timeout</doc>
<tag>login</tag>
<tag>performance</tag>
<tag>smoke</tag>
<status status="PASS" start="2025-07-11T14:16:36.739379" elapsed="6.192686"/>
</test>
<test id="s1-s1-s1-t4" name="Error User Login" line="29">
<kw name="Setup Login Test Context" owner="login-steps" type="SETUP">
<kw name="New Context" owner="Browser">
<msg time="2025-07-11T14:16:42.951718" level="INFO">{
  "acceptDownloads": true,
  "bypassCSP": false,
  "forcedColors": "none",
  "ignoreHTTPSErrors": false,
  "javaScriptEnabled": true,
  "offline": false,
  "reducedMotion": "no-preference",
  "serviceWorkers": "allow",
  "viewport": {
    "width": 1920,
    "height": 1080
  }
}</msg>
<msg time="2025-07-11T14:16:42.956375" level="INFO">Successfully created context. </msg>
<msg time="2025-07-11T14:16:42.956463" level="INFO">{'acceptDownloads': True, 'bypassCSP': False, 'forcedColors': 'none', 'ignoreHTTPSErrors': False, 'javaScriptEnabled': True, 'offline': False, 'reducedMotion': 'no-preference', 'serviceWorkers': 'allow', 'viewport': {'width': 1920, 'height': 1080}}</msg>
<arg>viewport={'width': 1920, 'height': 1080}</arg>
<tag>BrowserControl</tag>
<tag>Setter</tag>
<doc>Create a new BrowserContext with specified options.</doc>
<status status="PASS" start="2025-07-11T14:16:42.937354" elapsed="0.019201"/>
</kw>
<status status="PASS" start="2025-07-11T14:16:42.936903" elapsed="0.019785"/>
</kw>
<kw name="Open Login Page" owner="login-keywords">
<kw name="New Page" owner="Browser">
<msg time="2025-07-11T14:16:43.845838" level="INFO">Successfully initialized new page object and opened url: https://www.saucedemo.com</msg>
<arg>${BASE_URL}</arg>
<tag>BrowserControl</tag>
<tag>Setter</tag>
<doc>Open a new Page.</doc>
<status status="PASS" start="2025-07-11T14:16:42.957550" elapsed="0.888609"/>
</kw>
<kw name="Wait For Elements State" owner="Browser">
<msg time="2025-07-11T14:16:43.872352" level="INFO">Waited for Element with selector id=user-name at state visible</msg>
<arg>${LOGIN_USERNAME_INPUT}</arg>
<arg>visible</arg>
<tag>PageContent</tag>
<tag>Wait</tag>
<doc>Waits for the element found by ``selector`` to satisfy state option.</doc>
<status status="PASS" start="2025-07-11T14:16:43.846431" elapsed="0.026094"/>
</kw>
<status status="PASS" start="2025-07-11T14:16:42.957133" elapsed="0.915529"/>
</kw>
<kw name="Handle Special User Login" owner="login-keywords">
<kw name="Enter Credentials" owner="login-keywords">
<kw name="Type Text" owner="Browser">
<msg time="2025-07-11T14:16:43.874606" level="INFO">Types the text 'error_user' in the given field.</msg>
<arg>${LOGIN_USERNAME_INPUT}</arg>
<arg>${username}</arg>
<tag>PageContent</tag>
<tag>Setter</tag>
<doc>Types the given ``txt`` into the text field found by ``selector``.</doc>
<status status="PASS" start="2025-07-11T14:16:43.873943" elapsed="0.031834"/>
</kw>
<kw name="Type Text" owner="Browser">
<msg time="2025-07-11T14:16:43.906635" level="INFO">Types the text 'secret_sauce' in the given field.</msg>
<arg>${LOGIN_PASSWORD_INPUT}</arg>
<arg>${password}</arg>
<tag>PageContent</tag>
<tag>Setter</tag>
<doc>Types the given ``txt`` into the text field found by ``selector``.</doc>
<status status="PASS" start="2025-07-11T14:16:43.906000" elapsed="0.079920"/>
</kw>
<arg>${username}</arg>
<arg>${password}</arg>
<status status="PASS" start="2025-07-11T14:16:43.873510" elapsed="0.112544"/>
</kw>
<kw name="Submit Login Form" owner="login-keywords">
<kw name="Click" owner="Browser">
<msg time="2025-07-11T14:16:43.987062" level="INFO">Clicks the element 'id=login-button'.</msg>
<arg>${LOGIN_BUTTON}</arg>
<tag>PageContent</tag>
<tag>Setter</tag>
<doc>Simulates mouse click on the element found by ``selector``.</doc>
<status status="PASS" start="2025-07-11T14:16:43.986586" elapsed="0.058470"/>
</kw>
<status status="PASS" start="2025-07-11T14:16:43.986242" elapsed="0.058951"/>
</kw>
<if>
<branch type="IF" condition="&quot;${username}&quot; == &quot;locked_out_user&quot;">
<kw name="Verify Login Error Message" owner="login-keywords">
<arg>Epic sadface: Sorry, this user has been locked out.</arg>
<status status="NOT RUN" start="2025-07-11T14:16:44.045690" elapsed="0.000090"/>
</kw>
<status status="NOT RUN" start="2025-07-11T14:16:44.045304" elapsed="0.000535"/>
</branch>
<branch type="ELSE IF" condition="&quot;${username}&quot; == &quot;problem_user&quot;">
<kw name="Verify Successful Login" owner="login-keywords">
<status status="NOT RUN" start="2025-07-11T14:16:44.046364" elapsed="0.000159"/>
</kw>
<status status="NOT RUN" start="2025-07-11T14:16:44.045893" elapsed="0.000712"/>
</branch>
<branch type="ELSE IF" condition="&quot;${username}&quot; == &quot;performance_glitch_user&quot;">
<kw name="Set Browser Timeout" owner="Browser">
<arg>30s</arg>
<tag>Config</tag>
<tag>Setter</tag>
<doc>Sets the timeout used by most input and getter keywords.</doc>
<status status="NOT RUN" start="2025-07-11T14:16:44.047018" elapsed="0.000110"/>
</kw>
<kw name="Verify Successful Login" owner="login-keywords">
<status status="NOT RUN" start="2025-07-11T14:16:44.047307" elapsed="0.000085"/>
</kw>
<kw name="Set Browser Timeout" owner="Browser">
<arg>10s</arg>
<tag>Config</tag>
<tag>Setter</tag>
<doc>Sets the timeout used by most input and getter keywords.</doc>
<status status="NOT RUN" start="2025-07-11T14:16:44.047521" elapsed="0.000077"/>
</kw>
<status status="NOT RUN" start="2025-07-11T14:16:44.046712" elapsed="0.000951"/>
</branch>
<branch type="ELSE">
<kw name="Verify Successful Login" owner="login-keywords">
<kw name="Wait For Elements State" owner="Browser">
<msg time="2025-07-11T14:16:44.053061" level="INFO">Waited for Element with selector data-test=inventory-container at state visible</msg>
<arg>${INVENTORY_CONTAINER}</arg>
<arg>visible</arg>
<tag>PageContent</tag>
<tag>Wait</tag>
<doc>Waits for the element found by ``selector`` to satisfy state option.</doc>
<status status="PASS" start="2025-07-11T14:16:44.048255" elapsed="0.004972"/>
</kw>
<status status="PASS" start="2025-07-11T14:16:44.047905" elapsed="0.005449"/>
</kw>
<status status="PASS" start="2025-07-11T14:16:44.047717" elapsed="0.005691"/>
</branch>
<status status="PASS" start="2025-07-11T14:16:44.045272" elapsed="0.008191"/>
</if>
<arg>error_user</arg>
<arg>secret_sauce</arg>
<status status="PASS" start="2025-07-11T14:16:43.873040" elapsed="0.180490"/>
</kw>
<kw name="Close Context" owner="Browser" type="TEARDOWN">
<msg time="2025-07-11T14:16:44.057392" level="INFO">Switching browser to CURRENT</msg>
<msg time="2025-07-11T14:16:44.059338" level="INFO">Returned active browser id. CURRENT</msg>
<msg time="2025-07-11T14:16:44.061866" level="INFO">Switching context to CURRENT in CURRENT</msg>
<msg time="2025-07-11T14:16:44.063744" level="INFO">Returned active context id: CURRENT</msg>
<msg time="2025-07-11T14:16:44.064475" level="INFO">Switching context to context=c752670c-4e68-49ae-86b2-cec1f22047a6 in CURRENT</msg>
<msg time="2025-07-11T14:16:44.068411" level="INFO">Successfully changed active context: context=c752670c-4e68-49ae-86b2-cec1f22047a6</msg>
<msg time="2025-07-11T14:16:44.074642" level="INFO">Successfully closed Context</msg>
<tag>BrowserControl</tag>
<tag>Setter</tag>
<doc>Closes a Context.</doc>
<status status="PASS" start="2025-07-11T14:16:44.053825" elapsed="0.021020"/>
</kw>
<doc>Verify error_user can login but sees errors</doc>
<tag>error</tag>
<tag>login</tag>
<tag>smoke</tag>
<status status="PASS" start="2025-07-11T14:16:42.934489" elapsed="1.140513"/>
</test>
<test id="s1-s1-s1-t5" name="Visual User Login" line="35">
<kw name="Setup Login Test Context" owner="login-steps" type="SETUP">
<kw name="New Context" owner="Browser">
<msg time="2025-07-11T14:16:44.083976" level="INFO">{
  "acceptDownloads": true,
  "bypassCSP": false,
  "forcedColors": "none",
  "ignoreHTTPSErrors": false,
  "javaScriptEnabled": true,
  "offline": false,
  "reducedMotion": "no-preference",
  "serviceWorkers": "allow",
  "viewport": {
    "width": 1920,
    "height": 1080
  }
}</msg>
<msg time="2025-07-11T14:16:44.088289" level="INFO">Successfully created context. </msg>
<msg time="2025-07-11T14:16:44.088372" level="INFO">{'acceptDownloads': True, 'bypassCSP': False, 'forcedColors': 'none', 'ignoreHTTPSErrors': False, 'javaScriptEnabled': True, 'offline': False, 'reducedMotion': 'no-preference', 'serviceWorkers': 'allow', 'viewport': {'width': 1920, 'height': 1080}}</msg>
<arg>viewport={'width': 1920, 'height': 1080}</arg>
<tag>BrowserControl</tag>
<tag>Setter</tag>
<doc>Create a new BrowserContext with specified options.</doc>
<status status="PASS" start="2025-07-11T14:16:44.082118" elapsed="0.006343"/>
</kw>
<status status="PASS" start="2025-07-11T14:16:44.081638" elapsed="0.006951"/>
</kw>
<kw name="Open Login Page" owner="login-keywords">
<kw name="New Page" owner="Browser">
<msg time="2025-07-11T14:16:44.973984" level="INFO">Successfully initialized new page object and opened url: https://www.saucedemo.com</msg>
<arg>${BASE_URL}</arg>
<tag>BrowserControl</tag>
<tag>Setter</tag>
<doc>Open a new Page.</doc>
<status status="PASS" start="2025-07-11T14:16:44.089258" elapsed="0.884945"/>
</kw>
<kw name="Wait For Elements State" owner="Browser">
<msg time="2025-07-11T14:16:45.000638" level="INFO">Waited for Element with selector id=user-name at state visible</msg>
<arg>${LOGIN_USERNAME_INPUT}</arg>
<arg>visible</arg>
<tag>PageContent</tag>
<tag>Wait</tag>
<doc>Waits for the element found by ``selector`` to satisfy state option.</doc>
<status status="PASS" start="2025-07-11T14:16:44.974414" elapsed="0.026390"/>
</kw>
<status status="PASS" start="2025-07-11T14:16:44.088867" elapsed="0.912075"/>
</kw>
<kw name="Handle Special User Login" owner="login-keywords">
<kw name="Enter Credentials" owner="login-keywords">
<kw name="Type Text" owner="Browser">
<msg time="2025-07-11T14:16:45.002826" level="INFO">Types the text 'visual_user' in the given field.</msg>
<arg>${LOGIN_USERNAME_INPUT}</arg>
<arg>${username}</arg>
<tag>PageContent</tag>
<tag>Setter</tag>
<doc>Types the given ``txt`` into the text field found by ``selector``.</doc>
<status status="PASS" start="2025-07-11T14:16:45.002266" elapsed="0.034350"/>
</kw>
<kw name="Type Text" owner="Browser">
<msg time="2025-07-11T14:16:45.037482" level="INFO">Types the text 'secret_sauce' in the given field.</msg>
<arg>${LOGIN_PASSWORD_INPUT}</arg>
<arg>${password}</arg>
<tag>PageContent</tag>
<tag>Setter</tag>
<doc>Types the given ``txt`` into the text field found by ``selector``.</doc>
<status status="PASS" start="2025-07-11T14:16:45.036835" elapsed="0.074827"/>
</kw>
<arg>${username}</arg>
<arg>${password}</arg>
<status status="PASS" start="2025-07-11T14:16:45.001775" elapsed="0.110031"/>
</kw>
<kw name="Submit Login Form" owner="login-keywords">
<kw name="Click" owner="Browser">
<msg time="2025-07-11T14:16:45.112845" level="INFO">Clicks the element 'id=login-button'.</msg>
<arg>${LOGIN_BUTTON}</arg>
<tag>PageContent</tag>
<tag>Setter</tag>
<doc>Simulates mouse click on the element found by ``selector``.</doc>
<status status="PASS" start="2025-07-11T14:16:45.112355" elapsed="0.070108"/>
</kw>
<status status="PASS" start="2025-07-11T14:16:45.112003" elapsed="0.070604"/>
</kw>
<if>
<branch type="IF" condition="&quot;${username}&quot; == &quot;locked_out_user&quot;">
<kw name="Verify Login Error Message" owner="login-keywords">
<arg>Epic sadface: Sorry, this user has been locked out.</arg>
<status status="NOT RUN" start="2025-07-11T14:16:45.183137" elapsed="0.000100"/>
</kw>
<status status="NOT RUN" start="2025-07-11T14:16:45.182727" elapsed="0.000571"/>
</branch>
<branch type="ELSE IF" condition="&quot;${username}&quot; == &quot;problem_user&quot;">
<kw name="Verify Successful Login" owner="login-keywords">
<status status="NOT RUN" start="2025-07-11T14:16:45.183648" elapsed="0.000085"/>
</kw>
<status status="NOT RUN" start="2025-07-11T14:16:45.183355" elapsed="0.000432"/>
</branch>
<branch type="ELSE IF" condition="&quot;${username}&quot; == &quot;performance_glitch_user&quot;">
<kw name="Set Browser Timeout" owner="Browser">
<arg>30s</arg>
<tag>Config</tag>
<tag>Setter</tag>
<doc>Sets the timeout used by most input and getter keywords.</doc>
<status status="NOT RUN" start="2025-07-11T14:16:45.184246" elapsed="0.000088"/>
</kw>
<kw name="Verify Successful Login" owner="login-keywords">
<status status="NOT RUN" start="2025-07-11T14:16:45.184514" elapsed="0.000086"/>
</kw>
<kw name="Set Browser Timeout" owner="Browser">
<arg>10s</arg>
<tag>Config</tag>
<tag>Setter</tag>
<doc>Sets the timeout used by most input and getter keywords.</doc>
<status status="NOT RUN" start="2025-07-11T14:16:45.184731" elapsed="0.000078"/>
</kw>
<status status="NOT RUN" start="2025-07-11T14:16:45.183840" elapsed="0.001036"/>
</branch>
<branch type="ELSE">
<kw name="Verify Successful Login" owner="login-keywords">
<kw name="Wait For Elements State" owner="Browser">
<msg time="2025-07-11T14:16:45.190920" level="INFO">Waited for Element with selector data-test=inventory-container at state visible</msg>
<arg>${INVENTORY_CONTAINER}</arg>
<arg>visible</arg>
<tag>PageContent</tag>
<tag>Wait</tag>
<doc>Waits for the element found by ``selector`` to satisfy state option.</doc>
<status status="PASS" start="2025-07-11T14:16:45.185451" elapsed="0.005631"/>
</kw>
<status status="PASS" start="2025-07-11T14:16:45.185120" elapsed="0.006156"/>
</kw>
<status status="PASS" start="2025-07-11T14:16:45.184929" elapsed="0.006411"/>
</branch>
<status status="PASS" start="2025-07-11T14:16:45.182693" elapsed="0.008708"/>
</if>
<arg>visual_user</arg>
<arg>secret_sauce</arg>
<status status="PASS" start="2025-07-11T14:16:45.001321" elapsed="0.190151"/>
</kw>
<kw name="Close Context" owner="Browser" type="TEARDOWN">
<msg time="2025-07-11T14:16:45.195087" level="INFO">Switching browser to CURRENT</msg>
<msg time="2025-07-11T14:16:45.196914" level="INFO">Returned active browser id. CURRENT</msg>
<msg time="2025-07-11T14:16:45.199599" level="INFO">Switching context to CURRENT in CURRENT</msg>
<msg time="2025-07-11T14:16:45.201672" level="INFO">Returned active context id: CURRENT</msg>
<msg time="2025-07-11T14:16:45.202449" level="INFO">Switching context to context=793a9793-41d0-4630-bf57-7c9b1a8b5eb1 in CURRENT</msg>
<msg time="2025-07-11T14:16:45.207842" level="INFO">Successfully changed active context: context=793a9793-41d0-4630-bf57-7c9b1a8b5eb1</msg>
<msg time="2025-07-11T14:16:45.239826" level="INFO">Successfully closed Context</msg>
<tag>BrowserControl</tag>
<tag>Setter</tag>
<doc>Closes a Context.</doc>
<status status="PASS" start="2025-07-11T14:16:45.191814" elapsed="0.048193"/>
</kw>
<doc>Verify visual_user can login with visual differences</doc>
<tag>login</tag>
<tag>smoke</tag>
<tag>visual</tag>
<status status="PASS" start="2025-07-11T14:16:44.078711" elapsed="1.161459"/>
</test>
<test id="s1-s1-s1-t6" name="Invalid Password Login" line="41">
<kw name="Setup Login Test Context" owner="login-steps" type="SETUP">
<kw name="New Context" owner="Browser">
<msg time="2025-07-11T14:16:45.248967" level="INFO">{
  "acceptDownloads": true,
  "bypassCSP": false,
  "forcedColors": "none",
  "ignoreHTTPSErrors": false,
  "javaScriptEnabled": true,
  "offline": false,
  "reducedMotion": "no-preference",
  "serviceWorkers": "allow",
  "viewport": {
    "width": 1920,
    "height": 1080
  }
}</msg>
<msg time="2025-07-11T14:16:45.253410" level="INFO">Successfully created context. </msg>
<msg time="2025-07-11T14:16:45.253496" level="INFO">{'acceptDownloads': True, 'bypassCSP': False, 'forcedColors': 'none', 'ignoreHTTPSErrors': False, 'javaScriptEnabled': True, 'offline': False, 'reducedMotion': 'no-preference', 'serviceWorkers': 'allow', 'viewport': {'width': 1920, 'height': 1080}}</msg>
<arg>viewport={'width': 1920, 'height': 1080}</arg>
<tag>BrowserControl</tag>
<tag>Setter</tag>
<doc>Create a new BrowserContext with specified options.</doc>
<status status="PASS" start="2025-07-11T14:16:45.247195" elapsed="0.006393"/>
</kw>
<status status="PASS" start="2025-07-11T14:16:45.246762" elapsed="0.006956"/>
</kw>
<kw name="Open Login Page" owner="login-keywords">
<kw name="New Page" owner="Browser">
<msg time="2025-07-11T14:16:46.151312" level="INFO">Successfully initialized new page object and opened url: https://www.saucedemo.com</msg>
<arg>${BASE_URL}</arg>
<tag>BrowserControl</tag>
<tag>Setter</tag>
<doc>Open a new Page.</doc>
<status status="PASS" start="2025-07-11T14:16:45.254393" elapsed="0.897233"/>
</kw>
<kw name="Wait For Elements State" owner="Browser">
<msg time="2025-07-11T14:16:46.179513" level="INFO">Waited for Element with selector id=user-name at state visible</msg>
<arg>${LOGIN_USERNAME_INPUT}</arg>
<arg>visible</arg>
<tag>PageContent</tag>
<tag>Wait</tag>
<doc>Waits for the element found by ``selector`` to satisfy state option.</doc>
<status status="PASS" start="2025-07-11T14:16:46.151847" elapsed="0.027848"/>
</kw>
<status status="PASS" start="2025-07-11T14:16:45.254001" elapsed="0.925846"/>
</kw>
<kw name="Enter Credentials" owner="login-keywords">
<kw name="Type Text" owner="Browser">
<msg time="2025-07-11T14:16:46.181172" level="INFO">Types the text 'standard_user' in the given field.</msg>
<arg>${LOGIN_USERNAME_INPUT}</arg>
<arg>${username}</arg>
<tag>PageContent</tag>
<tag>Setter</tag>
<doc>Types the given ``txt`` into the text field found by ``selector``.</doc>
<status status="PASS" start="2025-07-11T14:16:46.180577" elapsed="0.037034"/>
</kw>
<kw name="Type Text" owner="Browser">
<msg time="2025-07-11T14:16:46.218460" level="INFO">Types the text 'wrong_password' in the given field.</msg>
<arg>${LOGIN_PASSWORD_INPUT}</arg>
<arg>${password}</arg>
<tag>PageContent</tag>
<tag>Setter</tag>
<doc>Types the given ``txt`` into the text field found by ``selector``.</doc>
<status status="PASS" start="2025-07-11T14:16:46.217831" elapsed="0.079258"/>
</kw>
<arg>standard_user</arg>
<arg>wrong_password</arg>
<status status="PASS" start="2025-07-11T14:16:46.180131" elapsed="0.117103"/>
</kw>
<kw name="Submit Login Form" owner="login-keywords">
<kw name="Click" owner="Browser">
<msg time="2025-07-11T14:16:46.298443" level="INFO">Clicks the element 'id=login-button'.</msg>
<arg>${LOGIN_BUTTON}</arg>
<tag>PageContent</tag>
<tag>Setter</tag>
<doc>Simulates mouse click on the element found by ``selector``.</doc>
<status status="PASS" start="2025-07-11T14:16:46.297943" elapsed="0.047419"/>
</kw>
<status status="PASS" start="2025-07-11T14:16:46.297565" elapsed="0.047944"/>
</kw>
<kw name="Verify Login Error Message" owner="login-keywords">
<kw name="Get Text" owner="Browser">
<msg time="2025-07-11T14:16:46.366526" level="INFO">Text: 'Epic sadface: Username and password do not match any user in this service'</msg>
<arg>${LOGIN_ERROR_MESSAGE}</arg>
<arg>==</arg>
<arg>${expected_error}</arg>
<tag>Assertion</tag>
<tag>Getter</tag>
<tag>PageContent</tag>
<doc>Returns text attribute of the element found by ``selector``.</doc>
<status status="PASS" start="2025-07-11T14:16:46.346215" elapsed="0.020447"/>
</kw>
<arg>Epic sadface: Username and password do not match any user in this service</arg>
<status status="PASS" start="2025-07-11T14:16:46.345780" elapsed="0.021020"/>
</kw>
<kw name="Close Context" owner="Browser" type="TEARDOWN">
<msg time="2025-07-11T14:16:46.370130" level="INFO">Switching browser to CURRENT</msg>
<msg time="2025-07-11T14:16:46.372115" level="INFO">Returned active browser id. CURRENT</msg>
<msg time="2025-07-11T14:16:46.375070" level="INFO">Switching context to CURRENT in CURRENT</msg>
<msg time="2025-07-11T14:16:46.377778" level="INFO">Returned active context id: CURRENT</msg>
<msg time="2025-07-11T14:16:46.378662" level="INFO">Switching context to context=a127fb63-9c9e-4eb7-8729-080e5a6fe848 in CURRENT</msg>
<msg time="2025-07-11T14:16:46.383714" level="INFO">Successfully changed active context: context=a127fb63-9c9e-4eb7-8729-080e5a6fe848</msg>
<msg time="2025-07-11T14:16:46.390058" level="INFO">Successfully closed Context</msg>
<tag>BrowserControl</tag>
<tag>Setter</tag>
<doc>Closes a Context.</doc>
<status status="PASS" start="2025-07-11T14:16:46.367132" elapsed="0.023122"/>
</kw>
<doc>Verify login fails with invalid password</doc>
<tag>login</tag>
<tag>negative</tag>
<tag>validation</tag>
<status status="PASS" start="2025-07-11T14:16:45.244565" elapsed="1.145852"/>
</test>
<test id="s1-s1-s1-t7" name="Empty Credentials Login" line="49">
<kw name="Setup Login Test Context" owner="login-steps" type="SETUP">
<kw name="New Context" owner="Browser">
<msg time="2025-07-11T14:16:46.399402" level="INFO">{
  "acceptDownloads": true,
  "bypassCSP": false,
  "forcedColors": "none",
  "ignoreHTTPSErrors": false,
  "javaScriptEnabled": true,
  "offline": false,
  "reducedMotion": "no-preference",
  "serviceWorkers": "allow",
  "viewport": {
    "width": 1920,
    "height": 1080
  }
}</msg>
<msg time="2025-07-11T14:16:46.403413" level="INFO">Successfully created context. </msg>
<msg time="2025-07-11T14:16:46.403498" level="INFO">{'acceptDownloads': True, 'bypassCSP': False, 'forcedColors': 'none', 'ignoreHTTPSErrors': False, 'javaScriptEnabled': True, 'offline': False, 'reducedMotion': 'no-preference', 'serviceWorkers': 'allow', 'viewport': {'width': 1920, 'height': 1080}}</msg>
<arg>viewport={'width': 1920, 'height': 1080}</arg>
<tag>BrowserControl</tag>
<tag>Setter</tag>
<doc>Create a new BrowserContext with specified options.</doc>
<status status="PASS" start="2025-07-11T14:16:46.397624" elapsed="0.005965"/>
</kw>
<status status="PASS" start="2025-07-11T14:16:46.397185" elapsed="0.006532"/>
</kw>
<kw name="Open Login Page" owner="login-keywords">
<kw name="New Page" owner="Browser">
<msg time="2025-07-11T14:16:47.299328" level="INFO">Successfully initialized new page object and opened url: https://www.saucedemo.com</msg>
<arg>${BASE_URL}</arg>
<tag>BrowserControl</tag>
<tag>Setter</tag>
<doc>Open a new Page.</doc>
<status status="PASS" start="2025-07-11T14:16:46.404382" elapsed="0.895190"/>
</kw>
<kw name="Wait For Elements State" owner="Browser">
<msg time="2025-07-11T14:16:47.327258" level="INFO">Waited for Element with selector id=user-name at state visible</msg>
<arg>${LOGIN_USERNAME_INPUT}</arg>
<arg>visible</arg>
<tag>PageContent</tag>
<tag>Wait</tag>
<doc>Waits for the element found by ``selector`` to satisfy state option.</doc>
<status status="PASS" start="2025-07-11T14:16:47.299797" elapsed="0.027644"/>
</kw>
<status status="PASS" start="2025-07-11T14:16:46.403991" elapsed="0.923631"/>
</kw>
<kw name="Submit Login Form" owner="login-keywords">
<kw name="Click" owner="Browser">
<msg time="2025-07-11T14:16:47.328852" level="INFO">Clicks the element 'id=login-button'.</msg>
<arg>${LOGIN_BUTTON}</arg>
<tag>PageContent</tag>
<tag>Setter</tag>
<doc>Simulates mouse click on the element found by ``selector``.</doc>
<status status="PASS" start="2025-07-11T14:16:47.328290" elapsed="0.032681"/>
</kw>
<status status="PASS" start="2025-07-11T14:16:47.327891" elapsed="0.033230"/>
</kw>
<kw name="Verify Login Error Message" owner="login-keywords">
<kw name="Get Text" owner="Browser">
<msg time="2025-07-11T14:16:47.430176" level="INFO">Text: 'Epic sadface: Username is required'</msg>
<arg>${LOGIN_ERROR_MESSAGE}</arg>
<arg>==</arg>
<arg>${expected_error}</arg>
<tag>Assertion</tag>
<tag>Getter</tag>
<tag>PageContent</tag>
<doc>Returns text attribute of the element found by ``selector``.</doc>
<status status="PASS" start="2025-07-11T14:16:47.361888" elapsed="0.068420"/>
</kw>
<arg>Epic sadface: Username is required</arg>
<status status="PASS" start="2025-07-11T14:16:47.361436" elapsed="0.069056"/>
</kw>
<kw name="Close Context" owner="Browser" type="TEARDOWN">
<msg time="2025-07-11T14:16:47.434407" level="INFO">Switching browser to CURRENT</msg>
<msg time="2025-07-11T14:16:47.436473" level="INFO">Returned active browser id. CURRENT</msg>
<msg time="2025-07-11T14:16:47.439648" level="INFO">Switching context to CURRENT in CURRENT</msg>
<msg time="2025-07-11T14:16:47.441760" level="INFO">Returned active context id: CURRENT</msg>
<msg time="2025-07-11T14:16:47.442612" level="INFO">Switching context to context=d0476260-205e-4928-8a45-d8503d8edb95 in CURRENT</msg>
<msg time="2025-07-11T14:16:47.448403" level="INFO">Successfully changed active context: context=d0476260-205e-4928-8a45-d8503d8edb95</msg>
<msg time="2025-07-11T14:16:47.454364" level="INFO">Successfully closed Context</msg>
<tag>BrowserControl</tag>
<tag>Setter</tag>
<doc>Closes a Context.</doc>
<status status="PASS" start="2025-07-11T14:16:47.431029" elapsed="0.023524"/>
</kw>
<doc>Verify login validation for empty credentials</doc>
<tag>login</tag>
<tag>negative</tag>
<tag>validation</tag>
<status status="PASS" start="2025-07-11T14:16:46.395017" elapsed="1.059713"/>
</test>
<test id="s1-s1-s1-t8" name="Empty Password Login" line="56">
<kw name="Setup Login Test Context" owner="login-steps" type="SETUP">
<kw name="New Context" owner="Browser">
<msg time="2025-07-11T14:16:47.464072" level="INFO">{
  "acceptDownloads": true,
  "bypassCSP": false,
  "forcedColors": "none",
  "ignoreHTTPSErrors": false,
  "javaScriptEnabled": true,
  "offline": false,
  "reducedMotion": "no-preference",
  "serviceWorkers": "allow",
  "viewport": {
    "width": 1920,
    "height": 1080
  }
}</msg>
<msg time="2025-07-11T14:16:47.468301" level="INFO">Successfully created context. </msg>
<msg time="2025-07-11T14:16:47.468387" level="INFO">{'acceptDownloads': True, 'bypassCSP': False, 'forcedColors': 'none', 'ignoreHTTPSErrors': False, 'javaScriptEnabled': True, 'offline': False, 'reducedMotion': 'no-preference', 'serviceWorkers': 'allow', 'viewport': {'width': 1920, 'height': 1080}}</msg>
<arg>viewport={'width': 1920, 'height': 1080}</arg>
<tag>BrowserControl</tag>
<tag>Setter</tag>
<doc>Create a new BrowserContext with specified options.</doc>
<status status="PASS" start="2025-07-11T14:16:47.461932" elapsed="0.006544"/>
</kw>
<status status="PASS" start="2025-07-11T14:16:47.461487" elapsed="0.007114"/>
</kw>
<kw name="Open Login Page" owner="login-keywords">
<kw name="New Page" owner="Browser">
<msg time="2025-07-11T14:16:48.364003" level="INFO">Successfully initialized new page object and opened url: https://www.saucedemo.com</msg>
<arg>${BASE_URL}</arg>
<tag>BrowserControl</tag>
<tag>Setter</tag>
<doc>Open a new Page.</doc>
<status status="PASS" start="2025-07-11T14:16:47.469264" elapsed="0.895164"/>
</kw>
<kw name="Wait For Elements State" owner="Browser">
<msg time="2025-07-11T14:16:48.391245" level="INFO">Waited for Element with selector id=user-name at state visible</msg>
<arg>${LOGIN_USERNAME_INPUT}</arg>
<arg>visible</arg>
<tag>PageContent</tag>
<tag>Wait</tag>
<doc>Waits for the element found by ``selector`` to satisfy state option.</doc>
<status status="PASS" start="2025-07-11T14:16:48.364708" elapsed="0.026779"/>
</kw>
<status status="PASS" start="2025-07-11T14:16:47.468874" elapsed="0.922836"/>
</kw>
<kw name="Enter Credentials" owner="login-keywords">
<kw name="Type Text" owner="Browser">
<msg time="2025-07-11T14:16:48.393631" level="INFO">Types the text 'standard_user' in the given field.</msg>
<arg>${LOGIN_USERNAME_INPUT}</arg>
<arg>${username}</arg>
<tag>PageContent</tag>
<tag>Setter</tag>
<doc>Types the given ``txt`` into the text field found by ``selector``.</doc>
<status status="PASS" start="2025-07-11T14:16:48.392995" elapsed="0.035140"/>
</kw>
<kw name="Type Text" owner="Browser">
<msg time="2025-07-11T14:16:48.429714" level="INFO">Types the text '' in the given field.</msg>
<arg>${LOGIN_PASSWORD_INPUT}</arg>
<arg>${password}</arg>
<tag>PageContent</tag>
<tag>Setter</tag>
<doc>Types the given ``txt`` into the text field found by ``selector``.</doc>
<status status="PASS" start="2025-07-11T14:16:48.428476" elapsed="0.059399"/>
</kw>
<arg>standard_user</arg>
<arg>${EMPTY}</arg>
<status status="PASS" start="2025-07-11T14:16:48.392062" elapsed="0.095950"/>
</kw>
<kw name="Submit Login Form" owner="login-keywords">
<kw name="Click" owner="Browser">
<msg time="2025-07-11T14:16:48.489410" level="INFO">Clicks the element 'id=login-button'.</msg>
<arg>${LOGIN_BUTTON}</arg>
<tag>PageContent</tag>
<tag>Setter</tag>
<doc>Simulates mouse click on the element found by ``selector``.</doc>
<status status="PASS" start="2025-07-11T14:16:48.488745" elapsed="0.036411"/>
</kw>
<status status="PASS" start="2025-07-11T14:16:48.488305" elapsed="0.037024"/>
</kw>
<kw name="Verify Login Error Message" owner="login-keywords">
<kw name="Get Text" owner="Browser">
<msg time="2025-07-11T14:16:48.546304" level="INFO">Text: 'Epic sadface: Password is required'</msg>
<arg>${LOGIN_ERROR_MESSAGE}</arg>
<arg>==</arg>
<arg>${expected_error}</arg>
<tag>Assertion</tag>
<tag>Getter</tag>
<tag>PageContent</tag>
<doc>Returns text attribute of the element found by ``selector``.</doc>
<status status="PASS" start="2025-07-11T14:16:48.526300" elapsed="0.020174"/>
</kw>
<arg>Epic sadface: Password is required</arg>
<status status="PASS" start="2025-07-11T14:16:48.525749" elapsed="0.020871"/>
</kw>
<kw name="Close Context" owner="Browser" type="TEARDOWN">
<msg time="2025-07-11T14:16:48.550419" level="INFO">Switching browser to CURRENT</msg>
<msg time="2025-07-11T14:16:48.552459" level="INFO">Returned active browser id. CURRENT</msg>
<msg time="2025-07-11T14:16:48.555117" level="INFO">Switching context to CURRENT in CURRENT</msg>
<msg time="2025-07-11T14:16:48.557646" level="INFO">Returned active context id: CURRENT</msg>
<msg time="2025-07-11T14:16:48.558567" level="INFO">Switching context to context=f9770039-5cb2-42f3-aac6-02bf981b7edc in CURRENT</msg>
<msg time="2025-07-11T14:16:48.564060" level="INFO">Successfully changed active context: context=f9770039-5cb2-42f3-aac6-02bf981b7edc</msg>
<msg time="2025-07-11T14:16:48.570313" level="INFO">Successfully closed Context</msg>
<tag>BrowserControl</tag>
<tag>Setter</tag>
<doc>Closes a Context.</doc>
<status status="PASS" start="2025-07-11T14:16:48.546947" elapsed="0.023557"/>
</kw>
<doc>Verify login validation for empty password</doc>
<tag>login</tag>
<tag>negative</tag>
<tag>validation</tag>
<status status="PASS" start="2025-07-11T14:16:47.459211" elapsed="1.111455"/>
</test>
<test id="s1-s1-s1-t9" name="Login With Special Characters" line="64">
<kw name="Setup Login Test Context" owner="login-steps" type="SETUP">
<kw name="New Context" owner="Browser">
<msg time="2025-07-11T14:16:48.579856" level="INFO">{
  "acceptDownloads": true,
  "bypassCSP": false,
  "forcedColors": "none",
  "ignoreHTTPSErrors": false,
  "javaScriptEnabled": true,
  "offline": false,
  "reducedMotion": "no-preference",
  "serviceWorkers": "allow",
  "viewport": {
    "width": 1920,
    "height": 1080
  }
}</msg>
<msg time="2025-07-11T14:16:48.584476" level="INFO">Successfully created context. </msg>
<msg time="2025-07-11T14:16:48.584560" level="INFO">{'acceptDownloads': True, 'bypassCSP': False, 'forcedColors': 'none', 'ignoreHTTPSErrors': False, 'javaScriptEnabled': True, 'offline': False, 'reducedMotion': 'no-preference', 'serviceWorkers': 'allow', 'viewport': {'width': 1920, 'height': 1080}}</msg>
<arg>viewport={'width': 1920, 'height': 1080}</arg>
<tag>BrowserControl</tag>
<tag>Setter</tag>
<doc>Create a new BrowserContext with specified options.</doc>
<status status="PASS" start="2025-07-11T14:16:48.578095" elapsed="0.006555"/>
</kw>
<status status="PASS" start="2025-07-11T14:16:48.577655" elapsed="0.007126"/>
</kw>
<kw name="Open Login Page" owner="login-keywords">
<kw name="New Page" owner="Browser">
<msg time="2025-07-11T14:16:49.480736" level="INFO">Successfully initialized new page object and opened url: https://www.saucedemo.com</msg>
<arg>${BASE_URL}</arg>
<tag>BrowserControl</tag>
<tag>Setter</tag>
<doc>Open a new Page.</doc>
<status status="PASS" start="2025-07-11T14:16:48.585442" elapsed="0.895511"/>
</kw>
<kw name="Wait For Elements State" owner="Browser">
<msg time="2025-07-11T14:16:49.507866" level="INFO">Waited for Element with selector id=user-name at state visible</msg>
<arg>${LOGIN_USERNAME_INPUT}</arg>
<arg>visible</arg>
<tag>PageContent</tag>
<tag>Wait</tag>
<doc>Waits for the element found by ``selector`` to satisfy state option.</doc>
<status status="PASS" start="2025-07-11T14:16:49.481166" elapsed="0.026886"/>
</kw>
<status status="PASS" start="2025-07-11T14:16:48.585053" elapsed="0.923201"/>
</kw>
<kw name="Enter Credentials" owner="login-keywords">
<kw name="Type Text" owner="Browser">
<msg time="2025-07-11T14:16:49.510086" level="INFO">Types the text 'user!@#$%' in the given field.</msg>
<arg>${LOGIN_USERNAME_INPUT}</arg>
<arg>${username}</arg>
<tag>PageContent</tag>
<tag>Setter</tag>
<doc>Types the given ``txt`` into the text field found by ``selector``.</doc>
<status status="PASS" start="2025-07-11T14:16:49.509343" elapsed="0.030706"/>
</kw>
<kw name="Type Text" owner="Browser">
<msg time="2025-07-11T14:16:49.541005" level="INFO">Types the text 'pass!@#$%' in the given field.</msg>
<arg>${LOGIN_PASSWORD_INPUT}</arg>
<arg>${password}</arg>
<tag>PageContent</tag>
<tag>Setter</tag>
<doc>Types the given ``txt`` into the text field found by ``selector``.</doc>
<status status="PASS" start="2025-07-11T14:16:49.540275" elapsed="0.075648"/>
</kw>
<arg>user!@#$%</arg>
<arg>pass!@#$%</arg>
<status status="PASS" start="2025-07-11T14:16:49.508734" elapsed="0.107328"/>
</kw>
<kw name="Submit Login Form" owner="login-keywords">
<kw name="Click" owner="Browser">
<msg time="2025-07-11T14:16:49.617208" level="INFO">Clicks the element 'id=login-button'.</msg>
<arg>${LOGIN_BUTTON}</arg>
<tag>PageContent</tag>
<tag>Setter</tag>
<doc>Simulates mouse click on the element found by ``selector``.</doc>
<status status="PASS" start="2025-07-11T14:16:49.616693" elapsed="0.045377"/>
</kw>
<status status="PASS" start="2025-07-11T14:16:49.616314" elapsed="0.045908"/>
</kw>
<kw name="Verify Login Error Message" owner="login-keywords">
<kw name="Get Text" owner="Browser">
<msg time="2025-07-11T14:16:49.682656" level="INFO">Text: 'Epic sadface: Username and password do not match any user in this service'</msg>
<arg>${LOGIN_ERROR_MESSAGE}</arg>
<arg>==</arg>
<arg>${expected_error}</arg>
<tag>Assertion</tag>
<tag>Getter</tag>
<tag>PageContent</tag>
<doc>Returns text attribute of the element found by ``selector``.</doc>
<status status="PASS" start="2025-07-11T14:16:49.662934" elapsed="0.019854"/>
</kw>
<arg>Epic sadface: Username and password do not match any user in this service</arg>
<status status="PASS" start="2025-07-11T14:16:49.662498" elapsed="0.020431"/>
</kw>
<kw name="Close Context" owner="Browser" type="TEARDOWN">
<msg time="2025-07-11T14:16:49.686525" level="INFO">Switching browser to CURRENT</msg>
<msg time="2025-07-11T14:16:49.688495" level="INFO">Returned active browser id. CURRENT</msg>
<msg time="2025-07-11T14:16:49.691315" level="INFO">Switching context to CURRENT in CURRENT</msg>
<msg time="2025-07-11T14:16:49.693955" level="INFO">Returned active context id: CURRENT</msg>
<msg time="2025-07-11T14:16:49.694857" level="INFO">Switching context to context=3c05cf53-a0e9-4ef1-9504-c2825435b9bf in CURRENT</msg>
<msg time="2025-07-11T14:16:49.699929" level="INFO">Successfully changed active context: context=3c05cf53-a0e9-4ef1-9504-c2825435b9bf</msg>
<msg time="2025-07-11T14:16:49.706291" level="INFO">Successfully closed Context</msg>
<tag>BrowserControl</tag>
<tag>Setter</tag>
<doc>Closes a Context.</doc>
<status status="PASS" start="2025-07-11T14:16:49.683319" elapsed="0.023175"/>
</kw>
<doc>Verify login handling of special characters</doc>
<tag>login</tag>
<tag>negative</tag>
<tag>validation</tag>
<status status="PASS" start="2025-07-11T14:16:48.574668" elapsed="1.131994"/>
</test>
<kw name="Close Browser" owner="Browser" type="TEARDOWN">
<msg time="2025-07-11T14:16:49.746275" level="INFO">Closed all browsers</msg>
<arg>ALL</arg>
<tag>BrowserControl</tag>
<tag>Setter</tag>
<doc>Closes the current browser.</doc>
<status status="PASS" start="2025-07-11T14:16:49.711635" elapsed="0.034832"/>
</kw>
<doc>Login functionality test suite</doc>
<status status="PASS" start="2025-07-11T14:16:32.318157" elapsed="17.428413"/>
</suite>
<suite id="s1-s1-s2" name="Special-Users" source="/Users/jodydewet/PycharmProjects/RobotSaucePOC/tests/ui/authentication/special-users.robot">
<kw name="Setup Browser" owner="browser-config" type="SETUP">
<kw name="New Browser" owner="Browser">
<msg time="2025-07-11T14:16:49.788046" level="INFO">{"browser": "chromium", "headless": true, "chromiumSandbox": false, "devtools": false, "handleSIGHUP": true, "handleSIGINT": true, "handleSIGTERM": true, "slowMo": 0.0, "timeout": 30000.0, "tracesDir": "/Users/jodydewet/PycharmProjects/RobotSaucePOC/results/browser/traces/temp/a16ecd57-bb6e-4a65-9713-843dd77ebb6f"}</msg>
<msg time="2025-07-11T14:16:49.943926" level="INFO">Successfully created browser with options: {"browser":"chromium","headless":true,"chromiumSandbox":false,"devtools":false,"handleSIGHUP":true,"handleSIGINT":true,"handleSIGTERM":true,"slowMo":0,"timeout":30000,"tracesDir":"/Users/jodydewet/PycharmProjects/RobotSaucePOC/results/browser/traces/temp/a16ecd57-bb6e-4a65-9713-843dd77ebb6f"}</msg>
<arg>${browser}</arg>
<arg>headless=${headless}</arg>
<tag>BrowserControl</tag>
<tag>Setter</tag>
<doc>Create a new playwright Browser with specified options.</doc>
<status status="PASS" start="2025-07-11T14:16:49.787196" elapsed="0.156897"/>
</kw>
<kw name="New Context" owner="Browser">
<msg time="2025-07-11T14:16:49.946953" level="INFO">{
  "acceptDownloads": true,
  "bypassCSP": false,
  "forcedColors": "none",
  "ignoreHTTPSErrors": false,
  "javaScriptEnabled": true,
  "offline": false,
  "reducedMotion": "no-preference",
  "serviceWorkers": "allow",
  "viewport": {
    "width": 1920,
    "height": 1080
  }
}</msg>
<msg time="2025-07-11T14:16:49.951482" level="INFO">Successfully created context. </msg>
<msg time="2025-07-11T14:16:49.951566" level="INFO">{'acceptDownloads': True, 'bypassCSP': False, 'forcedColors': 'none', 'ignoreHTTPSErrors': False, 'javaScriptEnabled': True, 'offline': False, 'reducedMotion': 'no-preference', 'serviceWorkers': 'allow', 'viewport': {'width': 1920, 'height': 1080}}</msg>
<arg>viewport={'width': 1920, 'height': 1080}</arg>
<tag>BrowserControl</tag>
<tag>Setter</tag>
<doc>Create a new BrowserContext with specified options.</doc>
<status status="PASS" start="2025-07-11T14:16:49.944387" elapsed="0.007266"/>
</kw>
<kw name="Set Browser Timeout" owner="Browser">
<arg>${BROWSER_TIMEOUT}</arg>
<tag>Config</tag>
<tag>Setter</tag>
<doc>Sets the timeout used by most input and getter keywords.</doc>
<status status="PASS" start="2025-07-11T14:16:49.951857" elapsed="0.002516"/>
</kw>
<status status="PASS" start="2025-07-11T14:16:49.786652" elapsed="0.167851"/>
</kw>
<test id="s1-s1-s2-t1" name="Error User Add To Cart Issue" line="18">
<kw name="Setup Special User Test" owner="login-steps" type="SETUP">
<kw name="New Context" owner="Browser">
<msg time="2025-07-11T14:16:49.960011" level="INFO">{
  "acceptDownloads": true,
  "bypassCSP": false,
  "forcedColors": "none",
  "ignoreHTTPSErrors": false,
  "javaScriptEnabled": true,
  "offline": false,
  "reducedMotion": "no-preference",
  "serviceWorkers": "allow",
  "viewport": {
    "width": 1920,
    "height": 1080
  }
}</msg>
<msg time="2025-07-11T14:16:49.965964" level="INFO">Successfully created context. </msg>
<msg time="2025-07-11T14:16:49.966047" level="INFO">{'acceptDownloads': True, 'bypassCSP': False, 'forcedColors': 'none', 'ignoreHTTPSErrors': False, 'javaScriptEnabled': True, 'offline': False, 'reducedMotion': 'no-preference', 'serviceWorkers': 'allow', 'viewport': {'width': 1920, 'height': 1080}}</msg>
<arg>viewport={'width': 1920, 'height': 1080}</arg>
<tag>BrowserControl</tag>
<tag>Setter</tag>
<doc>Create a new BrowserContext with specified options.</doc>
<status status="PASS" start="2025-07-11T14:16:49.957582" elapsed="0.008551"/>
</kw>
<status status="PASS" start="2025-07-11T14:16:49.957046" elapsed="0.009205"/>
</kw>
<kw name="Login As Error User" owner="login-keywords">
<kw name="Open Login Page" owner="login-keywords">
<kw name="New Page" owner="Browser">
<msg time="2025-07-11T14:16:50.907582" level="INFO">Successfully initialized new page object and opened url: https://www.saucedemo.com</msg>
<arg>${BASE_URL}</arg>
<tag>BrowserControl</tag>
<tag>Setter</tag>
<doc>Open a new Page.</doc>
<status status="PASS" start="2025-07-11T14:16:49.967273" elapsed="0.940529"/>
</kw>
<kw name="Wait For Elements State" owner="Browser">
<msg time="2025-07-11T14:16:50.936227" level="INFO">Waited for Element with selector id=user-name at state visible</msg>
<arg>${LOGIN_USERNAME_INPUT}</arg>
<arg>visible</arg>
<tag>PageContent</tag>
<tag>Wait</tag>
<doc>Waits for the element found by ``selector`` to satisfy state option.</doc>
<status status="PASS" start="2025-07-11T14:16:50.908091" elapsed="0.028312"/>
</kw>
<status status="PASS" start="2025-07-11T14:16:49.966905" elapsed="0.969635"/>
</kw>
<kw name="Enter Credentials" owner="login-keywords">
<kw name="Type Text" owner="Browser">
<msg time="2025-07-11T14:16:50.937779" level="INFO">Types the text 'error_user' in the given field.</msg>
<arg>${LOGIN_USERNAME_INPUT}</arg>
<arg>${username}</arg>
<tag>PageContent</tag>
<tag>Setter</tag>
<doc>Types the given ``txt`` into the text field found by ``selector``.</doc>
<status status="PASS" start="2025-07-11T14:16:50.937200" elapsed="0.054384"/>
</kw>
<kw name="Type Text" owner="Browser">
<msg time="2025-07-11T14:16:50.992452" level="INFO">Types the text 'secret_sauce' in the given field.</msg>
<arg>${LOGIN_PASSWORD_INPUT}</arg>
<arg>${password}</arg>
<tag>PageContent</tag>
<tag>Setter</tag>
<doc>Types the given ``txt`` into the text field found by ``selector``.</doc>
<status status="PASS" start="2025-07-11T14:16:50.991808" elapsed="0.071099"/>
</kw>
<arg>error_user</arg>
<arg>secret_sauce</arg>
<status status="PASS" start="2025-07-11T14:16:50.936761" elapsed="0.126285"/>
</kw>
<kw name="Submit Login Form" owner="login-keywords">
<kw name="Click" owner="Browser">
<msg time="2025-07-11T14:16:51.064088" level="INFO">Clicks the element 'id=login-button'.</msg>
<arg>${LOGIN_BUTTON}</arg>
<tag>PageContent</tag>
<tag>Setter</tag>
<doc>Simulates mouse click on the element found by ``selector``.</doc>
<status status="PASS" start="2025-07-11T14:16:51.063612" elapsed="0.069141"/>
</kw>
<status status="PASS" start="2025-07-11T14:16:51.063243" elapsed="0.069718"/>
</kw>
<kw name="Verify Successful Login" owner="login-keywords">
<kw name="Wait For Elements State" owner="Browser">
<msg time="2025-07-11T14:16:51.138552" level="INFO">Waited for Element with selector data-test=inventory-container at state visible</msg>
<arg>${INVENTORY_CONTAINER}</arg>
<arg>visible</arg>
<tag>PageContent</tag>
<tag>Wait</tag>
<doc>Waits for the element found by ``selector`` to satisfy state option.</doc>
<status status="PASS" start="2025-07-11T14:16:51.133681" elapsed="0.005117"/>
</kw>
<status status="PASS" start="2025-07-11T14:16:51.133169" elapsed="0.005759"/>
</kw>
<doc>Logs in using error_user credentials</doc>
<status status="PASS" start="2025-07-11T14:16:49.966529" elapsed="1.172478"/>
</kw>
<kw name="Click" owner="Browser">
<msg time="2025-07-11T14:16:51.139799" level="INFO">Clicks the element 'id=add-to-cart-sauce-labs-backpack'.</msg>
<arg>id=add-to-cart-sauce-labs-backpack</arg>
<tag>PageContent</tag>
<tag>Setter</tag>
<doc>Simulates mouse click on the element found by ``selector``.</doc>
<status status="PASS" start="2025-07-11T14:16:51.139227" elapsed="0.027812"/>
</kw>
<kw name="Get Text" owner="Browser">
<msg time="2025-07-11T14:16:51.187480" level="INFO">Text: '1'</msg>
<msg time="2025-07-11T14:16:51.187652" level="INFO">${cart_badge} = 1</msg>
<var>${cart_badge}</var>
<arg>css=.shopping_cart_badge</arg>
<tag>Assertion</tag>
<tag>Getter</tag>
<tag>PageContent</tag>
<doc>Returns text attribute of the element found by ``selector``.</doc>
<status status="PASS" start="2025-07-11T14:16:51.167326" elapsed="0.020367"/>
</kw>
<kw name="Should Be Equal" owner="BuiltIn">
<arg>${cart_badge}</arg>
<arg>1</arg>
<arg>Cart badge should show 1 item</arg>
<doc>Fails if the given objects are unequal.</doc>
<status status="PASS" start="2025-07-11T14:16:51.187970" elapsed="0.000404"/>
</kw>
<kw name="Open Shopping Cart" owner="inventory-keywords">
<kw name="Click" owner="Browser">
<msg time="2025-07-11T14:16:51.189445" level="INFO">Clicks the element 'css=.shopping_cart_link'.</msg>
<arg>${SHOPPING_CART_LINK}</arg>
<tag>PageContent</tag>
<tag>Setter</tag>
<doc>Simulates mouse click on the element found by ``selector``.</doc>
<status status="PASS" start="2025-07-11T14:16:51.188939" elapsed="0.052021"/>
</kw>
<status status="PASS" start="2025-07-11T14:16:51.188609" elapsed="0.052494"/>
</kw>
<kw name="Get Text" owner="Browser">
<msg time="2025-07-11T14:16:51.251968" level="INFO">Text: 'Sauce Labs Backpack'</msg>
<msg time="2025-07-11T14:16:51.252138" level="INFO">${item_name} = Sauce Labs Backpack</msg>
<var>${item_name}</var>
<arg>css=.inventory_item_name</arg>
<tag>Assertion</tag>
<tag>Getter</tag>
<tag>PageContent</tag>
<doc>Returns text attribute of the element found by ``selector``.</doc>
<status status="PASS" start="2025-07-11T14:16:51.241339" elapsed="0.010839"/>
</kw>
<kw name="Should Be Equal" owner="BuiltIn">
<arg>${item_name}</arg>
<arg>Sauce Labs Backpack</arg>
<arg>Added item should be in cart</arg>
<doc>Fails if the given objects are unequal.</doc>
<status status="PASS" start="2025-07-11T14:16:51.252465" elapsed="0.000466"/>
</kw>
<kw name="Close Context" owner="Browser" type="TEARDOWN">
<msg time="2025-07-11T14:16:51.256503" level="INFO">Switching browser to CURRENT</msg>
<msg time="2025-07-11T14:16:51.259641" level="INFO">Returned active browser id. CURRENT</msg>
<msg time="2025-07-11T14:16:51.263021" level="INFO">Switching context to CURRENT in CURRENT</msg>
<msg time="2025-07-11T14:16:51.265626" level="INFO">Returned active context id: CURRENT</msg>
<msg time="2025-07-11T14:16:51.266513" level="INFO">Switching context to context=1b33bdca-42e2-4864-80c5-182df5ecd934 in CURRENT</msg>
<msg time="2025-07-11T14:16:51.271647" level="INFO">Successfully changed active context: context=1b33bdca-42e2-4864-80c5-182df5ecd934</msg>
<msg time="2025-07-11T14:16:51.279556" level="INFO">Successfully closed Context</msg>
<tag>BrowserControl</tag>
<tag>Setter</tag>
<doc>Closes a Context.</doc>
<status status="PASS" start="2025-07-11T14:16:51.253229" elapsed="0.026716"/>
</kw>
<doc>Verify error_user can add items but might see other issues</doc>
<tag>behavior</tag>
<tag>error_user</tag>
<tag>inventory</tag>
<status status="PASS" start="2025-07-11T14:16:49.954595" elapsed="1.325794"/>
</test>
<test id="s1-s1-s2-t2" name="Visual User Product Images" line="29">
<kw name="Setup Special User Test" owner="login-steps" type="SETUP">
<kw name="New Context" owner="Browser">
<msg time="2025-07-11T14:16:51.289311" level="INFO">{
  "acceptDownloads": true,
  "bypassCSP": false,
  "forcedColors": "none",
  "ignoreHTTPSErrors": false,
  "javaScriptEnabled": true,
  "offline": false,
  "reducedMotion": "no-preference",
  "serviceWorkers": "allow",
  "viewport": {
    "width": 1920,
    "height": 1080
  }
}</msg>
<msg time="2025-07-11T14:16:51.293992" level="INFO">Successfully created context. </msg>
<msg time="2025-07-11T14:16:51.294106" level="INFO">{'acceptDownloads': True, 'bypassCSP': False, 'forcedColors': 'none', 'ignoreHTTPSErrors': False, 'javaScriptEnabled': True, 'offline': False, 'reducedMotion': 'no-preference', 'serviceWorkers': 'allow', 'viewport': {'width': 1920, 'height': 1080}}</msg>
<arg>viewport={'width': 1920, 'height': 1080}</arg>
<tag>BrowserControl</tag>
<tag>Setter</tag>
<doc>Create a new BrowserContext with specified options.</doc>
<status status="PASS" start="2025-07-11T14:16:51.287283" elapsed="0.006918"/>
</kw>
<status status="PASS" start="2025-07-11T14:16:51.286831" elapsed="0.007499"/>
</kw>
<kw name="Login As Visual User" owner="login-keywords">
<kw name="Open Login Page" owner="login-keywords">
<kw name="New Page" owner="Browser">
<msg time="2025-07-11T14:16:52.173250" level="INFO">Successfully initialized new page object and opened url: https://www.saucedemo.com</msg>
<arg>${BASE_URL}</arg>
<tag>BrowserControl</tag>
<tag>Setter</tag>
<doc>Open a new Page.</doc>
<status status="PASS" start="2025-07-11T14:16:51.295498" elapsed="0.878070"/>
</kw>
<kw name="Wait For Elements State" owner="Browser">
<msg time="2025-07-11T14:16:52.200335" level="INFO">Waited for Element with selector id=user-name at state visible</msg>
<arg>${LOGIN_USERNAME_INPUT}</arg>
<arg>visible</arg>
<tag>PageContent</tag>
<tag>Wait</tag>
<doc>Waits for the element found by ``selector`` to satisfy state option.</doc>
<status status="PASS" start="2025-07-11T14:16:52.173836" elapsed="0.026685"/>
</kw>
<status status="PASS" start="2025-07-11T14:16:51.295070" elapsed="0.905591"/>
</kw>
<kw name="Enter Credentials" owner="login-keywords">
<kw name="Type Text" owner="Browser">
<msg time="2025-07-11T14:16:52.202302" level="INFO">Types the text 'visual_user' in the given field.</msg>
<arg>${LOGIN_USERNAME_INPUT}</arg>
<arg>${username}</arg>
<tag>PageContent</tag>
<tag>Setter</tag>
<doc>Types the given ``txt`` into the text field found by ``selector``.</doc>
<status status="PASS" start="2025-07-11T14:16:52.201589" elapsed="0.031728"/>
</kw>
<kw name="Type Text" owner="Browser">
<msg time="2025-07-11T14:16:52.234194" level="INFO">Types the text 'secret_sauce' in the given field.</msg>
<arg>${LOGIN_PASSWORD_INPUT}</arg>
<arg>${password}</arg>
<tag>PageContent</tag>
<tag>Setter</tag>
<doc>Types the given ``txt`` into the text field found by ``selector``.</doc>
<status status="PASS" start="2025-07-11T14:16:52.233543" elapsed="0.074353"/>
</kw>
<arg>visual_user</arg>
<arg>secret_sauce</arg>
<status status="PASS" start="2025-07-11T14:16:52.200888" elapsed="0.107152"/>
</kw>
<kw name="Submit Login Form" owner="login-keywords">
<kw name="Click" owner="Browser">
<msg time="2025-07-11T14:16:52.309371" level="INFO">Clicks the element 'id=login-button'.</msg>
<arg>${LOGIN_BUTTON}</arg>
<tag>PageContent</tag>
<tag>Setter</tag>
<doc>Simulates mouse click on the element found by ``selector``.</doc>
<status status="PASS" start="2025-07-11T14:16:52.308630" elapsed="0.072344"/>
</kw>
<status status="PASS" start="2025-07-11T14:16:52.308250" elapsed="0.072867"/>
</kw>
<kw name="Verify Successful Login" owner="login-keywords">
<kw name="Wait For Elements State" owner="Browser">
<msg time="2025-07-11T14:16:52.387057" level="INFO">Waited for Element with selector data-test=inventory-container at state visible</msg>
<arg>${INVENTORY_CONTAINER}</arg>
<arg>visible</arg>
<tag>PageContent</tag>
<tag>Wait</tag>
<doc>Waits for the element found by ``selector`` to satisfy state option.</doc>
<status status="PASS" start="2025-07-11T14:16:52.381734" elapsed="0.005489"/>
</kw>
<status status="PASS" start="2025-07-11T14:16:52.381329" elapsed="0.006167"/>
</kw>
<doc>Logs in using visual_user credentials</doc>
<status status="PASS" start="2025-07-11T14:16:51.294627" elapsed="1.092996"/>
</kw>
<kw name="Get Attribute" owner="Browser">
<msg time="2025-07-11T14:16:52.405213" level="INFO">Attribute is: '/static/media/sl-404.168b1cce.jpg'</msg>
<msg time="2025-07-11T14:16:52.405410" level="INFO">${src} = /static/media/sl-404.168b1cce.jpg</msg>
<var>${src}</var>
<arg>[data-test="inventory-item-sauce-labs-backpack-img"]</arg>
<arg>src</arg>
<tag>Assertion</tag>
<tag>Getter</tag>
<tag>PageContent</tag>
<doc>Returns the HTML ``attribute`` of the element found by ``selector``.</doc>
<status status="PASS" start="2025-07-11T14:16:52.387886" elapsed="0.017580"/>
</kw>
<kw name="Should Contain" owner="BuiltIn">
<arg>${src}</arg>
<arg>sl-404</arg>
<doc>Fails if ``container`` does not contain ``item`` one or more times.</doc>
<status status="PASS" start="2025-07-11T14:16:52.405755" elapsed="0.000306"/>
</kw>
<kw name="Close Context" owner="Browser" type="TEARDOWN">
<msg time="2025-07-11T14:16:52.409781" level="INFO">Switching browser to CURRENT</msg>
<msg time="2025-07-11T14:16:52.412022" level="INFO">Returned active browser id. CURRENT</msg>
<msg time="2025-07-11T14:16:52.415297" level="INFO">Switching context to CURRENT in CURRENT</msg>
<msg time="2025-07-11T14:16:52.417768" level="INFO">Returned active context id: CURRENT</msg>
<msg time="2025-07-11T14:16:52.418596" level="INFO">Switching context to context=9a88ad82-8086-492a-9a3b-609ebdaca874 in CURRENT</msg>
<msg time="2025-07-11T14:16:52.423403" level="INFO">Successfully changed active context: context=9a88ad82-8086-492a-9a3b-609ebdaca874</msg>
<msg time="2025-07-11T14:16:52.441211" level="INFO">Successfully closed Context</msg>
<tag>BrowserControl</tag>
<tag>Setter</tag>
<doc>Closes a Context.</doc>
<status status="PASS" start="2025-07-11T14:16:52.406459" elapsed="0.035002"/>
</kw>
<doc>Verify visual_user sees different product images</doc>
<tag>inventory</tag>
<tag>visual</tag>
<tag>visual_user</tag>
<status status="PASS" start="2025-07-11T14:16:51.284632" elapsed="1.157205"/>
</test>
<test id="s1-s1-s2-t3" name="Error User Sort Function" line="36">
<kw name="Setup Special User Test" owner="login-steps" type="SETUP">
<kw name="New Context" owner="Browser">
<msg time="2025-07-11T14:16:52.451006" level="INFO">{
  "acceptDownloads": true,
  "bypassCSP": false,
  "forcedColors": "none",
  "ignoreHTTPSErrors": false,
  "javaScriptEnabled": true,
  "offline": false,
  "reducedMotion": "no-preference",
  "serviceWorkers": "allow",
  "viewport": {
    "width": 1920,
    "height": 1080
  }
}</msg>
<msg time="2025-07-11T14:16:52.455022" level="INFO">Successfully created context. </msg>
<msg time="2025-07-11T14:16:52.455107" level="INFO">{'acceptDownloads': True, 'bypassCSP': False, 'forcedColors': 'none', 'ignoreHTTPSErrors': False, 'javaScriptEnabled': True, 'offline': False, 'reducedMotion': 'no-preference', 'serviceWorkers': 'allow', 'viewport': {'width': 1920, 'height': 1080}}</msg>
<arg>viewport={'width': 1920, 'height': 1080}</arg>
<tag>BrowserControl</tag>
<tag>Setter</tag>
<doc>Create a new BrowserContext with specified options.</doc>
<status status="PASS" start="2025-07-11T14:16:52.448920" elapsed="0.006278"/>
</kw>
<status status="PASS" start="2025-07-11T14:16:52.448473" elapsed="0.006856"/>
</kw>
<kw name="Login As Error User" owner="login-keywords">
<kw name="Open Login Page" owner="login-keywords">
<kw name="New Page" owner="Browser">
<msg time="2025-07-11T14:16:53.336000" level="INFO">Successfully initialized new page object and opened url: https://www.saucedemo.com</msg>
<arg>${BASE_URL}</arg>
<tag>BrowserControl</tag>
<tag>Setter</tag>
<doc>Open a new Page.</doc>
<status status="PASS" start="2025-07-11T14:16:52.456395" elapsed="0.879885"/>
</kw>
<kw name="Wait For Elements State" owner="Browser">
<msg time="2025-07-11T14:16:53.363096" level="INFO">Waited for Element with selector id=user-name at state visible</msg>
<arg>${LOGIN_USERNAME_INPUT}</arg>
<arg>visible</arg>
<tag>PageContent</tag>
<tag>Wait</tag>
<doc>Waits for the element found by ``selector`` to satisfy state option.</doc>
<status status="PASS" start="2025-07-11T14:16:53.336517" elapsed="0.026809"/>
</kw>
<status status="PASS" start="2025-07-11T14:16:52.456048" elapsed="0.907441"/>
</kw>
<kw name="Enter Credentials" owner="login-keywords">
<kw name="Type Text" owner="Browser">
<msg time="2025-07-11T14:16:53.365341" level="INFO">Types the text 'error_user' in the given field.</msg>
<arg>${LOGIN_USERNAME_INPUT}</arg>
<arg>${username}</arg>
<tag>PageContent</tag>
<tag>Setter</tag>
<doc>Types the given ``txt`` into the text field found by ``selector``.</doc>
<status status="PASS" start="2025-07-11T14:16:53.364517" elapsed="0.030294"/>
</kw>
<kw name="Type Text" owner="Browser">
<msg time="2025-07-11T14:16:53.395713" level="INFO">Types the text 'secret_sauce' in the given field.</msg>
<arg>${LOGIN_PASSWORD_INPUT}</arg>
<arg>${password}</arg>
<tag>PageContent</tag>
<tag>Setter</tag>
<doc>Types the given ``txt`` into the text field found by ``selector``.</doc>
<status status="PASS" start="2025-07-11T14:16:53.395052" elapsed="0.075727"/>
</kw>
<arg>error_user</arg>
<arg>secret_sauce</arg>
<status status="PASS" start="2025-07-11T14:16:53.363773" elapsed="0.107147"/>
</kw>
<kw name="Submit Login Form" owner="login-keywords">
<kw name="Click" owner="Browser">
<msg time="2025-07-11T14:16:53.471997" level="INFO">Clicks the element 'id=login-button'.</msg>
<arg>${LOGIN_BUTTON}</arg>
<tag>PageContent</tag>
<tag>Setter</tag>
<doc>Simulates mouse click on the element found by ``selector``.</doc>
[...]
<var>${price_str}</var>
<arg>${text}</arg>
<arg>$</arg>
<doc>Removes all ``removables`` from the given ``string``.</doc>
<status status="PASS" start="2025-07-11T14:20:35.492620" elapsed="0.000350"/>
</kw>
<kw name="Convert To Number" owner="BuiltIn">
<msg time="2025-07-11T14:20:35.493409" level="INFO">${price} = 7.99</msg>
<var>${price}</var>
<arg>${price_str}</arg>
<doc>Converts the given item to a floating point number.</doc>
<status status="PASS" start="2025-07-11T14:20:35.493127" elapsed="0.000319"/>
</kw>
<kw name="Append To List" owner="Collections">
<arg>${prices}</arg>
<arg>${price}</arg>
<doc>Adds ``values`` to the end of ``list``.</doc>
<status status="PASS" start="2025-07-11T14:20:35.493631" elapsed="0.000285"/>
</kw>
<var name="${element}">css=.inventory_item_price &gt;&gt; nth=5</var>
<status status="PASS" start="2025-07-11T14:20:35.483640" elapsed="0.010348"/>
</iter>
<var>${element}</var>
<value>@{elements}</value>
<status status="PASS" start="2025-07-11T14:20:35.425668" elapsed="0.068394"/>
</for>
<return>
<value>${prices}</value>
<status status="PASS" start="2025-07-11T14:20:35.494153" elapsed="0.000103"/>
</return>
<msg time="2025-07-11T14:20:35.494444" level="INFO">${prices} = [49.99, 29.99, 15.99, 15.99, 9.99, 7.99]</msg>
<var>${prices}</var>
<status status="PASS" start="2025-07-11T14:20:35.416966" elapsed="0.077517"/>
</kw>
<kw name="Copy List" owner="Collections">
<msg time="2025-07-11T14:20:35.494895" level="INFO">${sorted_prices} = [49.99, 29.99, 15.99, 15.99, 9.99, 7.99]</msg>
<var>${sorted_prices}</var>
<arg>${prices}</arg>
<doc>Returns a copy of the given list.</doc>
<status status="PASS" start="2025-07-11T14:20:35.494630" elapsed="0.000304"/>
</kw>
<kw name="Sort List" owner="Collections">
<arg>${sorted_prices}</arg>
<doc>Sorts the given list in place.</doc>
<status status="PASS" start="2025-07-11T14:20:35.495079" elapsed="0.000288"/>
</kw>
<if>
<branch type="IF" condition="not ${ascending}">
<kw name="Reverse List" owner="Collections">
<arg>${sorted_prices}</arg>
<doc>Reverses the given list in place.</doc>
<status status="PASS" start="2025-07-11T14:20:35.495820" elapsed="0.000227"/>
</kw>
<status status="PASS" start="2025-07-11T14:20:35.495510" elapsed="0.000619"/>
</branch>
<status status="PASS" start="2025-07-11T14:20:35.495475" elapsed="0.000720"/>
</if>
<kw name="Lists Should Be Equal" owner="Collections">
<arg>${prices}</arg>
<arg>${sorted_prices}</arg>
<doc>Fails if given lists are unequal.</doc>
<status status="PASS" start="2025-07-11T14:20:35.496342" elapsed="0.000276"/>
</kw>
<arg>ascending=${False}</arg>
<status status="PASS" start="2025-07-11T14:20:35.416062" elapsed="0.080653"/>
</kw>
<kw name="Add Product To Cart" owner="inventory-keywords">
<kw name="Set Variable" owner="BuiltIn">
<msg time="2025-07-11T14:20:35.497612" level="INFO">${button_id} = id=add-to-cart-sauce-labs-backpack</msg>
<var>${button_id}</var>
<arg>${ADD_TO_CART_PREFIX}${product_name}</arg>
<doc>Returns the given values which can then be assigned to a variables.</doc>
<status status="PASS" start="2025-07-11T14:20:35.497327" elapsed="0.000324"/>
</kw>
<kw name="Click" owner="Browser">
<msg time="2025-07-11T14:20:35.498295" level="INFO">Clicks the element 'id=add-to-cart-sauce-labs-backpack'.</msg>
<arg>${button_id}</arg>
<tag>PageContent</tag>
<tag>Setter</tag>
<doc>Simulates mouse click on the element found by ``selector``.</doc>
<status status="PASS" start="2025-07-11T14:20:35.497799" elapsed="0.026610"/>
</kw>
<kw name="Wait For Elements State" owner="Browser">
<msg time="2025-07-11T14:20:35.529206" level="INFO">Waited for Element with selector id=remove-sauce-labs-backpack at state visible</msg>
<arg>id=remove-${product_name}</arg>
<arg>visible</arg>
<tag>PageContent</tag>
<tag>Wait</tag>
<doc>Waits for the element found by ``selector`` to satisfy state option.</doc>
<status status="PASS" start="2025-07-11T14:20:35.524640" elapsed="0.004752"/>
</kw>
<arg>sauce-labs-backpack</arg>
<status status="PASS" start="2025-07-11T14:20:35.496975" elapsed="0.032559"/>
</kw>
<kw name="Verify Products Sorted By Price" owner="inventory-keywords">
<kw name="Get Product Prices" owner="inventory-keywords">
<kw name="Get Elements" owner="Browser">
<msg time="2025-07-11T14:20:35.536997" level="INFO">Found locator('.inventory_item_price').first(),locator('.inventory_item_price').nth(1),locator('.inventory_item_price').nth(2),locator('.inventory_item_price').nth(3),locator('.inventory_item_price').nth(4),locator('.inventory_item_price').nth(5) Locators successfully.</msg>
<msg time="2025-07-11T14:20:35.537268" level="INFO">${elements} = ['css=.inventory_item_price &gt;&gt; nth=0', 'css=.inventory_item_price &gt;&gt; nth=1', 'css=.inventory_item_price &gt;&gt; nth=2', 'css=.inventory_item_price &gt;&gt; nth=3', 'css=.inventory_item_price &gt;&gt; nth=4', 'css=.inv...</msg>
<var>${elements}</var>
<arg>${INVENTORY_ITEM_PRICE}</arg>
<tag>Getter</tag>
<tag>PageContent</tag>
<doc>Returns a reference to Playwright [https://playwright.dev/docs/api/class-locator|Locator]
for all matched elements by ``selector``.</doc>
<status status="PASS" start="2025-07-11T14:20:35.530868" elapsed="0.006444"/>
</kw>
<kw name="Create List" owner="BuiltIn">
<msg time="2025-07-11T14:20:35.537774" level="INFO">${prices} = []</msg>
<var>${prices}</var>
<doc>Returns a list containing given items.</doc>
<status status="PASS" start="2025-07-11T14:20:35.537517" elapsed="0.000295"/>
</kw>
<for flavor="IN">
<iter>
<kw name="Get Text" owner="Browser">
<msg time="2025-07-11T14:20:35.548597" level="INFO">Text: '$49.99'</msg>
<msg time="2025-07-11T14:20:35.548755" level="INFO">${text} = $49.99</msg>
<var>${text}</var>
<arg>${element}</arg>
<tag>Assertion</tag>
<tag>Getter</tag>
<tag>PageContent</tag>
<doc>Returns text attribute of the element found by ``selector``.</doc>
<status status="PASS" start="2025-07-11T14:20:35.538345" elapsed="0.010450"/>
</kw>
<kw name="Remove String" owner="String">
<msg time="2025-07-11T14:20:35.549321" level="INFO">${price_str} = 49.99</msg>
<var>${price_str}</var>
<arg>${text}</arg>
<arg>$</arg>
<doc>Removes all ``removables`` from the given ``string``.</doc>
<status status="PASS" start="2025-07-11T14:20:35.549004" elapsed="0.000356"/>
</kw>
<kw name="Convert To Number" owner="BuiltIn">
<msg time="2025-07-11T14:20:35.549812" level="INFO">${price} = 49.99</msg>
<var>${price}</var>
<arg>${price_str}</arg>
<doc>Converts the given item to a floating point number.</doc>
<status status="PASS" start="2025-07-11T14:20:35.549520" elapsed="0.000330"/>
</kw>
<kw name="Append To List" owner="Collections">
<arg>${prices}</arg>
<arg>${price}</arg>
<doc>Adds ``values`` to the end of ``list``.</doc>
<status status="PASS" start="2025-07-11T14:20:35.550001" elapsed="0.000252"/>
</kw>
<var name="${element}">css=.inventory_item_price &gt;&gt; nth=0</var>
<status status="PASS" start="2025-07-11T14:20:35.538156" elapsed="0.012164"/>
</iter>
<iter>
<kw name="Get Text" owner="Browser">
<msg time="2025-07-11T14:20:35.559059" level="INFO">Text: '$29.99'</msg>
<msg time="2025-07-11T14:20:35.559229" level="INFO">${text} = $29.99</msg>
<var>${text}</var>
<arg>${element}</arg>
<tag>Assertion</tag>
<tag>Getter</tag>
<tag>PageContent</tag>
<doc>Returns text attribute of the element found by ``selector``.</doc>
<status status="PASS" start="2025-07-11T14:20:35.550767" elapsed="0.008503"/>
</kw>
<kw name="Remove String" owner="String">
<msg time="2025-07-11T14:20:35.559902" level="INFO">${price_str} = 29.99</msg>
<var>${price_str}</var>
<arg>${text}</arg>
<arg>$</arg>
<doc>Removes all ``removables`` from the given ``string``.</doc>
<status status="PASS" start="2025-07-11T14:20:35.559485" elapsed="0.000457"/>
</kw>
<kw name="Convert To Number" owner="BuiltIn">
<msg time="2025-07-11T14:20:35.560404" level="INFO">${price} = 29.99</msg>
<var>${price}</var>
<arg>${price_str}</arg>
<doc>Converts the given item to a floating point number.</doc>
<status status="PASS" start="2025-07-11T14:20:35.560113" elapsed="0.000330"/>
</kw>
<kw name="Append To List" owner="Collections">
<arg>${prices}</arg>
<arg>${price}</arg>
<doc>Adds ``values`` to the end of ``list``.</doc>
<status status="PASS" start="2025-07-11T14:20:35.560589" elapsed="0.000240"/>
</kw>
<var name="${element}">css=.inventory_item_price &gt;&gt; nth=1</var>
<status status="PASS" start="2025-07-11T14:20:35.550560" elapsed="0.010334"/>
</iter>
<iter>
<kw name="Get Text" owner="Browser">
<msg time="2025-07-11T14:20:35.569410" level="INFO">Text: '$15.99'</msg>
<msg time="2025-07-11T14:20:35.569558" level="INFO">${text} = $15.99</msg>
<var>${text}</var>
<arg>${element}</arg>
<tag>Assertion</tag>
<tag>Getter</tag>
<tag>PageContent</tag>
<doc>Returns text attribute of the element found by ``selector``.</doc>
<status status="PASS" start="2025-07-11T14:20:35.561224" elapsed="0.008373"/>
</kw>
<kw name="Remove String" owner="String">
<msg time="2025-07-11T14:20:35.570134" level="INFO">${price_str} = 15.99</msg>
<var>${price_str}</var>
<arg>${text}</arg>
<arg>$</arg>
<doc>Removes all ``removables`` from the given ``string``.</doc>
<status status="PASS" start="2025-07-11T14:20:35.569798" elapsed="0.000391"/>
</kw>
<kw name="Convert To Number" owner="BuiltIn">
<msg time="2025-07-11T14:20:35.570669" level="INFO">${price} = 15.99</msg>
<var>${price}</var>
<arg>${price_str}</arg>
<doc>Converts the given item to a floating point number.</doc>
<status status="PASS" start="2025-07-11T14:20:35.570366" elapsed="0.000340"/>
</kw>
<kw name="Append To List" owner="Collections">
<arg>${prices}</arg>
<arg>${price}</arg>
<doc>Adds ``values`` to the end of ``list``.</doc>
<status status="PASS" start="2025-07-11T14:20:35.570850" elapsed="0.000239"/>
</kw>
<var name="${element}">css=.inventory_item_price &gt;&gt; nth=2</var>
<status status="PASS" start="2025-07-11T14:20:35.561050" elapsed="0.010103"/>
</iter>
<iter>
<kw name="Get Text" owner="Browser">
<msg time="2025-07-11T14:20:35.579440" level="INFO">Text: '$15.99'</msg>
<msg time="2025-07-11T14:20:35.579588" level="INFO">${text} = $15.99</msg>
<var>${text}</var>
<arg>${element}</arg>
<tag>Assertion</tag>
<tag>Getter</tag>
<tag>PageContent</tag>
<doc>Returns text attribute of the element found by ``selector``.</doc>
<status status="PASS" start="2025-07-11T14:20:35.571481" elapsed="0.008144"/>
</kw>
<kw name="Remove String" owner="String">
<msg time="2025-07-11T14:20:35.580122" level="INFO">${price_str} = 15.99</msg>
<var>${price_str}</var>
<arg>${text}</arg>
<arg>$</arg>
<doc>Removes all ``removables`` from the given ``string``.</doc>
<status status="PASS" start="2025-07-11T14:20:35.579821" elapsed="0.000338"/>
</kw>
<kw name="Convert To Number" owner="BuiltIn">
<msg time="2025-07-11T14:20:35.580586" level="INFO">${price} = 15.99</msg>
<var>${price}</var>
<arg>${price_str}</arg>
<doc>Converts the given item to a floating point number.</doc>
<status status="PASS" start="2025-07-11T14:20:35.580310" elapsed="0.000313"/>
</kw>
<kw name="Append To List" owner="Collections">
<arg>${prices}</arg>
<arg>${price}</arg>
<doc>Adds ``values`` to the end of ``list``.</doc>
<status status="PASS" start="2025-07-11T14:20:35.580772" elapsed="0.000233"/>
</kw>
<var name="${element}">css=.inventory_item_price &gt;&gt; nth=3</var>
<status status="PASS" start="2025-07-11T14:20:35.571308" elapsed="0.009759"/>
</iter>
<iter>
<kw name="Get Text" owner="Browser">
<msg time="2025-07-11T14:20:35.588792" level="INFO">Text: '$9.99'</msg>
<msg time="2025-07-11T14:20:35.588932" level="INFO">${text} = $9.99</msg>
<var>${text}</var>
<arg>${element}</arg>
<tag>Assertion</tag>
<tag>Getter</tag>
<tag>PageContent</tag>
<doc>Returns text attribute of the element found by ``selector``.</doc>
<status status="PASS" start="2025-07-11T14:20:35.581392" elapsed="0.007576"/>
</kw>
<kw name="Remove String" owner="String">
<msg time="2025-07-11T14:20:35.589430" level="INFO">${price_str} = 9.99</msg>
<var>${price_str}</var>
<arg>${text}</arg>
<arg>$</arg>
<doc>Removes all ``removables`` from the given ``string``.</doc>
<status status="PASS" start="2025-07-11T14:20:35.589149" elapsed="0.000317"/>
</kw>
<kw name="Convert To Number" owner="BuiltIn">
<msg time="2025-07-11T14:20:35.589922" level="INFO">${price} = 9.99</msg>
<var>${price}</var>
<arg>${price_str}</arg>
<doc>Converts the given item to a floating point number.</doc>
<status status="PASS" start="2025-07-11T14:20:35.589652" elapsed="0.000306"/>
</kw>
<kw name="Append To List" owner="Collections">
<arg>${prices}</arg>
<arg>${price}</arg>
<doc>Adds ``values`` to the end of ``list``.</doc>
<status status="PASS" start="2025-07-11T14:20:35.590103" elapsed="0.000226"/>
</kw>
<var name="${element}">css=.inventory_item_price &gt;&gt; nth=4</var>
<status status="PASS" start="2025-07-11T14:20:35.581217" elapsed="0.009172"/>
</iter>
<iter>
<kw name="Get Text" owner="Browser">
<msg time="2025-07-11T14:20:35.598507" level="INFO">Text: '$7.99'</msg>
<msg time="2025-07-11T14:20:35.598657" level="INFO">${text} = $7.99</msg>
<var>${text}</var>
<arg>${element}</arg>
<tag>Assertion</tag>
<tag>Getter</tag>
<tag>PageContent</tag>
<doc>Returns text attribute of the element found by ``selector``.</doc>
<status status="PASS" start="2025-07-11T14:20:35.590701" elapsed="0.007993"/>
</kw>
<kw name="Remove String" owner="String">
<msg time="2025-07-11T14:20:35.599173" level="INFO">${price_str} = 7.99</msg>
<var>${price_str}</var>
<arg>${text}</arg>
<arg>$</arg>
<doc>Removes all ``removables`` from the given ``string``.</doc>
<status status="PASS" start="2025-07-11T14:20:35.598887" elapsed="0.000322"/>
</kw>
<kw name="Convert To Number" owner="BuiltIn">
<msg time="2025-07-11T14:20:35.599632" level="INFO">${price} = 7.99</msg>
<var>${price}</var>
<arg>${price_str}</arg>
<doc>Converts the given item to a floating point number.</doc>
<status status="PASS" start="2025-07-11T14:20:35.599368" elapsed="0.000299"/>
</kw>
<kw name="Append To List" owner="Collections">
<arg>${prices}</arg>
<arg>${price}</arg>
<doc>Adds ``values`` to the end of ``list``.</doc>
<status status="PASS" start="2025-07-11T14:20:35.599796" elapsed="0.000215"/>
</kw>
<var name="${element}">css=.inventory_item_price &gt;&gt; nth=5</var>
<status status="PASS" start="2025-07-11T14:20:35.590536" elapsed="0.009533"/>
</iter>
<var>${element}</var>
<value>@{elements}</value>
<status status="PASS" start="2025-07-11T14:20:35.537897" elapsed="0.062235"/>
</for>
<return>
<value>${prices}</value>
<status status="PASS" start="2025-07-11T14:20:35.600212" elapsed="0.000089"/>
</return>
<msg time="2025-07-11T14:20:35.600468" level="INFO">${prices} = [49.99, 29.99, 15.99, 15.99, 9.99, 7.99]</msg>
<var>${prices}</var>
<status status="PASS" start="2025-07-11T14:20:35.530503" elapsed="0.069999"/>
</kw>
<kw name="Copy List" owner="Collections">
<msg time="2025-07-11T14:20:35.600864" level="INFO">${sorted_prices} = [49.99, 29.99, 15.99, 15.99, 9.99, 7.99]</msg>
<var>${sorted_prices}</var>
<arg>${prices}</arg>
<doc>Returns a copy of the given list.</doc>
<status status="PASS" start="2025-07-11T14:20:35.600628" elapsed="0.000271"/>
</kw>
<kw name="Sort List" owner="Collections">
<arg>${sorted_prices}</arg>
<doc>Sorts the given list in place.</doc>
<status status="PASS" start="2025-07-11T14:20:35.601093" elapsed="0.000200"/>
</kw>
<if>
<branch type="IF" condition="not ${ascending}">
<kw name="Reverse List" owner="Collections">
<arg>${sorted_prices}</arg>
<doc>Reverses the given list in place.</doc>
<status status="PASS" start="2025-07-11T14:20:35.601648" elapsed="0.000194"/>
</kw>
<status status="PASS" start="2025-07-11T14:20:35.601397" elapsed="0.000503"/>
</branch>
<status status="PASS" start="2025-07-11T14:20:35.601373" elapsed="0.000578"/>
</if>
<kw name="Lists Should Be Equal" owner="Collections">
<arg>${prices}</arg>
<arg>${sorted_prices}</arg>
<doc>Fails if given lists are unequal.</doc>
<status status="PASS" start="2025-07-11T14:20:35.602062" elapsed="0.000249"/>
</kw>
<arg>ascending=${False}</arg>
<status status="PASS" start="2025-07-11T14:20:35.529895" elapsed="0.072504"/>
</kw>
<kw name="Close Context" owner="Browser" type="TEARDOWN">
<msg time="2025-07-11T14:20:35.605748" level="INFO">Switching browser to CURRENT</msg>
<msg time="2025-07-11T14:20:35.607372" level="INFO">Returned active browser id. CURRENT</msg>
<msg time="2025-07-11T14:20:35.610121" level="INFO">Switching context to CURRENT in CURRENT</msg>
<msg time="2025-07-11T14:20:35.612142" level="INFO">Returned active context id: CURRENT</msg>
<msg time="2025-07-11T14:20:35.612913" level="INFO">Switching context to context=cd591d65-0bca-487a-a105-4ad8fecb1b5f in CURRENT</msg>
<msg time="2025-07-11T14:20:35.616984" level="INFO">Successfully changed active context: context=cd591d65-0bca-487a-a105-4ad8fecb1b5f</msg>
<msg time="2025-07-11T14:20:35.622335" level="INFO">Successfully closed Context</msg>
<tag>BrowserControl</tag>
<tag>Setter</tag>
<doc>Closes a Context.</doc>
<status status="PASS" start="2025-07-11T14:20:35.602647" elapsed="0.019881"/>
</kw>
<doc>Verify sort order persists after adding items to cart</doc>
<tag>inventory</tag>
<tag>positive</tag>
<tag>sort</tag>
<status status="PASS" start="2025-07-11T14:20:33.285467" elapsed="2.337219"/>
</test>
<kw name="Close Browser" owner="Browser" type="TEARDOWN">
<msg time="2025-07-11T14:20:35.657768" level="INFO">Closed all browsers</msg>
<arg>ALL</arg>
<tag>BrowserControl</tag>
<tag>Setter</tag>
<doc>Closes the current browser.</doc>
<status status="PASS" start="2025-07-11T14:20:35.626906" elapsed="0.031060"/>
</kw>
<doc>Tests for product sorting functionality</doc>
<status status="PASS" start="2025-07-11T14:20:22.872113" elapsed="12.785956"/>
</suite>
<status status="PASS" start="2025-07-11T14:19:45.053779" elapsed="50.609685"/>
</suite>
<status status="PASS" start="2025-07-11T14:16:32.285846" elapsed="243.378252"/>
</suite>
<statistics>
<total>
<stat pass="38" fail="0" skip="0">All Tests</stat>
</total>
<tag>
<stat pass="1" fail="0" skip="0">behavior</stat>
<stat pass="1" fail="0" skip="0">calculation</stat>
<stat pass="7" fail="0" skip="0">cart</stat>
<stat pass="9" fail="0" skip="0">checkout</stat>
<stat pass="4" fail="0" skip="0">details</stat>
<stat pass="1" fail="0" skip="0">error</stat>
<stat pass="2" fail="0" skip="0">error_user</stat>
<stat pass="15" fail="0" skip="0">inventory</stat>
<stat pass="9" fail="0" skip="0">login</stat>
<stat pass="2" fail="0" skip="0">navigation</stat>
<stat pass="10" fail="0" skip="0">negative</stat>
<stat pass="1" fail="0" skip="0">performance</stat>
<stat pass="21" fail="0" skip="0">positive</stat>
<stat pass="1" fail="0" skip="0">regression</stat>
<stat pass="11" fail="0" skip="0">smoke</stat>
<stat pass="7" fail="0" skip="0">sort</stat>
<stat pass="8" fail="0" skip="0">validation</stat>
<stat pass="3" fail="0" skip="0">visual</stat>
<stat pass="2" fail="0" skip="0">visual_user</stat>
</tag>
<suite>
<stat name="Ui" id="s1" pass="38" fail="0" skip="0">Ui</stat>
<stat name="Authentication" id="s1-s1" pass="13" fail="0" skip="0">Ui.Authentication</stat>
<stat name="Login-Validation" id="s1-s1-s1" pass="9" fail="0" skip="0">Ui.Authentication.Login-Validation</stat>
<stat name="Special-Users" id="s1-s1-s2" pass="4" fail="0" skip="0">Ui.Authentication.Special-Users</stat>
<stat name="Cart" id="s1-s2" pass="4" fail="0" skip="0">Ui.Cart</stat>
<stat name="Cart-Management" id="s1-s2-s1" pass="4" fail="0" skip="0">Ui.Cart.Cart-Management</stat>
<stat name="Checkout" id="s1-s3" pass="9" fail="0" skip="0">Ui.Checkout</stat>
<stat name="Checkout-Process" id="s1-s3-s1" pass="9" fail="0" skip="0">Ui.Checkout.Checkout-Process</stat>
<stat name="Inventory" id="s1-s4" pass="12" fail="0" skip="0">Ui.Inventory</stat>
<stat name="Inventory-Details" id="s1-s4-s1" pass="6" fail="0" skip="0">Ui.Inventory.Inventory-Details</stat>
<stat name="Product-Sorting" id="s1-s4-s2" pass="6" fail="0" skip="0">Ui.Inventory.Product-Sorting</stat>
</suite>
</statistics>
<errors>
</errors>
</robot>
